2025-01-20 12:04:33 [main] INFO  test.java.AmazonTest - Setting up WebDriver and Extent Reports
2025-01-20 12:09:00 [main] INFO  test.java.AmazonTest - Setting up WebDriver and Extent Reports
2025-01-20 12:11:25 [main] INFO  test.java.AmazonTest - Setting up WebDriver and Extent Reports
2025-01-20 12:11:26 [main] INFO  test.java.AmazonTest - Navigating to Amazon website
2025-01-20 12:11:28 [main] INFO  test.java.AmazonTest - Searching for 'laptop'
2025-01-20 12:11:31 [main] INFO  test.java.AmazonTest - Verifying search results
2025-01-20 12:11:31 [main] INFO  test.java.AmazonTest - Closing WebDriver and finalizing Extent Reports
2025-01-20 12:11:47 [main] INFO  test.java.AmazonTest - Setting up WebDriver and Extent Reports
2025-01-20 12:11:48 [main] INFO  test.java.AmazonTest - Navigating to Amazon website
2025-01-20 12:11:49 [main] INFO  test.java.AmazonTest - Searching for 'laptop'
2025-01-20 12:11:52 [main] INFO  test.java.AmazonTest - Verifying search results
2025-01-20 12:11:52 [main] INFO  test.java.AmazonTest - Closing WebDriver and finalizing Extent Reports
2025-01-25 14:31:31 [main] INFO  test.java.AmazonTest - Setting up WebDriver and Extent Reports
2025-01-25 14:31:32 [main] INFO  test.java.AmazonTest - Navigating to Amazon website
2025-01-25 14:31:35 [main] INFO  test.java.AmazonTest - Searching for 'laptop'
2025-01-25 14:31:37 [main] INFO  test.java.AmazonTest - Verifying search results
2025-01-25 14:31:37 [main] INFO  test.java.AmazonTest - Closing WebDriver and finalizing Extent Reports
2025-01-25 14:37:12 [main] INFO  test.AmazonTest - Setting up WebDriver and Extent Reports
2025-01-25 14:37:13 [main] INFO  test.AmazonTest - Navigating to Amazon website
2025-01-25 14:37:13 [main] INFO  test.AmazonTest - Verifying homepage title
2025-01-25 14:37:14 [main] INFO  test.AmazonTest - Searching for 'laptop'
2025-01-25 14:37:24 [main] INFO  test.AmazonTest - Applying filter for 'HP' brand
2025-01-25 14:37:29 [main] INFO  test.AmazonTest - Clicking on the first product
2025-01-25 14:37:29 [main] INFO  test.AmazonTest - Closing WebDriver and finalizing Extent Reports
2025-01-25 14:50:38 [main] INFO  test.AmazonTest - Setting up WebDriver and Extent Reports
2025-01-25 14:50:39 [main] INFO  test.AmazonTest - Navigating to Amazon website
2025-01-25 14:50:41 [main] INFO  test.AmazonTest - Verifying homepage title
2025-01-25 14:50:41 [main] INFO  test.AmazonTest - Searching for 'laptop'
2025-01-25 14:50:51 [main] INFO  test.AmazonTest - Applying filter for 'HP' brand
2025-01-25 14:51:01 [main] INFO  test.AmazonTest - Clicking on the first product
2025-01-25 14:51:11 [main] INFO  test.AmazonTest - Closing WebDriver and finalizing Extent Reports
2025-01-25 15:11:28 [main] INFO  test.java.AmazonTest - Setting up WebDriver and Extent Reports
2025-01-25 15:11:30 [main] INFO  test.java.AmazonTest - Navigating to Amazon website
2025-01-25 15:11:32 [main] INFO  test.java.AmazonTest - Verifying homepage title
2025-01-25 15:11:32 [main] INFO  test.java.AmazonTest - Searching for 'laptop'
2025-01-25 15:11:35 [main] INFO  test.java.AmazonTest - Verifying search results
2025-01-25 15:11:35 [main] INFO  test.java.AmazonTest - Applying filter for 'HP' brand
2025-01-25 15:11:36 [main] INFO  test.java.AmazonTest - Verifying filtered results contain 'HP'
2025-01-25 15:11:36 [main] INFO  test.java.AmazonTest - Clicking on the first product
2025-01-25 15:11:40 [main] INFO  test.java.AmazonTest - Verifying product page title
2025-01-25 15:11:40 [main] INFO  test.java.AmazonTest - Closing WebDriver and finalizing Extent Reports
2025-01-25 15:14:12 [main] INFO  test.AmazonTest - Setting up WebDriver and Extent Reports
2025-01-25 15:14:13 [main] INFO  test.AmazonTest - Navigating to Amazon website
2025-01-25 15:14:15 [main] INFO  test.AmazonTest - Verifying homepage title
2025-01-25 15:14:15 [main] INFO  test.AmazonTest - Searching for 'laptop'
2025-01-25 15:14:25 [main] INFO  test.AmazonTest - Applying filter for 'HP' brand
2025-01-25 15:14:25 [main] INFO  test.AmazonTest - Clicking on the first product
2025-01-25 15:14:25 [main] INFO  test.AmazonTest - Closing WebDriver and finalizing Extent Reports
2025-01-25 15:14:35 [main] INFO  test.java.AmazonTest - Setting up WebDriver and Extent Reports
2025-01-25 15:14:36 [main] INFO  test.java.AmazonTest - Navigating to Amazon website
2025-01-25 15:14:38 [main] INFO  test.java.AmazonTest - Verifying homepage title
2025-01-25 15:14:38 [main] INFO  test.java.AmazonTest - Searching for 'laptop'
2025-01-25 15:14:40 [main] INFO  test.java.AmazonTest - Verifying search results
2025-01-25 15:14:40 [main] INFO  test.java.AmazonTest - Applying filter for 'HP' brand
2025-01-25 15:14:42 [main] INFO  test.java.AmazonTest - Verifying filtered results contain 'HP'
2025-01-25 15:14:42 [main] INFO  test.java.AmazonTest - Clicking on the first product
2025-01-25 15:14:45 [main] INFO  test.java.AmazonTest - Verifying product page title
2025-01-25 15:14:45 [main] INFO  test.java.AmazonTest - Closing WebDriver and finalizing Extent Reports
2025-01-25 15:25:37 [main] INFO  test.java.AmazonTest - Setting up WebDriver and Extent Reports
2025-01-25 15:25:38 [main] INFO  test.java.AmazonTest - Navigating to Amazon website
2025-01-25 15:25:40 [main] INFO  test.java.AmazonTest - Verifying homepage title
2025-01-25 15:25:41 [main] INFO  test.java.AmazonTest - Searching for 'laptop'
2025-01-25 15:25:44 [main] INFO  test.java.AmazonTest - Verifying search results
2025-01-25 15:25:44 [main] INFO  test.java.AmazonTest - Applying filter for 'HP' brand
2025-01-25 15:25:49 [main] INFO  test.java.AmazonTest - Verifying filtered results contain 'HP'
2025-01-25 15:25:49 [main] INFO  test.java.AmazonTest - Clicking on the first product
2025-01-25 15:25:53 [main] INFO  test.java.AmazonTest - Verifying product page title
2025-01-25 15:25:53 [main] INFO  test.java.AmazonTest - Closing WebDriver and finalizing Extent Reports
2025-01-25 15:29:32 [main] INFO  test.AmazonTest - Setting up WebDriver and Extent Reports
2025-01-25 15:29:34 [main] INFO  test.AmazonTest - Navigating to Amazon website
2025-01-25 15:29:36 [main] INFO  test.AmazonTest - Verifying homepage title
2025-01-25 15:29:36 [main] INFO  test.AmazonTest - Searching for 'laptop'
2025-01-25 15:29:40 [main] INFO  test.AmazonTest - Verifying search results
2025-01-25 15:29:40 [main] INFO  test.AmazonTest - Applying filter for 'HP' brand
2025-01-25 15:29:42 [main] INFO  test.AmazonTest - Verifying filtered results contain 'HP'
2025-01-25 15:29:42 [main] INFO  test.AmazonTest - Clicking on the first product
2025-01-25 15:29:43 [main] INFO  test.AmazonTest - Closing WebDriver and finalizing Extent Reports
2025-01-25 15:30:04 [main] INFO  test.java.AmazonTest - Setting up WebDriver and Extent Reports
2025-01-25 15:30:05 [main] INFO  test.java.AmazonTest - Navigating to Amazon website
2025-01-25 15:30:07 [main] INFO  test.java.AmazonTest - Verifying homepage title
2025-01-25 15:30:08 [main] INFO  test.java.AmazonTest - Searching for 'laptop'
2025-01-25 15:30:10 [main] INFO  test.java.AmazonTest - Verifying search results
2025-01-25 15:30:11 [main] INFO  test.java.AmazonTest - Applying filter for 'HP' brand
2025-01-25 15:30:13 [main] INFO  test.java.AmazonTest - Verifying filtered results contain 'HP'
2025-01-25 15:30:13 [main] INFO  test.java.AmazonTest - Clicking on the first product
2025-01-25 15:30:18 [main] INFO  test.java.AmazonTest - Verifying product page title
2025-01-25 15:30:19 [main] INFO  test.java.AmazonTest - Closing WebDriver and finalizing Extent Reports
2025-01-25 15:31:55 [main] INFO  test.java.AmazonTest - Setting up WebDriver and Extent Reports
2025-01-25 15:31:56 [main] INFO  test.java.AmazonTest - Navigating to Amazon website
2025-01-25 15:31:59 [main] ERROR test.java.AmazonTest - Failed to take screenshot for step: HomePage
java.io.FileNotFoundException: screenshots/HomePage.png (No such file or directory)
	at java.io.FileOutputStream.open0(Native Method) ~[?:?]
	at java.io.FileOutputStream.open(FileOutputStream.java:289) ~[?:?]
	at java.io.FileOutputStream.<init>(FileOutputStream.java:230) ~[?:?]
	at java.io.FileOutputStream.<init>(FileOutputStream.java:179) ~[?:?]
	at org.openqa.selenium.io.FileHandler.copyFile(FileHandler.java:131) ~[selenium-os-4.12.0.jar:?]
	at org.openqa.selenium.io.FileHandler.copy(FileHandler.java:110) ~[selenium-os-4.12.0.jar:?]
	at test.java.AmazonTest.takeScreenshot(AmazonTest.java:134) ~[test-classes/:?]
	at test.java.AmazonTest.verifyHomePageTitle(AmazonTest.java:45) ~[test-classes/:?]
	at jdk.internal.reflect.DirectMethodHandleAccessor.invoke(DirectMethodHandleAccessor.java:103) ~[?:?]
	at java.lang.reflect.Method.invoke(Method.java:580) ~[?:?]
	at org.testng.internal.invokers.MethodInvocationHelper.invokeMethod(MethodInvocationHelper.java:139) ~[testng-7.8.0.jar:7.8.0]
	at org.testng.internal.invokers.TestInvoker.invokeMethod(TestInvoker.java:664) ~[testng-7.8.0.jar:7.8.0]
	at org.testng.internal.invokers.TestInvoker.invokeTestMethod(TestInvoker.java:227) ~[testng-7.8.0.jar:7.8.0]
	at org.testng.internal.invokers.MethodRunner.runInSequence(MethodRunner.java:50) ~[testng-7.8.0.jar:7.8.0]
	at org.testng.internal.invokers.TestInvoker$MethodInvocationAgent.invoke(TestInvoker.java:957) ~[testng-7.8.0.jar:7.8.0]
	at org.testng.internal.invokers.TestInvoker.invokeTestMethods(TestInvoker.java:200) ~[testng-7.8.0.jar:7.8.0]
	at org.testng.internal.invokers.TestMethodWorker.invokeTestMethods(TestMethodWorker.java:148) ~[testng-7.8.0.jar:7.8.0]
	at org.testng.internal.invokers.TestMethodWorker.run(TestMethodWorker.java:128) ~[testng-7.8.0.jar:7.8.0]
	at java.util.ArrayList.forEach(ArrayList.java:1596) [?:?]
	at org.testng.TestRunner.privateRun(TestRunner.java:848) [testng-7.8.0.jar:7.8.0]
	at org.testng.TestRunner.run(TestRunner.java:621) [testng-7.8.0.jar:7.8.0]
	at org.testng.SuiteRunner.runTest(SuiteRunner.java:443) [testng-7.8.0.jar:7.8.0]
	at org.testng.SuiteRunner.runSequentially(SuiteRunner.java:437) [testng-7.8.0.jar:7.8.0]
	at org.testng.SuiteRunner.privateRun(SuiteRunner.java:397) [testng-7.8.0.jar:7.8.0]
	at org.testng.SuiteRunner.run(SuiteRunner.java:336) [testng-7.8.0.jar:7.8.0]
	at org.testng.SuiteRunnerWorker.runSuite(SuiteRunnerWorker.java:52) [testng-7.8.0.jar:7.8.0]
	at org.testng.SuiteRunnerWorker.run(SuiteRunnerWorker.java:95) [testng-7.8.0.jar:7.8.0]
	at org.testng.TestNG.runSuitesSequentially(TestNG.java:1280) [testng-7.8.0.jar:7.8.0]
	at org.testng.TestNG.runSuitesLocally(TestNG.java:1200) [testng-7.8.0.jar:7.8.0]
	at org.testng.TestNG.runSuites(TestNG.java:1114) [testng-7.8.0.jar:7.8.0]
	at org.testng.TestNG.run(TestNG.java:1082) [testng-7.8.0.jar:7.8.0]
	at com.microsoft.java.test.runner.testng.TestNGRunner.run(TestNGRunner.java:45) [com.microsoft.java.test.runner-jar-with-dependencies.jar:?]
	at com.microsoft.java.test.runner.testng.TestNGLauncher.execute(TestNGLauncher.java:32) [com.microsoft.java.test.runner-jar-with-dependencies.jar:?]
	at com.microsoft.java.test.runner.Launcher.main(Launcher.java:57) [com.microsoft.java.test.runner-jar-with-dependencies.jar:?]
2025-01-25 15:31:59 [main] INFO  test.java.AmazonTest - Verifying homepage title
2025-01-25 15:32:00 [main] ERROR test.java.AmazonTest - Failed to take screenshot for step: HomePageTitleVerified
java.io.FileNotFoundException: screenshots/HomePageTitleVerified.png (No such file or directory)
	at java.io.FileOutputStream.open0(Native Method) ~[?:?]
	at java.io.FileOutputStream.open(FileOutputStream.java:289) ~[?:?]
	at java.io.FileOutputStream.<init>(FileOutputStream.java:230) ~[?:?]
	at java.io.FileOutputStream.<init>(FileOutputStream.java:179) ~[?:?]
	at org.openqa.selenium.io.FileHandler.copyFile(FileHandler.java:131) ~[selenium-os-4.12.0.jar:?]
	at org.openqa.selenium.io.FileHandler.copy(FileHandler.java:110) ~[selenium-os-4.12.0.jar:?]
	at test.java.AmazonTest.takeScreenshot(AmazonTest.java:134) ~[test-classes/:?]
	at test.java.AmazonTest.verifyHomePageTitle(AmazonTest.java:50) ~[test-classes/:?]
	at jdk.internal.reflect.DirectMethodHandleAccessor.invoke(DirectMethodHandleAccessor.java:103) ~[?:?]
	at java.lang.reflect.Method.invoke(Method.java:580) ~[?:?]
	at org.testng.internal.invokers.MethodInvocationHelper.invokeMethod(MethodInvocationHelper.java:139) ~[testng-7.8.0.jar:7.8.0]
	at org.testng.internal.invokers.TestInvoker.invokeMethod(TestInvoker.java:664) ~[testng-7.8.0.jar:7.8.0]
	at org.testng.internal.invokers.TestInvoker.invokeTestMethod(TestInvoker.java:227) ~[testng-7.8.0.jar:7.8.0]
	at org.testng.internal.invokers.MethodRunner.runInSequence(MethodRunner.java:50) ~[testng-7.8.0.jar:7.8.0]
	at org.testng.internal.invokers.TestInvoker$MethodInvocationAgent.invoke(TestInvoker.java:957) ~[testng-7.8.0.jar:7.8.0]
	at org.testng.internal.invokers.TestInvoker.invokeTestMethods(TestInvoker.java:200) ~[testng-7.8.0.jar:7.8.0]
	at org.testng.internal.invokers.TestMethodWorker.invokeTestMethods(TestMethodWorker.java:148) ~[testng-7.8.0.jar:7.8.0]
	at org.testng.internal.invokers.TestMethodWorker.run(TestMethodWorker.java:128) ~[testng-7.8.0.jar:7.8.0]
	at java.util.ArrayList.forEach(ArrayList.java:1596) [?:?]
	at org.testng.TestRunner.privateRun(TestRunner.java:848) [testng-7.8.0.jar:7.8.0]
	at org.testng.TestRunner.run(TestRunner.java:621) [testng-7.8.0.jar:7.8.0]
	at org.testng.SuiteRunner.runTest(SuiteRunner.java:443) [testng-7.8.0.jar:7.8.0]
	at org.testng.SuiteRunner.runSequentially(SuiteRunner.java:437) [testng-7.8.0.jar:7.8.0]
	at org.testng.SuiteRunner.privateRun(SuiteRunner.java:397) [testng-7.8.0.jar:7.8.0]
	at org.testng.SuiteRunner.run(SuiteRunner.java:336) [testng-7.8.0.jar:7.8.0]
	at org.testng.SuiteRunnerWorker.runSuite(SuiteRunnerWorker.java:52) [testng-7.8.0.jar:7.8.0]
	at org.testng.SuiteRunnerWorker.run(SuiteRunnerWorker.java:95) [testng-7.8.0.jar:7.8.0]
	at org.testng.TestNG.runSuitesSequentially(TestNG.java:1280) [testng-7.8.0.jar:7.8.0]
	at org.testng.TestNG.runSuitesLocally(TestNG.java:1200) [testng-7.8.0.jar:7.8.0]
	at org.testng.TestNG.runSuites(TestNG.java:1114) [testng-7.8.0.jar:7.8.0]
	at org.testng.TestNG.run(TestNG.java:1082) [testng-7.8.0.jar:7.8.0]
	at com.microsoft.java.test.runner.testng.TestNGRunner.run(TestNGRunner.java:45) [com.microsoft.java.test.runner-jar-with-dependencies.jar:?]
	at com.microsoft.java.test.runner.testng.TestNGLauncher.execute(TestNGLauncher.java:32) [com.microsoft.java.test.runner-jar-with-dependencies.jar:?]
	at com.microsoft.java.test.runner.Launcher.main(Launcher.java:57) [com.microsoft.java.test.runner-jar-with-dependencies.jar:?]
2025-01-25 15:32:00 [main] INFO  test.java.AmazonTest - Searching for 'laptop'
2025-01-25 15:32:00 [main] ERROR test.java.AmazonTest - Failed to take screenshot for step: SearchBoxLocated
java.io.FileNotFoundException: screenshots/SearchBoxLocated.png (No such file or directory)
	at java.io.FileOutputStream.open0(Native Method) ~[?:?]
	at java.io.FileOutputStream.open(FileOutputStream.java:289) ~[?:?]
	at java.io.FileOutputStream.<init>(FileOutputStream.java:230) ~[?:?]
	at java.io.FileOutputStream.<init>(FileOutputStream.java:179) ~[?:?]
	at org.openqa.selenium.io.FileHandler.copyFile(FileHandler.java:131) ~[selenium-os-4.12.0.jar:?]
	at org.openqa.selenium.io.FileHandler.copy(FileHandler.java:110) ~[selenium-os-4.12.0.jar:?]
	at test.java.AmazonTest.takeScreenshot(AmazonTest.java:134) ~[test-classes/:?]
	at test.java.AmazonTest.searchTest(AmazonTest.java:59) ~[test-classes/:?]
	at jdk.internal.reflect.DirectMethodHandleAccessor.invoke(DirectMethodHandleAccessor.java:103) ~[?:?]
	at java.lang.reflect.Method.invoke(Method.java:580) ~[?:?]
	at org.testng.internal.invokers.MethodInvocationHelper.invokeMethod(MethodInvocationHelper.java:139) ~[testng-7.8.0.jar:7.8.0]
	at org.testng.internal.invokers.TestInvoker.invokeMethod(TestInvoker.java:664) ~[testng-7.8.0.jar:7.8.0]
	at org.testng.internal.invokers.TestInvoker.invokeTestMethod(TestInvoker.java:227) ~[testng-7.8.0.jar:7.8.0]
	at org.testng.internal.invokers.MethodRunner.runInSequence(MethodRunner.java:50) ~[testng-7.8.0.jar:7.8.0]
	at org.testng.internal.invokers.TestInvoker$MethodInvocationAgent.invoke(TestInvoker.java:957) ~[testng-7.8.0.jar:7.8.0]
	at org.testng.internal.invokers.TestInvoker.invokeTestMethods(TestInvoker.java:200) ~[testng-7.8.0.jar:7.8.0]
	at org.testng.internal.invokers.TestMethodWorker.invokeTestMethods(TestMethodWorker.java:148) ~[testng-7.8.0.jar:7.8.0]
	at org.testng.internal.invokers.TestMethodWorker.run(TestMethodWorker.java:128) ~[testng-7.8.0.jar:7.8.0]
	at java.util.ArrayList.forEach(ArrayList.java:1596) [?:?]
	at org.testng.TestRunner.privateRun(TestRunner.java:848) [testng-7.8.0.jar:7.8.0]
	at org.testng.TestRunner.run(TestRunner.java:621) [testng-7.8.0.jar:7.8.0]
	at org.testng.SuiteRunner.runTest(SuiteRunner.java:443) [testng-7.8.0.jar:7.8.0]
	at org.testng.SuiteRunner.runSequentially(SuiteRunner.java:437) [testng-7.8.0.jar:7.8.0]
	at org.testng.SuiteRunner.privateRun(SuiteRunner.java:397) [testng-7.8.0.jar:7.8.0]
	at org.testng.SuiteRunner.run(SuiteRunner.java:336) [testng-7.8.0.jar:7.8.0]
	at org.testng.SuiteRunnerWorker.runSuite(SuiteRunnerWorker.java:52) [testng-7.8.0.jar:7.8.0]
	at org.testng.SuiteRunnerWorker.run(SuiteRunnerWorker.java:95) [testng-7.8.0.jar:7.8.0]
	at org.testng.TestNG.runSuitesSequentially(TestNG.java:1280) [testng-7.8.0.jar:7.8.0]
	at org.testng.TestNG.runSuitesLocally(TestNG.java:1200) [testng-7.8.0.jar:7.8.0]
	at org.testng.TestNG.runSuites(TestNG.java:1114) [testng-7.8.0.jar:7.8.0]
	at org.testng.TestNG.run(TestNG.java:1082) [testng-7.8.0.jar:7.8.0]
	at com.microsoft.java.test.runner.testng.TestNGRunner.run(TestNGRunner.java:45) [com.microsoft.java.test.runner-jar-with-dependencies.jar:?]
	at com.microsoft.java.test.runner.testng.TestNGLauncher.execute(TestNGLauncher.java:32) [com.microsoft.java.test.runner-jar-with-dependencies.jar:?]
	at com.microsoft.java.test.runner.Launcher.main(Launcher.java:57) [com.microsoft.java.test.runner-jar-with-dependencies.jar:?]
2025-01-25 15:32:01 [main] ERROR test.java.AmazonTest - Failed to take screenshot for step: SearchKeywordEntered
java.io.FileNotFoundException: screenshots/SearchKeywordEntered.png (No such file or directory)
	at java.io.FileOutputStream.open0(Native Method) ~[?:?]
	at java.io.FileOutputStream.open(FileOutputStream.java:289) ~[?:?]
	at java.io.FileOutputStream.<init>(FileOutputStream.java:230) ~[?:?]
	at java.io.FileOutputStream.<init>(FileOutputStream.java:179) ~[?:?]
	at org.openqa.selenium.io.FileHandler.copyFile(FileHandler.java:131) ~[selenium-os-4.12.0.jar:?]
	at org.openqa.selenium.io.FileHandler.copy(FileHandler.java:110) ~[selenium-os-4.12.0.jar:?]
	at test.java.AmazonTest.takeScreenshot(AmazonTest.java:134) ~[test-classes/:?]
	at test.java.AmazonTest.searchTest(AmazonTest.java:62) ~[test-classes/:?]
	at jdk.internal.reflect.DirectMethodHandleAccessor.invoke(DirectMethodHandleAccessor.java:103) ~[?:?]
	at java.lang.reflect.Method.invoke(Method.java:580) ~[?:?]
	at org.testng.internal.invokers.MethodInvocationHelper.invokeMethod(MethodInvocationHelper.java:139) ~[testng-7.8.0.jar:7.8.0]
	at org.testng.internal.invokers.TestInvoker.invokeMethod(TestInvoker.java:664) ~[testng-7.8.0.jar:7.8.0]
	at org.testng.internal.invokers.TestInvoker.invokeTestMethod(TestInvoker.java:227) ~[testng-7.8.0.jar:7.8.0]
	at org.testng.internal.invokers.MethodRunner.runInSequence(MethodRunner.java:50) ~[testng-7.8.0.jar:7.8.0]
	at org.testng.internal.invokers.TestInvoker$MethodInvocationAgent.invoke(TestInvoker.java:957) ~[testng-7.8.0.jar:7.8.0]
	at org.testng.internal.invokers.TestInvoker.invokeTestMethods(TestInvoker.java:200) ~[testng-7.8.0.jar:7.8.0]
	at org.testng.internal.invokers.TestMethodWorker.invokeTestMethods(TestMethodWorker.java:148) ~[testng-7.8.0.jar:7.8.0]
	at org.testng.internal.invokers.TestMethodWorker.run(TestMethodWorker.java:128) ~[testng-7.8.0.jar:7.8.0]
	at java.util.ArrayList.forEach(ArrayList.java:1596) [?:?]
	at org.testng.TestRunner.privateRun(TestRunner.java:848) [testng-7.8.0.jar:7.8.0]
	at org.testng.TestRunner.run(TestRunner.java:621) [testng-7.8.0.jar:7.8.0]
	at org.testng.SuiteRunner.runTest(SuiteRunner.java:443) [testng-7.8.0.jar:7.8.0]
	at org.testng.SuiteRunner.runSequentially(SuiteRunner.java:437) [testng-7.8.0.jar:7.8.0]
	at org.testng.SuiteRunner.privateRun(SuiteRunner.java:397) [testng-7.8.0.jar:7.8.0]
	at org.testng.SuiteRunner.run(SuiteRunner.java:336) [testng-7.8.0.jar:7.8.0]
	at org.testng.SuiteRunnerWorker.runSuite(SuiteRunnerWorker.java:52) [testng-7.8.0.jar:7.8.0]
	at org.testng.SuiteRunnerWorker.run(SuiteRunnerWorker.java:95) [testng-7.8.0.jar:7.8.0]
	at org.testng.TestNG.runSuitesSequentially(TestNG.java:1280) [testng-7.8.0.jar:7.8.0]
	at org.testng.TestNG.runSuitesLocally(TestNG.java:1200) [testng-7.8.0.jar:7.8.0]
	at org.testng.TestNG.runSuites(TestNG.java:1114) [testng-7.8.0.jar:7.8.0]
	at org.testng.TestNG.run(TestNG.java:1082) [testng-7.8.0.jar:7.8.0]
	at com.microsoft.java.test.runner.testng.TestNGRunner.run(TestNGRunner.java:45) [com.microsoft.java.test.runner-jar-with-dependencies.jar:?]
	at com.microsoft.java.test.runner.testng.TestNGLauncher.execute(TestNGLauncher.java:32) [com.microsoft.java.test.runner-jar-with-dependencies.jar:?]
	at com.microsoft.java.test.runner.Launcher.main(Launcher.java:57) [com.microsoft.java.test.runner-jar-with-dependencies.jar:?]
2025-01-25 15:32:04 [main] ERROR test.java.AmazonTest - Failed to take screenshot for step: SearchResultsLoaded
java.io.FileNotFoundException: screenshots/SearchResultsLoaded.png (No such file or directory)
	at java.io.FileOutputStream.open0(Native Method) ~[?:?]
	at java.io.FileOutputStream.open(FileOutputStream.java:289) ~[?:?]
	at java.io.FileOutputStream.<init>(FileOutputStream.java:230) ~[?:?]
	at java.io.FileOutputStream.<init>(FileOutputStream.java:179) ~[?:?]
	at org.openqa.selenium.io.FileHandler.copyFile(FileHandler.java:131) ~[selenium-os-4.12.0.jar:?]
	at org.openqa.selenium.io.FileHandler.copy(FileHandler.java:110) ~[selenium-os-4.12.0.jar:?]
	at test.java.AmazonTest.takeScreenshot(AmazonTest.java:134) ~[test-classes/:?]
	at test.java.AmazonTest.searchTest(AmazonTest.java:66) ~[test-classes/:?]
	at jdk.internal.reflect.DirectMethodHandleAccessor.invoke(DirectMethodHandleAccessor.java:103) ~[?:?]
	at java.lang.reflect.Method.invoke(Method.java:580) ~[?:?]
	at org.testng.internal.invokers.MethodInvocationHelper.invokeMethod(MethodInvocationHelper.java:139) ~[testng-7.8.0.jar:7.8.0]
	at org.testng.internal.invokers.TestInvoker.invokeMethod(TestInvoker.java:664) ~[testng-7.8.0.jar:7.8.0]
	at org.testng.internal.invokers.TestInvoker.invokeTestMethod(TestInvoker.java:227) ~[testng-7.8.0.jar:7.8.0]
	at org.testng.internal.invokers.MethodRunner.runInSequence(MethodRunner.java:50) ~[testng-7.8.0.jar:7.8.0]
	at org.testng.internal.invokers.TestInvoker$MethodInvocationAgent.invoke(TestInvoker.java:957) ~[testng-7.8.0.jar:7.8.0]
	at org.testng.internal.invokers.TestInvoker.invokeTestMethods(TestInvoker.java:200) ~[testng-7.8.0.jar:7.8.0]
	at org.testng.internal.invokers.TestMethodWorker.invokeTestMethods(TestMethodWorker.java:148) ~[testng-7.8.0.jar:7.8.0]
	at org.testng.internal.invokers.TestMethodWorker.run(TestMethodWorker.java:128) ~[testng-7.8.0.jar:7.8.0]
	at java.util.ArrayList.forEach(ArrayList.java:1596) [?:?]
	at org.testng.TestRunner.privateRun(TestRunner.java:848) [testng-7.8.0.jar:7.8.0]
	at org.testng.TestRunner.run(TestRunner.java:621) [testng-7.8.0.jar:7.8.0]
	at org.testng.SuiteRunner.runTest(SuiteRunner.java:443) [testng-7.8.0.jar:7.8.0]
	at org.testng.SuiteRunner.runSequentially(SuiteRunner.java:437) [testng-7.8.0.jar:7.8.0]
	at org.testng.SuiteRunner.privateRun(SuiteRunner.java:397) [testng-7.8.0.jar:7.8.0]
	at org.testng.SuiteRunner.run(SuiteRunner.java:336) [testng-7.8.0.jar:7.8.0]
	at org.testng.SuiteRunnerWorker.runSuite(SuiteRunnerWorker.java:52) [testng-7.8.0.jar:7.8.0]
	at org.testng.SuiteRunnerWorker.run(SuiteRunnerWorker.java:95) [testng-7.8.0.jar:7.8.0]
	at org.testng.TestNG.runSuitesSequentially(TestNG.java:1280) [testng-7.8.0.jar:7.8.0]
	at org.testng.TestNG.runSuitesLocally(TestNG.java:1200) [testng-7.8.0.jar:7.8.0]
	at org.testng.TestNG.runSuites(TestNG.java:1114) [testng-7.8.0.jar:7.8.0]
	at org.testng.TestNG.run(TestNG.java:1082) [testng-7.8.0.jar:7.8.0]
	at com.microsoft.java.test.runner.testng.TestNGRunner.run(TestNGRunner.java:45) [com.microsoft.java.test.runner-jar-with-dependencies.jar:?]
	at com.microsoft.java.test.runner.testng.TestNGLauncher.execute(TestNGLauncher.java:32) [com.microsoft.java.test.runner-jar-with-dependencies.jar:?]
	at com.microsoft.java.test.runner.Launcher.main(Launcher.java:57) [com.microsoft.java.test.runner-jar-with-dependencies.jar:?]
2025-01-25 15:32:04 [main] INFO  test.java.AmazonTest - Verifying search results
2025-01-25 15:32:04 [main] ERROR test.java.AmazonTest - Failed to take screenshot for step: SearchResultsVerified
java.io.FileNotFoundException: screenshots/SearchResultsVerified.png (No such file or directory)
	at java.io.FileOutputStream.open0(Native Method) ~[?:?]
	at java.io.FileOutputStream.open(FileOutputStream.java:289) ~[?:?]
	at java.io.FileOutputStream.<init>(FileOutputStream.java:230) ~[?:?]
	at java.io.FileOutputStream.<init>(FileOutputStream.java:179) ~[?:?]
	at org.openqa.selenium.io.FileHandler.copyFile(FileHandler.java:131) ~[selenium-os-4.12.0.jar:?]
	at org.openqa.selenium.io.FileHandler.copy(FileHandler.java:110) ~[selenium-os-4.12.0.jar:?]
	at test.java.AmazonTest.takeScreenshot(AmazonTest.java:134) ~[test-classes/:?]
	at test.java.AmazonTest.searchTest(AmazonTest.java:71) ~[test-classes/:?]
	at jdk.internal.reflect.DirectMethodHandleAccessor.invoke(DirectMethodHandleAccessor.java:103) ~[?:?]
	at java.lang.reflect.Method.invoke(Method.java:580) ~[?:?]
	at org.testng.internal.invokers.MethodInvocationHelper.invokeMethod(MethodInvocationHelper.java:139) ~[testng-7.8.0.jar:7.8.0]
	at org.testng.internal.invokers.TestInvoker.invokeMethod(TestInvoker.java:664) ~[testng-7.8.0.jar:7.8.0]
	at org.testng.internal.invokers.TestInvoker.invokeTestMethod(TestInvoker.java:227) ~[testng-7.8.0.jar:7.8.0]
	at org.testng.internal.invokers.MethodRunner.runInSequence(MethodRunner.java:50) ~[testng-7.8.0.jar:7.8.0]
	at org.testng.internal.invokers.TestInvoker$MethodInvocationAgent.invoke(TestInvoker.java:957) ~[testng-7.8.0.jar:7.8.0]
	at org.testng.internal.invokers.TestInvoker.invokeTestMethods(TestInvoker.java:200) ~[testng-7.8.0.jar:7.8.0]
	at org.testng.internal.invokers.TestMethodWorker.invokeTestMethods(TestMethodWorker.java:148) ~[testng-7.8.0.jar:7.8.0]
	at org.testng.internal.invokers.TestMethodWorker.run(TestMethodWorker.java:128) ~[testng-7.8.0.jar:7.8.0]
	at java.util.ArrayList.forEach(ArrayList.java:1596) [?:?]
	at org.testng.TestRunner.privateRun(TestRunner.java:848) [testng-7.8.0.jar:7.8.0]
	at org.testng.TestRunner.run(TestRunner.java:621) [testng-7.8.0.jar:7.8.0]
	at org.testng.SuiteRunner.runTest(SuiteRunner.java:443) [testng-7.8.0.jar:7.8.0]
	at org.testng.SuiteRunner.runSequentially(SuiteRunner.java:437) [testng-7.8.0.jar:7.8.0]
	at org.testng.SuiteRunner.privateRun(SuiteRunner.java:397) [testng-7.8.0.jar:7.8.0]
	at org.testng.SuiteRunner.run(SuiteRunner.java:336) [testng-7.8.0.jar:7.8.0]
	at org.testng.SuiteRunnerWorker.runSuite(SuiteRunnerWorker.java:52) [testng-7.8.0.jar:7.8.0]
	at org.testng.SuiteRunnerWorker.run(SuiteRunnerWorker.java:95) [testng-7.8.0.jar:7.8.0]
	at org.testng.TestNG.runSuitesSequentially(TestNG.java:1280) [testng-7.8.0.jar:7.8.0]
	at org.testng.TestNG.runSuitesLocally(TestNG.java:1200) [testng-7.8.0.jar:7.8.0]
	at org.testng.TestNG.runSuites(TestNG.java:1114) [testng-7.8.0.jar:7.8.0]
	at org.testng.TestNG.run(TestNG.java:1082) [testng-7.8.0.jar:7.8.0]
	at com.microsoft.java.test.runner.testng.TestNGRunner.run(TestNGRunner.java:45) [com.microsoft.java.test.runner-jar-with-dependencies.jar:?]
	at com.microsoft.java.test.runner.testng.TestNGLauncher.execute(TestNGLauncher.java:32) [com.microsoft.java.test.runner-jar-with-dependencies.jar:?]
	at com.microsoft.java.test.runner.Launcher.main(Launcher.java:57) [com.microsoft.java.test.runner-jar-with-dependencies.jar:?]
2025-01-25 15:32:04 [main] INFO  test.java.AmazonTest - Applying filter for 'HP' brand
2025-01-25 15:32:04 [main] ERROR test.java.AmazonTest - Failed to take screenshot for step: HPFilterLocated
java.io.FileNotFoundException: screenshots/HPFilterLocated.png (No such file or directory)
	at java.io.FileOutputStream.open0(Native Method) ~[?:?]
	at java.io.FileOutputStream.open(FileOutputStream.java:289) ~[?:?]
	at java.io.FileOutputStream.<init>(FileOutputStream.java:230) ~[?:?]
	at java.io.FileOutputStream.<init>(FileOutputStream.java:179) ~[?:?]
	at org.openqa.selenium.io.FileHandler.copyFile(FileHandler.java:131) ~[selenium-os-4.12.0.jar:?]
	at org.openqa.selenium.io.FileHandler.copy(FileHandler.java:110) ~[selenium-os-4.12.0.jar:?]
	at test.java.AmazonTest.takeScreenshot(AmazonTest.java:134) ~[test-classes/:?]
	at test.java.AmazonTest.filterResultsByBrand(AmazonTest.java:81) ~[test-classes/:?]
	at jdk.internal.reflect.DirectMethodHandleAccessor.invoke(DirectMethodHandleAccessor.java:103) ~[?:?]
	at java.lang.reflect.Method.invoke(Method.java:580) ~[?:?]
	at org.testng.internal.invokers.MethodInvocationHelper.invokeMethod(MethodInvocationHelper.java:139) ~[testng-7.8.0.jar:7.8.0]
	at org.testng.internal.invokers.TestInvoker.invokeMethod(TestInvoker.java:664) ~[testng-7.8.0.jar:7.8.0]
	at org.testng.internal.invokers.TestInvoker.invokeTestMethod(TestInvoker.java:227) ~[testng-7.8.0.jar:7.8.0]
	at org.testng.internal.invokers.MethodRunner.runInSequence(MethodRunner.java:50) ~[testng-7.8.0.jar:7.8.0]
	at org.testng.internal.invokers.TestInvoker$MethodInvocationAgent.invoke(TestInvoker.java:957) ~[testng-7.8.0.jar:7.8.0]
	at org.testng.internal.invokers.TestInvoker.invokeTestMethods(TestInvoker.java:200) ~[testng-7.8.0.jar:7.8.0]
	at org.testng.internal.invokers.TestMethodWorker.invokeTestMethods(TestMethodWorker.java:148) ~[testng-7.8.0.jar:7.8.0]
	at org.testng.internal.invokers.TestMethodWorker.run(TestMethodWorker.java:128) ~[testng-7.8.0.jar:7.8.0]
	at java.util.ArrayList.forEach(ArrayList.java:1596) [?:?]
	at org.testng.TestRunner.privateRun(TestRunner.java:848) [testng-7.8.0.jar:7.8.0]
	at org.testng.TestRunner.run(TestRunner.java:621) [testng-7.8.0.jar:7.8.0]
	at org.testng.SuiteRunner.runTest(SuiteRunner.java:443) [testng-7.8.0.jar:7.8.0]
	at org.testng.SuiteRunner.runSequentially(SuiteRunner.java:437) [testng-7.8.0.jar:7.8.0]
	at org.testng.SuiteRunner.privateRun(SuiteRunner.java:397) [testng-7.8.0.jar:7.8.0]
	at org.testng.SuiteRunner.run(SuiteRunner.java:336) [testng-7.8.0.jar:7.8.0]
	at org.testng.SuiteRunnerWorker.runSuite(SuiteRunnerWorker.java:52) [testng-7.8.0.jar:7.8.0]
	at org.testng.SuiteRunnerWorker.run(SuiteRunnerWorker.java:95) [testng-7.8.0.jar:7.8.0]
	at org.testng.TestNG.runSuitesSequentially(TestNG.java:1280) [testng-7.8.0.jar:7.8.0]
	at org.testng.TestNG.runSuitesLocally(TestNG.java:1200) [testng-7.8.0.jar:7.8.0]
	at org.testng.TestNG.runSuites(TestNG.java:1114) [testng-7.8.0.jar:7.8.0]
	at org.testng.TestNG.run(TestNG.java:1082) [testng-7.8.0.jar:7.8.0]
	at com.microsoft.java.test.runner.testng.TestNGRunner.run(TestNGRunner.java:45) [com.microsoft.java.test.runner-jar-with-dependencies.jar:?]
	at com.microsoft.java.test.runner.testng.TestNGLauncher.execute(TestNGLauncher.java:32) [com.microsoft.java.test.runner-jar-with-dependencies.jar:?]
	at com.microsoft.java.test.runner.Launcher.main(Launcher.java:57) [com.microsoft.java.test.runner-jar-with-dependencies.jar:?]
2025-01-25 15:32:06 [main] ERROR test.java.AmazonTest - Failed to take screenshot for step: HPFilterApplied
java.io.FileNotFoundException: screenshots/HPFilterApplied.png (No such file or directory)
	at java.io.FileOutputStream.open0(Native Method) ~[?:?]
	at java.io.FileOutputStream.open(FileOutputStream.java:289) ~[?:?]
	at java.io.FileOutputStream.<init>(FileOutputStream.java:230) ~[?:?]
	at java.io.FileOutputStream.<init>(FileOutputStream.java:179) ~[?:?]
	at org.openqa.selenium.io.FileHandler.copyFile(FileHandler.java:131) ~[selenium-os-4.12.0.jar:?]
	at org.openqa.selenium.io.FileHandler.copy(FileHandler.java:110) ~[selenium-os-4.12.0.jar:?]
	at test.java.AmazonTest.takeScreenshot(AmazonTest.java:134) ~[test-classes/:?]
	at test.java.AmazonTest.filterResultsByBrand(AmazonTest.java:84) ~[test-classes/:?]
	at jdk.internal.reflect.DirectMethodHandleAccessor.invoke(DirectMethodHandleAccessor.java:103) ~[?:?]
	at java.lang.reflect.Method.invoke(Method.java:580) ~[?:?]
	at org.testng.internal.invokers.MethodInvocationHelper.invokeMethod(MethodInvocationHelper.java:139) ~[testng-7.8.0.jar:7.8.0]
	at org.testng.internal.invokers.TestInvoker.invokeMethod(TestInvoker.java:664) ~[testng-7.8.0.jar:7.8.0]
	at org.testng.internal.invokers.TestInvoker.invokeTestMethod(TestInvoker.java:227) ~[testng-7.8.0.jar:7.8.0]
	at org.testng.internal.invokers.MethodRunner.runInSequence(MethodRunner.java:50) ~[testng-7.8.0.jar:7.8.0]
	at org.testng.internal.invokers.TestInvoker$MethodInvocationAgent.invoke(TestInvoker.java:957) ~[testng-7.8.0.jar:7.8.0]
	at org.testng.internal.invokers.TestInvoker.invokeTestMethods(TestInvoker.java:200) ~[testng-7.8.0.jar:7.8.0]
	at org.testng.internal.invokers.TestMethodWorker.invokeTestMethods(TestMethodWorker.java:148) ~[testng-7.8.0.jar:7.8.0]
	at org.testng.internal.invokers.TestMethodWorker.run(TestMethodWorker.java:128) ~[testng-7.8.0.jar:7.8.0]
	at java.util.ArrayList.forEach(ArrayList.java:1596) [?:?]
	at org.testng.TestRunner.privateRun(TestRunner.java:848) [testng-7.8.0.jar:7.8.0]
	at org.testng.TestRunner.run(TestRunner.java:621) [testng-7.8.0.jar:7.8.0]
	at org.testng.SuiteRunner.runTest(SuiteRunner.java:443) [testng-7.8.0.jar:7.8.0]
	at org.testng.SuiteRunner.runSequentially(SuiteRunner.java:437) [testng-7.8.0.jar:7.8.0]
	at org.testng.SuiteRunner.privateRun(SuiteRunner.java:397) [testng-7.8.0.jar:7.8.0]
	at org.testng.SuiteRunner.run(SuiteRunner.java:336) [testng-7.8.0.jar:7.8.0]
	at org.testng.SuiteRunnerWorker.runSuite(SuiteRunnerWorker.java:52) [testng-7.8.0.jar:7.8.0]
	at org.testng.SuiteRunnerWorker.run(SuiteRunnerWorker.java:95) [testng-7.8.0.jar:7.8.0]
	at org.testng.TestNG.runSuitesSequentially(TestNG.java:1280) [testng-7.8.0.jar:7.8.0]
	at org.testng.TestNG.runSuitesLocally(TestNG.java:1200) [testng-7.8.0.jar:7.8.0]
	at org.testng.TestNG.runSuites(TestNG.java:1114) [testng-7.8.0.jar:7.8.0]
	at org.testng.TestNG.run(TestNG.java:1082) [testng-7.8.0.jar:7.8.0]
	at com.microsoft.java.test.runner.testng.TestNGRunner.run(TestNGRunner.java:45) [com.microsoft.java.test.runner-jar-with-dependencies.jar:?]
	at com.microsoft.java.test.runner.testng.TestNGLauncher.execute(TestNGLauncher.java:32) [com.microsoft.java.test.runner-jar-with-dependencies.jar:?]
	at com.microsoft.java.test.runner.Launcher.main(Launcher.java:57) [com.microsoft.java.test.runner-jar-with-dependencies.jar:?]
2025-01-25 15:32:06 [main] INFO  test.java.AmazonTest - Verifying filtered results contain 'HP'
2025-01-25 15:32:07 [main] ERROR test.java.AmazonTest - Failed to take screenshot for step: HPFilterResultsVerified
java.io.FileNotFoundException: screenshots/HPFilterResultsVerified.png (No such file or directory)
	at java.io.FileOutputStream.open0(Native Method) ~[?:?]
	at java.io.FileOutputStream.open(FileOutputStream.java:289) ~[?:?]
	at java.io.FileOutputStream.<init>(FileOutputStream.java:230) ~[?:?]
	at java.io.FileOutputStream.<init>(FileOutputStream.java:179) ~[?:?]
	at org.openqa.selenium.io.FileHandler.copyFile(FileHandler.java:131) ~[selenium-os-4.12.0.jar:?]
	at org.openqa.selenium.io.FileHandler.copy(FileHandler.java:110) ~[selenium-os-4.12.0.jar:?]
	at test.java.AmazonTest.takeScreenshot(AmazonTest.java:134) ~[test-classes/:?]
	at test.java.AmazonTest.filterResultsByBrand(AmazonTest.java:91) ~[test-classes/:?]
	at jdk.internal.reflect.DirectMethodHandleAccessor.invoke(DirectMethodHandleAccessor.java:103) ~[?:?]
	at java.lang.reflect.Method.invoke(Method.java:580) ~[?:?]
	at org.testng.internal.invokers.MethodInvocationHelper.invokeMethod(MethodInvocationHelper.java:139) ~[testng-7.8.0.jar:7.8.0]
	at org.testng.internal.invokers.TestInvoker.invokeMethod(TestInvoker.java:664) ~[testng-7.8.0.jar:7.8.0]
	at org.testng.internal.invokers.TestInvoker.invokeTestMethod(TestInvoker.java:227) ~[testng-7.8.0.jar:7.8.0]
	at org.testng.internal.invokers.MethodRunner.runInSequence(MethodRunner.java:50) ~[testng-7.8.0.jar:7.8.0]
	at org.testng.internal.invokers.TestInvoker$MethodInvocationAgent.invoke(TestInvoker.java:957) ~[testng-7.8.0.jar:7.8.0]
	at org.testng.internal.invokers.TestInvoker.invokeTestMethods(TestInvoker.java:200) ~[testng-7.8.0.jar:7.8.0]
	at org.testng.internal.invokers.TestMethodWorker.invokeTestMethods(TestMethodWorker.java:148) ~[testng-7.8.0.jar:7.8.0]
	at org.testng.internal.invokers.TestMethodWorker.run(TestMethodWorker.java:128) ~[testng-7.8.0.jar:7.8.0]
	at java.util.ArrayList.forEach(ArrayList.java:1596) [?:?]
	at org.testng.TestRunner.privateRun(TestRunner.java:848) [testng-7.8.0.jar:7.8.0]
	at org.testng.TestRunner.run(TestRunner.java:621) [testng-7.8.0.jar:7.8.0]
	at org.testng.SuiteRunner.runTest(SuiteRunner.java:443) [testng-7.8.0.jar:7.8.0]
	at org.testng.SuiteRunner.runSequentially(SuiteRunner.java:437) [testng-7.8.0.jar:7.8.0]
	at org.testng.SuiteRunner.privateRun(SuiteRunner.java:397) [testng-7.8.0.jar:7.8.0]
	at org.testng.SuiteRunner.run(SuiteRunner.java:336) [testng-7.8.0.jar:7.8.0]
	at org.testng.SuiteRunnerWorker.runSuite(SuiteRunnerWorker.java:52) [testng-7.8.0.jar:7.8.0]
	at org.testng.SuiteRunnerWorker.run(SuiteRunnerWorker.java:95) [testng-7.8.0.jar:7.8.0]
	at org.testng.TestNG.runSuitesSequentially(TestNG.java:1280) [testng-7.8.0.jar:7.8.0]
	at org.testng.TestNG.runSuitesLocally(TestNG.java:1200) [testng-7.8.0.jar:7.8.0]
	at org.testng.TestNG.runSuites(TestNG.java:1114) [testng-7.8.0.jar:7.8.0]
	at org.testng.TestNG.run(TestNG.java:1082) [testng-7.8.0.jar:7.8.0]
	at com.microsoft.java.test.runner.testng.TestNGRunner.run(TestNGRunner.java:45) [com.microsoft.java.test.runner-jar-with-dependencies.jar:?]
	at com.microsoft.java.test.runner.testng.TestNGLauncher.execute(TestNGLauncher.java:32) [com.microsoft.java.test.runner-jar-with-dependencies.jar:?]
	at com.microsoft.java.test.runner.Launcher.main(Launcher.java:57) [com.microsoft.java.test.runner-jar-with-dependencies.jar:?]
2025-01-25 15:32:07 [main] INFO  test.java.AmazonTest - Clicking on the first product
2025-01-25 15:32:07 [main] ERROR test.java.AmazonTest - Failed to take screenshot for step: FirstProductLocated
java.io.FileNotFoundException: screenshots/FirstProductLocated.png (No such file or directory)
	at java.io.FileOutputStream.open0(Native Method) ~[?:?]
	at java.io.FileOutputStream.open(FileOutputStream.java:289) ~[?:?]
	at java.io.FileOutputStream.<init>(FileOutputStream.java:230) ~[?:?]
	at java.io.FileOutputStream.<init>(FileOutputStream.java:179) ~[?:?]
	at org.openqa.selenium.io.FileHandler.copyFile(FileHandler.java:131) ~[selenium-os-4.12.0.jar:?]
	at org.openqa.selenium.io.FileHandler.copy(FileHandler.java:110) ~[selenium-os-4.12.0.jar:?]
	at test.java.AmazonTest.takeScreenshot(AmazonTest.java:134) ~[test-classes/:?]
	at test.java.AmazonTest.verifyProductNavigation(AmazonTest.java:104) ~[test-classes/:?]
	at jdk.internal.reflect.DirectMethodHandleAccessor.invoke(DirectMethodHandleAccessor.java:103) ~[?:?]
	at java.lang.reflect.Method.invoke(Method.java:580) ~[?:?]
	at org.testng.internal.invokers.MethodInvocationHelper.invokeMethod(MethodInvocationHelper.java:139) ~[testng-7.8.0.jar:7.8.0]
	at org.testng.internal.invokers.TestInvoker.invokeMethod(TestInvoker.java:664) ~[testng-7.8.0.jar:7.8.0]
	at org.testng.internal.invokers.TestInvoker.invokeTestMethod(TestInvoker.java:227) ~[testng-7.8.0.jar:7.8.0]
	at org.testng.internal.invokers.MethodRunner.runInSequence(MethodRunner.java:50) ~[testng-7.8.0.jar:7.8.0]
	at org.testng.internal.invokers.TestInvoker$MethodInvocationAgent.invoke(TestInvoker.java:957) ~[testng-7.8.0.jar:7.8.0]
	at org.testng.internal.invokers.TestInvoker.invokeTestMethods(TestInvoker.java:200) ~[testng-7.8.0.jar:7.8.0]
	at org.testng.internal.invokers.TestMethodWorker.invokeTestMethods(TestMethodWorker.java:148) ~[testng-7.8.0.jar:7.8.0]
	at org.testng.internal.invokers.TestMethodWorker.run(TestMethodWorker.java:128) ~[testng-7.8.0.jar:7.8.0]
	at java.util.ArrayList.forEach(ArrayList.java:1596) [?:?]
	at org.testng.TestRunner.privateRun(TestRunner.java:848) [testng-7.8.0.jar:7.8.0]
	at org.testng.TestRunner.run(TestRunner.java:621) [testng-7.8.0.jar:7.8.0]
	at org.testng.SuiteRunner.runTest(SuiteRunner.java:443) [testng-7.8.0.jar:7.8.0]
	at org.testng.SuiteRunner.runSequentially(SuiteRunner.java:437) [testng-7.8.0.jar:7.8.0]
	at org.testng.SuiteRunner.privateRun(SuiteRunner.java:397) [testng-7.8.0.jar:7.8.0]
	at org.testng.SuiteRunner.run(SuiteRunner.java:336) [testng-7.8.0.jar:7.8.0]
	at org.testng.SuiteRunnerWorker.runSuite(SuiteRunnerWorker.java:52) [testng-7.8.0.jar:7.8.0]
	at org.testng.SuiteRunnerWorker.run(SuiteRunnerWorker.java:95) [testng-7.8.0.jar:7.8.0]
	at org.testng.TestNG.runSuitesSequentially(TestNG.java:1280) [testng-7.8.0.jar:7.8.0]
	at org.testng.TestNG.runSuitesLocally(TestNG.java:1200) [testng-7.8.0.jar:7.8.0]
	at org.testng.TestNG.runSuites(TestNG.java:1114) [testng-7.8.0.jar:7.8.0]
	at org.testng.TestNG.run(TestNG.java:1082) [testng-7.8.0.jar:7.8.0]
	at com.microsoft.java.test.runner.testng.TestNGRunner.run(TestNGRunner.java:45) [com.microsoft.java.test.runner-jar-with-dependencies.jar:?]
	at com.microsoft.java.test.runner.testng.TestNGLauncher.execute(TestNGLauncher.java:32) [com.microsoft.java.test.runner-jar-with-dependencies.jar:?]
	at com.microsoft.java.test.runner.Launcher.main(Launcher.java:57) [com.microsoft.java.test.runner-jar-with-dependencies.jar:?]
2025-01-25 15:32:08 [main] INFO  test.java.AmazonTest - Closing WebDriver and finalizing Extent Reports
2025-01-25 15:32:43 [main] INFO  test.java.AmazonTest - Setting up WebDriver and Extent Reports
2025-01-25 15:32:44 [main] INFO  test.java.AmazonTest - Navigating to Amazon website
2025-01-25 15:32:47 [main] INFO  test.java.AmazonTest - Verifying homepage title
2025-01-25 15:32:48 [main] INFO  test.java.AmazonTest - Searching for 'laptop'
2025-01-25 15:32:58 [main] INFO  test.java.AmazonTest - Applying filter for 'HP' brand
2025-01-25 15:33:08 [main] INFO  test.java.AmazonTest - Clicking on the first product
2025-01-25 15:33:18 [main] INFO  test.java.AmazonTest - Closing WebDriver and finalizing Extent Reports
2025-01-25 15:33:49 [main] INFO  test.java.AmazonTest - Setting up WebDriver and Extent Reports
2025-01-25 15:33:50 [main] INFO  test.java.AmazonTest - Navigating to Amazon website
2025-01-25 15:33:53 [main] INFO  test.java.AmazonTest - Verifying homepage title
2025-01-25 15:33:53 [main] INFO  test.java.AmazonTest - Searching for 'laptop'
2025-01-25 15:33:56 [main] INFO  test.java.AmazonTest - Verifying search results
2025-01-25 15:33:57 [main] INFO  test.java.AmazonTest - Applying filter for 'HP' brand
2025-01-25 15:33:59 [main] INFO  test.java.AmazonTest - Verifying filtered results contain 'HP'
2025-01-25 15:33:59 [main] INFO  test.java.AmazonTest - Clicking on the first product
2025-01-25 15:34:04 [main] INFO  test.java.AmazonTest - Verifying product page title
2025-01-25 15:34:04 [main] INFO  test.java.AmazonTest - Closing WebDriver and finalizing Extent Reports
2025-01-25 15:34:28 [main] INFO  test.java.AmazonTest - Setting up WebDriver and Extent Reports
2025-01-25 15:34:29 [main] INFO  test.java.AmazonTest - Navigating to Amazon website
2025-01-25 15:34:31 [main] ERROR test.java.AmazonTest - Failed to take screenshot for step: HomePage
java.io.FileNotFoundException: screenshots/HomePage.png (No such file or directory)
	at java.io.FileOutputStream.open0(Native Method) ~[?:?]
	at java.io.FileOutputStream.open(FileOutputStream.java:289) ~[?:?]
	at java.io.FileOutputStream.<init>(FileOutputStream.java:230) ~[?:?]
	at java.io.FileOutputStream.<init>(FileOutputStream.java:179) ~[?:?]
	at org.openqa.selenium.io.FileHandler.copyFile(FileHandler.java:131) ~[selenium-os-4.12.0.jar:?]
	at org.openqa.selenium.io.FileHandler.copy(FileHandler.java:110) ~[selenium-os-4.12.0.jar:?]
	at test.java.AmazonTest.takeScreenshot(AmazonTest.java:134) ~[test-classes/:?]
	at test.java.AmazonTest.verifyHomePageTitle(AmazonTest.java:45) ~[test-classes/:?]
	at jdk.internal.reflect.DirectMethodHandleAccessor.invoke(DirectMethodHandleAccessor.java:103) ~[?:?]
	at java.lang.reflect.Method.invoke(Method.java:580) ~[?:?]
	at org.testng.internal.invokers.MethodInvocationHelper.invokeMethod(MethodInvocationHelper.java:139) ~[testng-7.8.0.jar:7.8.0]
	at org.testng.internal.invokers.TestInvoker.invokeMethod(TestInvoker.java:664) ~[testng-7.8.0.jar:7.8.0]
	at org.testng.internal.invokers.TestInvoker.invokeTestMethod(TestInvoker.java:227) ~[testng-7.8.0.jar:7.8.0]
	at org.testng.internal.invokers.MethodRunner.runInSequence(MethodRunner.java:50) ~[testng-7.8.0.jar:7.8.0]
	at org.testng.internal.invokers.TestInvoker$MethodInvocationAgent.invoke(TestInvoker.java:957) ~[testng-7.8.0.jar:7.8.0]
	at org.testng.internal.invokers.TestInvoker.invokeTestMethods(TestInvoker.java:200) ~[testng-7.8.0.jar:7.8.0]
	at org.testng.internal.invokers.TestMethodWorker.invokeTestMethods(TestMethodWorker.java:148) ~[testng-7.8.0.jar:7.8.0]
	at org.testng.internal.invokers.TestMethodWorker.run(TestMethodWorker.java:128) ~[testng-7.8.0.jar:7.8.0]
	at java.util.ArrayList.forEach(ArrayList.java:1596) [?:?]
	at org.testng.TestRunner.privateRun(TestRunner.java:848) [testng-7.8.0.jar:7.8.0]
	at org.testng.TestRunner.run(TestRunner.java:621) [testng-7.8.0.jar:7.8.0]
	at org.testng.SuiteRunner.runTest(SuiteRunner.java:443) [testng-7.8.0.jar:7.8.0]
	at org.testng.SuiteRunner.runSequentially(SuiteRunner.java:437) [testng-7.8.0.jar:7.8.0]
	at org.testng.SuiteRunner.privateRun(SuiteRunner.java:397) [testng-7.8.0.jar:7.8.0]
	at org.testng.SuiteRunner.run(SuiteRunner.java:336) [testng-7.8.0.jar:7.8.0]
	at org.testng.SuiteRunnerWorker.runSuite(SuiteRunnerWorker.java:52) [testng-7.8.0.jar:7.8.0]
	at org.testng.SuiteRunnerWorker.run(SuiteRunnerWorker.java:95) [testng-7.8.0.jar:7.8.0]
	at org.testng.TestNG.runSuitesSequentially(TestNG.java:1280) [testng-7.8.0.jar:7.8.0]
	at org.testng.TestNG.runSuitesLocally(TestNG.java:1200) [testng-7.8.0.jar:7.8.0]
	at org.testng.TestNG.runSuites(TestNG.java:1114) [testng-7.8.0.jar:7.8.0]
	at org.testng.TestNG.run(TestNG.java:1082) [testng-7.8.0.jar:7.8.0]
	at com.microsoft.java.test.runner.testng.TestNGRunner.run(TestNGRunner.java:45) [com.microsoft.java.test.runner-jar-with-dependencies.jar:?]
	at com.microsoft.java.test.runner.testng.TestNGLauncher.execute(TestNGLauncher.java:32) [com.microsoft.java.test.runner-jar-with-dependencies.jar:?]
	at com.microsoft.java.test.runner.Launcher.main(Launcher.java:57) [com.microsoft.java.test.runner-jar-with-dependencies.jar:?]
2025-01-25 15:34:31 [main] INFO  test.java.AmazonTest - Verifying homepage title
2025-01-25 15:34:31 [main] ERROR test.java.AmazonTest - Failed to take screenshot for step: HomePageTitleVerified
java.io.FileNotFoundException: screenshots/HomePageTitleVerified.png (No such file or directory)
	at java.io.FileOutputStream.open0(Native Method) ~[?:?]
	at java.io.FileOutputStream.open(FileOutputStream.java:289) ~[?:?]
	at java.io.FileOutputStream.<init>(FileOutputStream.java:230) ~[?:?]
	at java.io.FileOutputStream.<init>(FileOutputStream.java:179) ~[?:?]
	at org.openqa.selenium.io.FileHandler.copyFile(FileHandler.java:131) ~[selenium-os-4.12.0.jar:?]
	at org.openqa.selenium.io.FileHandler.copy(FileHandler.java:110) ~[selenium-os-4.12.0.jar:?]
	at test.java.AmazonTest.takeScreenshot(AmazonTest.java:134) ~[test-classes/:?]
	at test.java.AmazonTest.verifyHomePageTitle(AmazonTest.java:50) ~[test-classes/:?]
	at jdk.internal.reflect.DirectMethodHandleAccessor.invoke(DirectMethodHandleAccessor.java:103) ~[?:?]
	at java.lang.reflect.Method.invoke(Method.java:580) ~[?:?]
	at org.testng.internal.invokers.MethodInvocationHelper.invokeMethod(MethodInvocationHelper.java:139) ~[testng-7.8.0.jar:7.8.0]
	at org.testng.internal.invokers.TestInvoker.invokeMethod(TestInvoker.java:664) ~[testng-7.8.0.jar:7.8.0]
	at org.testng.internal.invokers.TestInvoker.invokeTestMethod(TestInvoker.java:227) ~[testng-7.8.0.jar:7.8.0]
	at org.testng.internal.invokers.MethodRunner.runInSequence(MethodRunner.java:50) ~[testng-7.8.0.jar:7.8.0]
	at org.testng.internal.invokers.TestInvoker$MethodInvocationAgent.invoke(TestInvoker.java:957) ~[testng-7.8.0.jar:7.8.0]
	at org.testng.internal.invokers.TestInvoker.invokeTestMethods(TestInvoker.java:200) ~[testng-7.8.0.jar:7.8.0]
	at org.testng.internal.invokers.TestMethodWorker.invokeTestMethods(TestMethodWorker.java:148) ~[testng-7.8.0.jar:7.8.0]
	at org.testng.internal.invokers.TestMethodWorker.run(TestMethodWorker.java:128) ~[testng-7.8.0.jar:7.8.0]
	at java.util.ArrayList.forEach(ArrayList.java:1596) [?:?]
	at org.testng.TestRunner.privateRun(TestRunner.java:848) [testng-7.8.0.jar:7.8.0]
	at org.testng.TestRunner.run(TestRunner.java:621) [testng-7.8.0.jar:7.8.0]
	at org.testng.SuiteRunner.runTest(SuiteRunner.java:443) [testng-7.8.0.jar:7.8.0]
	at org.testng.SuiteRunner.runSequentially(SuiteRunner.java:437) [testng-7.8.0.jar:7.8.0]
	at org.testng.SuiteRunner.privateRun(SuiteRunner.java:397) [testng-7.8.0.jar:7.8.0]
	at org.testng.SuiteRunner.run(SuiteRunner.java:336) [testng-7.8.0.jar:7.8.0]
	at org.testng.SuiteRunnerWorker.runSuite(SuiteRunnerWorker.java:52) [testng-7.8.0.jar:7.8.0]
	at org.testng.SuiteRunnerWorker.run(SuiteRunnerWorker.java:95) [testng-7.8.0.jar:7.8.0]
	at org.testng.TestNG.runSuitesSequentially(TestNG.java:1280) [testng-7.8.0.jar:7.8.0]
	at org.testng.TestNG.runSuitesLocally(TestNG.java:1200) [testng-7.8.0.jar:7.8.0]
	at org.testng.TestNG.runSuites(TestNG.java:1114) [testng-7.8.0.jar:7.8.0]
	at org.testng.TestNG.run(TestNG.java:1082) [testng-7.8.0.jar:7.8.0]
	at com.microsoft.java.test.runner.testng.TestNGRunner.run(TestNGRunner.java:45) [com.microsoft.java.test.runner-jar-with-dependencies.jar:?]
	at com.microsoft.java.test.runner.testng.TestNGLauncher.execute(TestNGLauncher.java:32) [com.microsoft.java.test.runner-jar-with-dependencies.jar:?]
	at com.microsoft.java.test.runner.Launcher.main(Launcher.java:57) [com.microsoft.java.test.runner-jar-with-dependencies.jar:?]
2025-01-25 15:34:31 [main] INFO  test.java.AmazonTest - Searching for 'laptop'
2025-01-25 15:34:32 [main] ERROR test.java.AmazonTest - Failed to take screenshot for step: SearchBoxLocated
java.io.FileNotFoundException: screenshots/SearchBoxLocated.png (No such file or directory)
	at java.io.FileOutputStream.open0(Native Method) ~[?:?]
	at java.io.FileOutputStream.open(FileOutputStream.java:289) ~[?:?]
	at java.io.FileOutputStream.<init>(FileOutputStream.java:230) ~[?:?]
	at java.io.FileOutputStream.<init>(FileOutputStream.java:179) ~[?:?]
	at org.openqa.selenium.io.FileHandler.copyFile(FileHandler.java:131) ~[selenium-os-4.12.0.jar:?]
	at org.openqa.selenium.io.FileHandler.copy(FileHandler.java:110) ~[selenium-os-4.12.0.jar:?]
	at test.java.AmazonTest.takeScreenshot(AmazonTest.java:134) ~[test-classes/:?]
	at test.java.AmazonTest.searchTest(AmazonTest.java:59) ~[test-classes/:?]
	at jdk.internal.reflect.DirectMethodHandleAccessor.invoke(DirectMethodHandleAccessor.java:103) ~[?:?]
	at java.lang.reflect.Method.invoke(Method.java:580) ~[?:?]
	at org.testng.internal.invokers.MethodInvocationHelper.invokeMethod(MethodInvocationHelper.java:139) ~[testng-7.8.0.jar:7.8.0]
	at org.testng.internal.invokers.TestInvoker.invokeMethod(TestInvoker.java:664) ~[testng-7.8.0.jar:7.8.0]
	at org.testng.internal.invokers.TestInvoker.invokeTestMethod(TestInvoker.java:227) ~[testng-7.8.0.jar:7.8.0]
	at org.testng.internal.invokers.MethodRunner.runInSequence(MethodRunner.java:50) ~[testng-7.8.0.jar:7.8.0]
	at org.testng.internal.invokers.TestInvoker$MethodInvocationAgent.invoke(TestInvoker.java:957) ~[testng-7.8.0.jar:7.8.0]
	at org.testng.internal.invokers.TestInvoker.invokeTestMethods(TestInvoker.java:200) ~[testng-7.8.0.jar:7.8.0]
	at org.testng.internal.invokers.TestMethodWorker.invokeTestMethods(TestMethodWorker.java:148) ~[testng-7.8.0.jar:7.8.0]
	at org.testng.internal.invokers.TestMethodWorker.run(TestMethodWorker.java:128) ~[testng-7.8.0.jar:7.8.0]
	at java.util.ArrayList.forEach(ArrayList.java:1596) [?:?]
	at org.testng.TestRunner.privateRun(TestRunner.java:848) [testng-7.8.0.jar:7.8.0]
	at org.testng.TestRunner.run(TestRunner.java:621) [testng-7.8.0.jar:7.8.0]
	at org.testng.SuiteRunner.runTest(SuiteRunner.java:443) [testng-7.8.0.jar:7.8.0]
	at org.testng.SuiteRunner.runSequentially(SuiteRunner.java:437) [testng-7.8.0.jar:7.8.0]
	at org.testng.SuiteRunner.privateRun(SuiteRunner.java:397) [testng-7.8.0.jar:7.8.0]
	at org.testng.SuiteRunner.run(SuiteRunner.java:336) [testng-7.8.0.jar:7.8.0]
	at org.testng.SuiteRunnerWorker.runSuite(SuiteRunnerWorker.java:52) [testng-7.8.0.jar:7.8.0]
	at org.testng.SuiteRunnerWorker.run(SuiteRunnerWorker.java:95) [testng-7.8.0.jar:7.8.0]
	at org.testng.TestNG.runSuitesSequentially(TestNG.java:1280) [testng-7.8.0.jar:7.8.0]
	at org.testng.TestNG.runSuitesLocally(TestNG.java:1200) [testng-7.8.0.jar:7.8.0]
	at org.testng.TestNG.runSuites(TestNG.java:1114) [testng-7.8.0.jar:7.8.0]
	at org.testng.TestNG.run(TestNG.java:1082) [testng-7.8.0.jar:7.8.0]
	at com.microsoft.java.test.runner.testng.TestNGRunner.run(TestNGRunner.java:45) [com.microsoft.java.test.runner-jar-with-dependencies.jar:?]
	at com.microsoft.java.test.runner.testng.TestNGLauncher.execute(TestNGLauncher.java:32) [com.microsoft.java.test.runner-jar-with-dependencies.jar:?]
	at com.microsoft.java.test.runner.Launcher.main(Launcher.java:57) [com.microsoft.java.test.runner-jar-with-dependencies.jar:?]
2025-01-25 15:34:32 [main] ERROR test.java.AmazonTest - Failed to take screenshot for step: SearchKeywordEntered
java.io.FileNotFoundException: screenshots/SearchKeywordEntered.png (No such file or directory)
	at java.io.FileOutputStream.open0(Native Method) ~[?:?]
	at java.io.FileOutputStream.open(FileOutputStream.java:289) ~[?:?]
	at java.io.FileOutputStream.<init>(FileOutputStream.java:230) ~[?:?]
	at java.io.FileOutputStream.<init>(FileOutputStream.java:179) ~[?:?]
	at org.openqa.selenium.io.FileHandler.copyFile(FileHandler.java:131) ~[selenium-os-4.12.0.jar:?]
	at org.openqa.selenium.io.FileHandler.copy(FileHandler.java:110) ~[selenium-os-4.12.0.jar:?]
	at test.java.AmazonTest.takeScreenshot(AmazonTest.java:134) ~[test-classes/:?]
	at test.java.AmazonTest.searchTest(AmazonTest.java:62) ~[test-classes/:?]
	at jdk.internal.reflect.DirectMethodHandleAccessor.invoke(DirectMethodHandleAccessor.java:103) ~[?:?]
	at java.lang.reflect.Method.invoke(Method.java:580) ~[?:?]
	at org.testng.internal.invokers.MethodInvocationHelper.invokeMethod(MethodInvocationHelper.java:139) ~[testng-7.8.0.jar:7.8.0]
	at org.testng.internal.invokers.TestInvoker.invokeMethod(TestInvoker.java:664) ~[testng-7.8.0.jar:7.8.0]
	at org.testng.internal.invokers.TestInvoker.invokeTestMethod(TestInvoker.java:227) ~[testng-7.8.0.jar:7.8.0]
	at org.testng.internal.invokers.MethodRunner.runInSequence(MethodRunner.java:50) ~[testng-7.8.0.jar:7.8.0]
	at org.testng.internal.invokers.TestInvoker$MethodInvocationAgent.invoke(TestInvoker.java:957) ~[testng-7.8.0.jar:7.8.0]
	at org.testng.internal.invokers.TestInvoker.invokeTestMethods(TestInvoker.java:200) ~[testng-7.8.0.jar:7.8.0]
	at org.testng.internal.invokers.TestMethodWorker.invokeTestMethods(TestMethodWorker.java:148) ~[testng-7.8.0.jar:7.8.0]
	at org.testng.internal.invokers.TestMethodWorker.run(TestMethodWorker.java:128) ~[testng-7.8.0.jar:7.8.0]
	at java.util.ArrayList.forEach(ArrayList.java:1596) [?:?]
	at org.testng.TestRunner.privateRun(TestRunner.java:848) [testng-7.8.0.jar:7.8.0]
	at org.testng.TestRunner.run(TestRunner.java:621) [testng-7.8.0.jar:7.8.0]
	at org.testng.SuiteRunner.runTest(SuiteRunner.java:443) [testng-7.8.0.jar:7.8.0]
	at org.testng.SuiteRunner.runSequentially(SuiteRunner.java:437) [testng-7.8.0.jar:7.8.0]
	at org.testng.SuiteRunner.privateRun(SuiteRunner.java:397) [testng-7.8.0.jar:7.8.0]
	at org.testng.SuiteRunner.run(SuiteRunner.java:336) [testng-7.8.0.jar:7.8.0]
	at org.testng.SuiteRunnerWorker.runSuite(SuiteRunnerWorker.java:52) [testng-7.8.0.jar:7.8.0]
	at org.testng.SuiteRunnerWorker.run(SuiteRunnerWorker.java:95) [testng-7.8.0.jar:7.8.0]
	at org.testng.TestNG.runSuitesSequentially(TestNG.java:1280) [testng-7.8.0.jar:7.8.0]
	at org.testng.TestNG.runSuitesLocally(TestNG.java:1200) [testng-7.8.0.jar:7.8.0]
	at org.testng.TestNG.runSuites(TestNG.java:1114) [testng-7.8.0.jar:7.8.0]
	at org.testng.TestNG.run(TestNG.java:1082) [testng-7.8.0.jar:7.8.0]
	at com.microsoft.java.test.runner.testng.TestNGRunner.run(TestNGRunner.java:45) [com.microsoft.java.test.runner-jar-with-dependencies.jar:?]
	at com.microsoft.java.test.runner.testng.TestNGLauncher.execute(TestNGLauncher.java:32) [com.microsoft.java.test.runner-jar-with-dependencies.jar:?]
	at com.microsoft.java.test.runner.Launcher.main(Launcher.java:57) [com.microsoft.java.test.runner-jar-with-dependencies.jar:?]
2025-01-25 15:34:35 [main] ERROR test.java.AmazonTest - Failed to take screenshot for step: SearchResultsLoaded
java.io.FileNotFoundException: screenshots/SearchResultsLoaded.png (No such file or directory)
	at java.io.FileOutputStream.open0(Native Method) ~[?:?]
	at java.io.FileOutputStream.open(FileOutputStream.java:289) ~[?:?]
	at java.io.FileOutputStream.<init>(FileOutputStream.java:230) ~[?:?]
	at java.io.FileOutputStream.<init>(FileOutputStream.java:179) ~[?:?]
	at org.openqa.selenium.io.FileHandler.copyFile(FileHandler.java:131) ~[selenium-os-4.12.0.jar:?]
	at org.openqa.selenium.io.FileHandler.copy(FileHandler.java:110) ~[selenium-os-4.12.0.jar:?]
	at test.java.AmazonTest.takeScreenshot(AmazonTest.java:134) ~[test-classes/:?]
	at test.java.AmazonTest.searchTest(AmazonTest.java:66) ~[test-classes/:?]
	at jdk.internal.reflect.DirectMethodHandleAccessor.invoke(DirectMethodHandleAccessor.java:103) ~[?:?]
	at java.lang.reflect.Method.invoke(Method.java:580) ~[?:?]
	at org.testng.internal.invokers.MethodInvocationHelper.invokeMethod(MethodInvocationHelper.java:139) ~[testng-7.8.0.jar:7.8.0]
	at org.testng.internal.invokers.TestInvoker.invokeMethod(TestInvoker.java:664) ~[testng-7.8.0.jar:7.8.0]
	at org.testng.internal.invokers.TestInvoker.invokeTestMethod(TestInvoker.java:227) ~[testng-7.8.0.jar:7.8.0]
	at org.testng.internal.invokers.MethodRunner.runInSequence(MethodRunner.java:50) ~[testng-7.8.0.jar:7.8.0]
	at org.testng.internal.invokers.TestInvoker$MethodInvocationAgent.invoke(TestInvoker.java:957) ~[testng-7.8.0.jar:7.8.0]
	at org.testng.internal.invokers.TestInvoker.invokeTestMethods(TestInvoker.java:200) ~[testng-7.8.0.jar:7.8.0]
	at org.testng.internal.invokers.TestMethodWorker.invokeTestMethods(TestMethodWorker.java:148) ~[testng-7.8.0.jar:7.8.0]
	at org.testng.internal.invokers.TestMethodWorker.run(TestMethodWorker.java:128) ~[testng-7.8.0.jar:7.8.0]
	at java.util.ArrayList.forEach(ArrayList.java:1596) [?:?]
	at org.testng.TestRunner.privateRun(TestRunner.java:848) [testng-7.8.0.jar:7.8.0]
	at org.testng.TestRunner.run(TestRunner.java:621) [testng-7.8.0.jar:7.8.0]
	at org.testng.SuiteRunner.runTest(SuiteRunner.java:443) [testng-7.8.0.jar:7.8.0]
	at org.testng.SuiteRunner.runSequentially(SuiteRunner.java:437) [testng-7.8.0.jar:7.8.0]
	at org.testng.SuiteRunner.privateRun(SuiteRunner.java:397) [testng-7.8.0.jar:7.8.0]
	at org.testng.SuiteRunner.run(SuiteRunner.java:336) [testng-7.8.0.jar:7.8.0]
	at org.testng.SuiteRunnerWorker.runSuite(SuiteRunnerWorker.java:52) [testng-7.8.0.jar:7.8.0]
	at org.testng.SuiteRunnerWorker.run(SuiteRunnerWorker.java:95) [testng-7.8.0.jar:7.8.0]
	at org.testng.TestNG.runSuitesSequentially(TestNG.java:1280) [testng-7.8.0.jar:7.8.0]
	at org.testng.TestNG.runSuitesLocally(TestNG.java:1200) [testng-7.8.0.jar:7.8.0]
	at org.testng.TestNG.runSuites(TestNG.java:1114) [testng-7.8.0.jar:7.8.0]
	at org.testng.TestNG.run(TestNG.java:1082) [testng-7.8.0.jar:7.8.0]
	at com.microsoft.java.test.runner.testng.TestNGRunner.run(TestNGRunner.java:45) [com.microsoft.java.test.runner-jar-with-dependencies.jar:?]
	at com.microsoft.java.test.runner.testng.TestNGLauncher.execute(TestNGLauncher.java:32) [com.microsoft.java.test.runner-jar-with-dependencies.jar:?]
	at com.microsoft.java.test.runner.Launcher.main(Launcher.java:57) [com.microsoft.java.test.runner-jar-with-dependencies.jar:?]
2025-01-25 15:34:35 [main] INFO  test.java.AmazonTest - Verifying search results
2025-01-25 15:34:35 [main] ERROR test.java.AmazonTest - Failed to take screenshot for step: SearchResultsVerified
java.io.FileNotFoundException: screenshots/SearchResultsVerified.png (No such file or directory)
	at java.io.FileOutputStream.open0(Native Method) ~[?:?]
	at java.io.FileOutputStream.open(FileOutputStream.java:289) ~[?:?]
	at java.io.FileOutputStream.<init>(FileOutputStream.java:230) ~[?:?]
	at java.io.FileOutputStream.<init>(FileOutputStream.java:179) ~[?:?]
	at org.openqa.selenium.io.FileHandler.copyFile(FileHandler.java:131) ~[selenium-os-4.12.0.jar:?]
	at org.openqa.selenium.io.FileHandler.copy(FileHandler.java:110) ~[selenium-os-4.12.0.jar:?]
	at test.java.AmazonTest.takeScreenshot(AmazonTest.java:134) ~[test-classes/:?]
	at test.java.AmazonTest.searchTest(AmazonTest.java:71) ~[test-classes/:?]
	at jdk.internal.reflect.DirectMethodHandleAccessor.invoke(DirectMethodHandleAccessor.java:103) ~[?:?]
	at java.lang.reflect.Method.invoke(Method.java:580) ~[?:?]
	at org.testng.internal.invokers.MethodInvocationHelper.invokeMethod(MethodInvocationHelper.java:139) ~[testng-7.8.0.jar:7.8.0]
	at org.testng.internal.invokers.TestInvoker.invokeMethod(TestInvoker.java:664) ~[testng-7.8.0.jar:7.8.0]
	at org.testng.internal.invokers.TestInvoker.invokeTestMethod(TestInvoker.java:227) ~[testng-7.8.0.jar:7.8.0]
	at org.testng.internal.invokers.MethodRunner.runInSequence(MethodRunner.java:50) ~[testng-7.8.0.jar:7.8.0]
	at org.testng.internal.invokers.TestInvoker$MethodInvocationAgent.invoke(TestInvoker.java:957) ~[testng-7.8.0.jar:7.8.0]
	at org.testng.internal.invokers.TestInvoker.invokeTestMethods(TestInvoker.java:200) ~[testng-7.8.0.jar:7.8.0]
	at org.testng.internal.invokers.TestMethodWorker.invokeTestMethods(TestMethodWorker.java:148) ~[testng-7.8.0.jar:7.8.0]
	at org.testng.internal.invokers.TestMethodWorker.run(TestMethodWorker.java:128) ~[testng-7.8.0.jar:7.8.0]
	at java.util.ArrayList.forEach(ArrayList.java:1596) [?:?]
	at org.testng.TestRunner.privateRun(TestRunner.java:848) [testng-7.8.0.jar:7.8.0]
	at org.testng.TestRunner.run(TestRunner.java:621) [testng-7.8.0.jar:7.8.0]
	at org.testng.SuiteRunner.runTest(SuiteRunner.java:443) [testng-7.8.0.jar:7.8.0]
	at org.testng.SuiteRunner.runSequentially(SuiteRunner.java:437) [testng-7.8.0.jar:7.8.0]
	at org.testng.SuiteRunner.privateRun(SuiteRunner.java:397) [testng-7.8.0.jar:7.8.0]
	at org.testng.SuiteRunner.run(SuiteRunner.java:336) [testng-7.8.0.jar:7.8.0]
	at org.testng.SuiteRunnerWorker.runSuite(SuiteRunnerWorker.java:52) [testng-7.8.0.jar:7.8.0]
	at org.testng.SuiteRunnerWorker.run(SuiteRunnerWorker.java:95) [testng-7.8.0.jar:7.8.0]
	at org.testng.TestNG.runSuitesSequentially(TestNG.java:1280) [testng-7.8.0.jar:7.8.0]
	at org.testng.TestNG.runSuitesLocally(TestNG.java:1200) [testng-7.8.0.jar:7.8.0]
	at org.testng.TestNG.runSuites(TestNG.java:1114) [testng-7.8.0.jar:7.8.0]
	at org.testng.TestNG.run(TestNG.java:1082) [testng-7.8.0.jar:7.8.0]
	at com.microsoft.java.test.runner.testng.TestNGRunner.run(TestNGRunner.java:45) [com.microsoft.java.test.runner-jar-with-dependencies.jar:?]
	at com.microsoft.java.test.runner.testng.TestNGLauncher.execute(TestNGLauncher.java:32) [com.microsoft.java.test.runner-jar-with-dependencies.jar:?]
	at com.microsoft.java.test.runner.Launcher.main(Launcher.java:57) [com.microsoft.java.test.runner-jar-with-dependencies.jar:?]
2025-01-25 15:34:35 [main] INFO  test.java.AmazonTest - Applying filter for 'HP' brand
2025-01-25 15:34:35 [main] ERROR test.java.AmazonTest - Failed to take screenshot for step: HPFilterLocated
java.io.FileNotFoundException: screenshots/HPFilterLocated.png (No such file or directory)
	at java.io.FileOutputStream.open0(Native Method) ~[?:?]
	at java.io.FileOutputStream.open(FileOutputStream.java:289) ~[?:?]
	at java.io.FileOutputStream.<init>(FileOutputStream.java:230) ~[?:?]
	at java.io.FileOutputStream.<init>(FileOutputStream.java:179) ~[?:?]
	at org.openqa.selenium.io.FileHandler.copyFile(FileHandler.java:131) ~[selenium-os-4.12.0.jar:?]
	at org.openqa.selenium.io.FileHandler.copy(FileHandler.java:110) ~[selenium-os-4.12.0.jar:?]
	at test.java.AmazonTest.takeScreenshot(AmazonTest.java:134) ~[test-classes/:?]
	at test.java.AmazonTest.filterResultsByBrand(AmazonTest.java:81) ~[test-classes/:?]
	at jdk.internal.reflect.DirectMethodHandleAccessor.invoke(DirectMethodHandleAccessor.java:103) ~[?:?]
	at java.lang.reflect.Method.invoke(Method.java:580) ~[?:?]
	at org.testng.internal.invokers.MethodInvocationHelper.invokeMethod(MethodInvocationHelper.java:139) ~[testng-7.8.0.jar:7.8.0]
	at org.testng.internal.invokers.TestInvoker.invokeMethod(TestInvoker.java:664) ~[testng-7.8.0.jar:7.8.0]
	at org.testng.internal.invokers.TestInvoker.invokeTestMethod(TestInvoker.java:227) ~[testng-7.8.0.jar:7.8.0]
	at org.testng.internal.invokers.MethodRunner.runInSequence(MethodRunner.java:50) ~[testng-7.8.0.jar:7.8.0]
	at org.testng.internal.invokers.TestInvoker$MethodInvocationAgent.invoke(TestInvoker.java:957) ~[testng-7.8.0.jar:7.8.0]
	at org.testng.internal.invokers.TestInvoker.invokeTestMethods(TestInvoker.java:200) ~[testng-7.8.0.jar:7.8.0]
	at org.testng.internal.invokers.TestMethodWorker.invokeTestMethods(TestMethodWorker.java:148) ~[testng-7.8.0.jar:7.8.0]
	at org.testng.internal.invokers.TestMethodWorker.run(TestMethodWorker.java:128) ~[testng-7.8.0.jar:7.8.0]
	at java.util.ArrayList.forEach(ArrayList.java:1596) [?:?]
	at org.testng.TestRunner.privateRun(TestRunner.java:848) [testng-7.8.0.jar:7.8.0]
	at org.testng.TestRunner.run(TestRunner.java:621) [testng-7.8.0.jar:7.8.0]
	at org.testng.SuiteRunner.runTest(SuiteRunner.java:443) [testng-7.8.0.jar:7.8.0]
	at org.testng.SuiteRunner.runSequentially(SuiteRunner.java:437) [testng-7.8.0.jar:7.8.0]
	at org.testng.SuiteRunner.privateRun(SuiteRunner.java:397) [testng-7.8.0.jar:7.8.0]
	at org.testng.SuiteRunner.run(SuiteRunner.java:336) [testng-7.8.0.jar:7.8.0]
	at org.testng.SuiteRunnerWorker.runSuite(SuiteRunnerWorker.java:52) [testng-7.8.0.jar:7.8.0]
	at org.testng.SuiteRunnerWorker.run(SuiteRunnerWorker.java:95) [testng-7.8.0.jar:7.8.0]
	at org.testng.TestNG.runSuitesSequentially(TestNG.java:1280) [testng-7.8.0.jar:7.8.0]
	at org.testng.TestNG.runSuitesLocally(TestNG.java:1200) [testng-7.8.0.jar:7.8.0]
	at org.testng.TestNG.runSuites(TestNG.java:1114) [testng-7.8.0.jar:7.8.0]
	at org.testng.TestNG.run(TestNG.java:1082) [testng-7.8.0.jar:7.8.0]
	at com.microsoft.java.test.runner.testng.TestNGRunner.run(TestNGRunner.java:45) [com.microsoft.java.test.runner-jar-with-dependencies.jar:?]
	at com.microsoft.java.test.runner.testng.TestNGLauncher.execute(TestNGLauncher.java:32) [com.microsoft.java.test.runner-jar-with-dependencies.jar:?]
	at com.microsoft.java.test.runner.Launcher.main(Launcher.java:57) [com.microsoft.java.test.runner-jar-with-dependencies.jar:?]
2025-01-25 15:34:37 [main] ERROR test.java.AmazonTest - Failed to take screenshot for step: HPFilterApplied
java.io.FileNotFoundException: screenshots/HPFilterApplied.png (No such file or directory)
	at java.io.FileOutputStream.open0(Native Method) ~[?:?]
	at java.io.FileOutputStream.open(FileOutputStream.java:289) ~[?:?]
	at java.io.FileOutputStream.<init>(FileOutputStream.java:230) ~[?:?]
	at java.io.FileOutputStream.<init>(FileOutputStream.java:179) ~[?:?]
	at org.openqa.selenium.io.FileHandler.copyFile(FileHandler.java:131) ~[selenium-os-4.12.0.jar:?]
	at org.openqa.selenium.io.FileHandler.copy(FileHandler.java:110) ~[selenium-os-4.12.0.jar:?]
	at test.java.AmazonTest.takeScreenshot(AmazonTest.java:134) ~[test-classes/:?]
	at test.java.AmazonTest.filterResultsByBrand(AmazonTest.java:84) ~[test-classes/:?]
	at jdk.internal.reflect.DirectMethodHandleAccessor.invoke(DirectMethodHandleAccessor.java:103) ~[?:?]
	at java.lang.reflect.Method.invoke(Method.java:580) ~[?:?]
	at org.testng.internal.invokers.MethodInvocationHelper.invokeMethod(MethodInvocationHelper.java:139) ~[testng-7.8.0.jar:7.8.0]
	at org.testng.internal.invokers.TestInvoker.invokeMethod(TestInvoker.java:664) ~[testng-7.8.0.jar:7.8.0]
	at org.testng.internal.invokers.TestInvoker.invokeTestMethod(TestInvoker.java:227) ~[testng-7.8.0.jar:7.8.0]
	at org.testng.internal.invokers.MethodRunner.runInSequence(MethodRunner.java:50) ~[testng-7.8.0.jar:7.8.0]
	at org.testng.internal.invokers.TestInvoker$MethodInvocationAgent.invoke(TestInvoker.java:957) ~[testng-7.8.0.jar:7.8.0]
	at org.testng.internal.invokers.TestInvoker.invokeTestMethods(TestInvoker.java:200) ~[testng-7.8.0.jar:7.8.0]
	at org.testng.internal.invokers.TestMethodWorker.invokeTestMethods(TestMethodWorker.java:148) ~[testng-7.8.0.jar:7.8.0]
	at org.testng.internal.invokers.TestMethodWorker.run(TestMethodWorker.java:128) ~[testng-7.8.0.jar:7.8.0]
	at java.util.ArrayList.forEach(ArrayList.java:1596) [?:?]
	at org.testng.TestRunner.privateRun(TestRunner.java:848) [testng-7.8.0.jar:7.8.0]
	at org.testng.TestRunner.run(TestRunner.java:621) [testng-7.8.0.jar:7.8.0]
	at org.testng.SuiteRunner.runTest(SuiteRunner.java:443) [testng-7.8.0.jar:7.8.0]
	at org.testng.SuiteRunner.runSequentially(SuiteRunner.java:437) [testng-7.8.0.jar:7.8.0]
	at org.testng.SuiteRunner.privateRun(SuiteRunner.java:397) [testng-7.8.0.jar:7.8.0]
	at org.testng.SuiteRunner.run(SuiteRunner.java:336) [testng-7.8.0.jar:7.8.0]
	at org.testng.SuiteRunnerWorker.runSuite(SuiteRunnerWorker.java:52) [testng-7.8.0.jar:7.8.0]
	at org.testng.SuiteRunnerWorker.run(SuiteRunnerWorker.java:95) [testng-7.8.0.jar:7.8.0]
	at org.testng.TestNG.runSuitesSequentially(TestNG.java:1280) [testng-7.8.0.jar:7.8.0]
	at org.testng.TestNG.runSuitesLocally(TestNG.java:1200) [testng-7.8.0.jar:7.8.0]
	at org.testng.TestNG.runSuites(TestNG.java:1114) [testng-7.8.0.jar:7.8.0]
	at org.testng.TestNG.run(TestNG.java:1082) [testng-7.8.0.jar:7.8.0]
	at com.microsoft.java.test.runner.testng.TestNGRunner.run(TestNGRunner.java:45) [com.microsoft.java.test.runner-jar-with-dependencies.jar:?]
	at com.microsoft.java.test.runner.testng.TestNGLauncher.execute(TestNGLauncher.java:32) [com.microsoft.java.test.runner-jar-with-dependencies.jar:?]
	at com.microsoft.java.test.runner.Launcher.main(Launcher.java:57) [com.microsoft.java.test.runner-jar-with-dependencies.jar:?]
2025-01-25 15:34:37 [main] INFO  test.java.AmazonTest - Verifying filtered results contain 'HP'
2025-01-25 15:34:37 [main] ERROR test.java.AmazonTest - Failed to take screenshot for step: HPFilterResultsVerified
java.io.FileNotFoundException: screenshots/HPFilterResultsVerified.png (No such file or directory)
	at java.io.FileOutputStream.open0(Native Method) ~[?:?]
	at java.io.FileOutputStream.open(FileOutputStream.java:289) ~[?:?]
	at java.io.FileOutputStream.<init>(FileOutputStream.java:230) ~[?:?]
	at java.io.FileOutputStream.<init>(FileOutputStream.java:179) ~[?:?]
	at org.openqa.selenium.io.FileHandler.copyFile(FileHandler.java:131) ~[selenium-os-4.12.0.jar:?]
	at org.openqa.selenium.io.FileHandler.copy(FileHandler.java:110) ~[selenium-os-4.12.0.jar:?]
	at test.java.AmazonTest.takeScreenshot(AmazonTest.java:134) ~[test-classes/:?]
	at test.java.AmazonTest.filterResultsByBrand(AmazonTest.java:91) ~[test-classes/:?]
	at jdk.internal.reflect.DirectMethodHandleAccessor.invoke(DirectMethodHandleAccessor.java:103) ~[?:?]
	at java.lang.reflect.Method.invoke(Method.java:580) ~[?:?]
	at org.testng.internal.invokers.MethodInvocationHelper.invokeMethod(MethodInvocationHelper.java:139) ~[testng-7.8.0.jar:7.8.0]
	at org.testng.internal.invokers.TestInvoker.invokeMethod(TestInvoker.java:664) ~[testng-7.8.0.jar:7.8.0]
	at org.testng.internal.invokers.TestInvoker.invokeTestMethod(TestInvoker.java:227) ~[testng-7.8.0.jar:7.8.0]
	at org.testng.internal.invokers.MethodRunner.runInSequence(MethodRunner.java:50) ~[testng-7.8.0.jar:7.8.0]
	at org.testng.internal.invokers.TestInvoker$MethodInvocationAgent.invoke(TestInvoker.java:957) ~[testng-7.8.0.jar:7.8.0]
	at org.testng.internal.invokers.TestInvoker.invokeTestMethods(TestInvoker.java:200) ~[testng-7.8.0.jar:7.8.0]
	at org.testng.internal.invokers.TestMethodWorker.invokeTestMethods(TestMethodWorker.java:148) ~[testng-7.8.0.jar:7.8.0]
	at org.testng.internal.invokers.TestMethodWorker.run(TestMethodWorker.java:128) ~[testng-7.8.0.jar:7.8.0]
	at java.util.ArrayList.forEach(ArrayList.java:1596) [?:?]
	at org.testng.TestRunner.privateRun(TestRunner.java:848) [testng-7.8.0.jar:7.8.0]
	at org.testng.TestRunner.run(TestRunner.java:621) [testng-7.8.0.jar:7.8.0]
	at org.testng.SuiteRunner.runTest(SuiteRunner.java:443) [testng-7.8.0.jar:7.8.0]
	at org.testng.SuiteRunner.runSequentially(SuiteRunner.java:437) [testng-7.8.0.jar:7.8.0]
	at org.testng.SuiteRunner.privateRun(SuiteRunner.java:397) [testng-7.8.0.jar:7.8.0]
	at org.testng.SuiteRunner.run(SuiteRunner.java:336) [testng-7.8.0.jar:7.8.0]
	at org.testng.SuiteRunnerWorker.runSuite(SuiteRunnerWorker.java:52) [testng-7.8.0.jar:7.8.0]
	at org.testng.SuiteRunnerWorker.run(SuiteRunnerWorker.java:95) [testng-7.8.0.jar:7.8.0]
	at org.testng.TestNG.runSuitesSequentially(TestNG.java:1280) [testng-7.8.0.jar:7.8.0]
	at org.testng.TestNG.runSuitesLocally(TestNG.java:1200) [testng-7.8.0.jar:7.8.0]
	at org.testng.TestNG.runSuites(TestNG.java:1114) [testng-7.8.0.jar:7.8.0]
	at org.testng.TestNG.run(TestNG.java:1082) [testng-7.8.0.jar:7.8.0]
	at com.microsoft.java.test.runner.testng.TestNGRunner.run(TestNGRunner.java:45) [com.microsoft.java.test.runner-jar-with-dependencies.jar:?]
	at com.microsoft.java.test.runner.testng.TestNGLauncher.execute(TestNGLauncher.java:32) [com.microsoft.java.test.runner-jar-with-dependencies.jar:?]
	at com.microsoft.java.test.runner.Launcher.main(Launcher.java:57) [com.microsoft.java.test.runner-jar-with-dependencies.jar:?]
2025-01-25 15:34:37 [main] INFO  test.java.AmazonTest - Clicking on the first product
2025-01-25 15:34:37 [main] ERROR test.java.AmazonTest - Failed to take screenshot for step: FirstProductLocated
java.io.FileNotFoundException: screenshots/FirstProductLocated.png (No such file or directory)
	at java.io.FileOutputStream.open0(Native Method) ~[?:?]
	at java.io.FileOutputStream.open(FileOutputStream.java:289) ~[?:?]
	at java.io.FileOutputStream.<init>(FileOutputStream.java:230) ~[?:?]
	at java.io.FileOutputStream.<init>(FileOutputStream.java:179) ~[?:?]
	at org.openqa.selenium.io.FileHandler.copyFile(FileHandler.java:131) ~[selenium-os-4.12.0.jar:?]
	at org.openqa.selenium.io.FileHandler.copy(FileHandler.java:110) ~[selenium-os-4.12.0.jar:?]
	at test.java.AmazonTest.takeScreenshot(AmazonTest.java:134) ~[test-classes/:?]
	at test.java.AmazonTest.verifyProductNavigation(AmazonTest.java:104) ~[test-classes/:?]
	at jdk.internal.reflect.DirectMethodHandleAccessor.invoke(DirectMethodHandleAccessor.java:103) ~[?:?]
	at java.lang.reflect.Method.invoke(Method.java:580) ~[?:?]
	at org.testng.internal.invokers.MethodInvocationHelper.invokeMethod(MethodInvocationHelper.java:139) ~[testng-7.8.0.jar:7.8.0]
	at org.testng.internal.invokers.TestInvoker.invokeMethod(TestInvoker.java:664) ~[testng-7.8.0.jar:7.8.0]
	at org.testng.internal.invokers.TestInvoker.invokeTestMethod(TestInvoker.java:227) ~[testng-7.8.0.jar:7.8.0]
	at org.testng.internal.invokers.MethodRunner.runInSequence(MethodRunner.java:50) ~[testng-7.8.0.jar:7.8.0]
	at org.testng.internal.invokers.TestInvoker$MethodInvocationAgent.invoke(TestInvoker.java:957) ~[testng-7.8.0.jar:7.8.0]
	at org.testng.internal.invokers.TestInvoker.invokeTestMethods(TestInvoker.java:200) ~[testng-7.8.0.jar:7.8.0]
	at org.testng.internal.invokers.TestMethodWorker.invokeTestMethods(TestMethodWorker.java:148) ~[testng-7.8.0.jar:7.8.0]
	at org.testng.internal.invokers.TestMethodWorker.run(TestMethodWorker.java:128) ~[testng-7.8.0.jar:7.8.0]
	at java.util.ArrayList.forEach(ArrayList.java:1596) [?:?]
	at org.testng.TestRunner.privateRun(TestRunner.java:848) [testng-7.8.0.jar:7.8.0]
	at org.testng.TestRunner.run(TestRunner.java:621) [testng-7.8.0.jar:7.8.0]
	at org.testng.SuiteRunner.runTest(SuiteRunner.java:443) [testng-7.8.0.jar:7.8.0]
	at org.testng.SuiteRunner.runSequentially(SuiteRunner.java:437) [testng-7.8.0.jar:7.8.0]
	at org.testng.SuiteRunner.privateRun(SuiteRunner.java:397) [testng-7.8.0.jar:7.8.0]
	at org.testng.SuiteRunner.run(SuiteRunner.java:336) [testng-7.8.0.jar:7.8.0]
	at org.testng.SuiteRunnerWorker.runSuite(SuiteRunnerWorker.java:52) [testng-7.8.0.jar:7.8.0]
	at org.testng.SuiteRunnerWorker.run(SuiteRunnerWorker.java:95) [testng-7.8.0.jar:7.8.0]
	at org.testng.TestNG.runSuitesSequentially(TestNG.java:1280) [testng-7.8.0.jar:7.8.0]
	at org.testng.TestNG.runSuitesLocally(TestNG.java:1200) [testng-7.8.0.jar:7.8.0]
	at org.testng.TestNG.runSuites(TestNG.java:1114) [testng-7.8.0.jar:7.8.0]
	at org.testng.TestNG.run(TestNG.java:1082) [testng-7.8.0.jar:7.8.0]
	at com.microsoft.java.test.runner.testng.TestNGRunner.run(TestNGRunner.java:45) [com.microsoft.java.test.runner-jar-with-dependencies.jar:?]
	at com.microsoft.java.test.runner.testng.TestNGLauncher.execute(TestNGLauncher.java:32) [com.microsoft.java.test.runner-jar-with-dependencies.jar:?]
	at com.microsoft.java.test.runner.Launcher.main(Launcher.java:57) [com.microsoft.java.test.runner-jar-with-dependencies.jar:?]
2025-01-25 15:34:40 [main] ERROR test.java.AmazonTest - Failed to take screenshot for step: FirstProductPageLoaded
java.io.FileNotFoundException: screenshots/FirstProductPageLoaded.png (No such file or directory)
	at java.io.FileOutputStream.open0(Native Method) ~[?:?]
	at java.io.FileOutputStream.open(FileOutputStream.java:289) ~[?:?]
	at java.io.FileOutputStream.<init>(FileOutputStream.java:230) ~[?:?]
	at java.io.FileOutputStream.<init>(FileOutputStream.java:179) ~[?:?]
	at org.openqa.selenium.io.FileHandler.copyFile(FileHandler.java:131) ~[selenium-os-4.12.0.jar:?]
	at org.openqa.selenium.io.FileHandler.copy(FileHandler.java:110) ~[selenium-os-4.12.0.jar:?]
	at test.java.AmazonTest.takeScreenshot(AmazonTest.java:134) ~[test-classes/:?]
	at test.java.AmazonTest.verifyProductNavigation(AmazonTest.java:107) ~[test-classes/:?]
	at jdk.internal.reflect.DirectMethodHandleAccessor.invoke(DirectMethodHandleAccessor.java:103) ~[?:?]
	at java.lang.reflect.Method.invoke(Method.java:580) ~[?:?]
	at org.testng.internal.invokers.MethodInvocationHelper.invokeMethod(MethodInvocationHelper.java:139) ~[testng-7.8.0.jar:7.8.0]
	at org.testng.internal.invokers.TestInvoker.invokeMethod(TestInvoker.java:664) ~[testng-7.8.0.jar:7.8.0]
	at org.testng.internal.invokers.TestInvoker.invokeTestMethod(TestInvoker.java:227) ~[testng-7.8.0.jar:7.8.0]
	at org.testng.internal.invokers.MethodRunner.runInSequence(MethodRunner.java:50) ~[testng-7.8.0.jar:7.8.0]
	at org.testng.internal.invokers.TestInvoker$MethodInvocationAgent.invoke(TestInvoker.java:957) ~[testng-7.8.0.jar:7.8.0]
	at org.testng.internal.invokers.TestInvoker.invokeTestMethods(TestInvoker.java:200) ~[testng-7.8.0.jar:7.8.0]
	at org.testng.internal.invokers.TestMethodWorker.invokeTestMethods(TestMethodWorker.java:148) ~[testng-7.8.0.jar:7.8.0]
	at org.testng.internal.invokers.TestMethodWorker.run(TestMethodWorker.java:128) ~[testng-7.8.0.jar:7.8.0]
	at java.util.ArrayList.forEach(ArrayList.java:1596) [?:?]
	at org.testng.TestRunner.privateRun(TestRunner.java:848) [testng-7.8.0.jar:7.8.0]
	at org.testng.TestRunner.run(TestRunner.java:621) [testng-7.8.0.jar:7.8.0]
	at org.testng.SuiteRunner.runTest(SuiteRunner.java:443) [testng-7.8.0.jar:7.8.0]
	at org.testng.SuiteRunner.runSequentially(SuiteRunner.java:437) [testng-7.8.0.jar:7.8.0]
	at org.testng.SuiteRunner.privateRun(SuiteRunner.java:397) [testng-7.8.0.jar:7.8.0]
	at org.testng.SuiteRunner.run(SuiteRunner.java:336) [testng-7.8.0.jar:7.8.0]
	at org.testng.SuiteRunnerWorker.runSuite(SuiteRunnerWorker.java:52) [testng-7.8.0.jar:7.8.0]
	at org.testng.SuiteRunnerWorker.run(SuiteRunnerWorker.java:95) [testng-7.8.0.jar:7.8.0]
	at org.testng.TestNG.runSuitesSequentially(TestNG.java:1280) [testng-7.8.0.jar:7.8.0]
	at org.testng.TestNG.runSuitesLocally(TestNG.java:1200) [testng-7.8.0.jar:7.8.0]
	at org.testng.TestNG.runSuites(TestNG.java:1114) [testng-7.8.0.jar:7.8.0]
	at org.testng.TestNG.run(TestNG.java:1082) [testng-7.8.0.jar:7.8.0]
	at com.microsoft.java.test.runner.testng.TestNGRunner.run(TestNGRunner.java:45) [com.microsoft.java.test.runner-jar-with-dependencies.jar:?]
	at com.microsoft.java.test.runner.testng.TestNGLauncher.execute(TestNGLauncher.java:32) [com.microsoft.java.test.runner-jar-with-dependencies.jar:?]
	at com.microsoft.java.test.runner.Launcher.main(Launcher.java:57) [com.microsoft.java.test.runner-jar-with-dependencies.jar:?]
2025-01-25 15:34:40 [main] INFO  test.java.AmazonTest - Verifying product page title
2025-01-25 15:34:40 [main] ERROR test.java.AmazonTest - Failed to take screenshot for step: ProductPageTitleVerified
java.io.FileNotFoundException: screenshots/ProductPageTitleVerified.png (No such file or directory)
	at java.io.FileOutputStream.open0(Native Method) ~[?:?]
	at java.io.FileOutputStream.open(FileOutputStream.java:289) ~[?:?]
	at java.io.FileOutputStream.<init>(FileOutputStream.java:230) ~[?:?]
	at java.io.FileOutputStream.<init>(FileOutputStream.java:179) ~[?:?]
	at org.openqa.selenium.io.FileHandler.copyFile(FileHandler.java:131) ~[selenium-os-4.12.0.jar:?]
	at org.openqa.selenium.io.FileHandler.copy(FileHandler.java:110) ~[selenium-os-4.12.0.jar:?]
	at test.java.AmazonTest.takeScreenshot(AmazonTest.java:134) ~[test-classes/:?]
	at test.java.AmazonTest.verifyProductNavigation(AmazonTest.java:113) ~[test-classes/:?]
	at jdk.internal.reflect.DirectMethodHandleAccessor.invoke(DirectMethodHandleAccessor.java:103) ~[?:?]
	at java.lang.reflect.Method.invoke(Method.java:580) ~[?:?]
	at org.testng.internal.invokers.MethodInvocationHelper.invokeMethod(MethodInvocationHelper.java:139) ~[testng-7.8.0.jar:7.8.0]
	at org.testng.internal.invokers.TestInvoker.invokeMethod(TestInvoker.java:664) ~[testng-7.8.0.jar:7.8.0]
	at org.testng.internal.invokers.TestInvoker.invokeTestMethod(TestInvoker.java:227) ~[testng-7.8.0.jar:7.8.0]
	at org.testng.internal.invokers.MethodRunner.runInSequence(MethodRunner.java:50) ~[testng-7.8.0.jar:7.8.0]
	at org.testng.internal.invokers.TestInvoker$MethodInvocationAgent.invoke(TestInvoker.java:957) ~[testng-7.8.0.jar:7.8.0]
	at org.testng.internal.invokers.TestInvoker.invokeTestMethods(TestInvoker.java:200) ~[testng-7.8.0.jar:7.8.0]
	at org.testng.internal.invokers.TestMethodWorker.invokeTestMethods(TestMethodWorker.java:148) ~[testng-7.8.0.jar:7.8.0]
	at org.testng.internal.invokers.TestMethodWorker.run(TestMethodWorker.java:128) ~[testng-7.8.0.jar:7.8.0]
	at java.util.ArrayList.forEach(ArrayList.java:1596) [?:?]
	at org.testng.TestRunner.privateRun(TestRunner.java:848) [testng-7.8.0.jar:7.8.0]
	at org.testng.TestRunner.run(TestRunner.java:621) [testng-7.8.0.jar:7.8.0]
	at org.testng.SuiteRunner.runTest(SuiteRunner.java:443) [testng-7.8.0.jar:7.8.0]
	at org.testng.SuiteRunner.runSequentially(SuiteRunner.java:437) [testng-7.8.0.jar:7.8.0]
	at org.testng.SuiteRunner.privateRun(SuiteRunner.java:397) [testng-7.8.0.jar:7.8.0]
	at org.testng.SuiteRunner.run(SuiteRunner.java:336) [testng-7.8.0.jar:7.8.0]
	at org.testng.SuiteRunnerWorker.runSuite(SuiteRunnerWorker.java:52) [testng-7.8.0.jar:7.8.0]
	at org.testng.SuiteRunnerWorker.run(SuiteRunnerWorker.java:95) [testng-7.8.0.jar:7.8.0]
	at org.testng.TestNG.runSuitesSequentially(TestNG.java:1280) [testng-7.8.0.jar:7.8.0]
	at org.testng.TestNG.runSuitesLocally(TestNG.java:1200) [testng-7.8.0.jar:7.8.0]
	at org.testng.TestNG.runSuites(TestNG.java:1114) [testng-7.8.0.jar:7.8.0]
	at org.testng.TestNG.run(TestNG.java:1082) [testng-7.8.0.jar:7.8.0]
	at com.microsoft.java.test.runner.testng.TestNGRunner.run(TestNGRunner.java:45) [com.microsoft.java.test.runner-jar-with-dependencies.jar:?]
	at com.microsoft.java.test.runner.testng.TestNGLauncher.execute(TestNGLauncher.java:32) [com.microsoft.java.test.runner-jar-with-dependencies.jar:?]
	at com.microsoft.java.test.runner.Launcher.main(Launcher.java:57) [com.microsoft.java.test.runner-jar-with-dependencies.jar:?]
2025-01-25 15:34:40 [main] INFO  test.java.AmazonTest - Closing WebDriver and finalizing Extent Reports
2025-01-25 15:35:22 [main] INFO  test.java.AmazonTest - Setting up WebDriver and Extent Reports
2025-01-25 15:35:24 [main] INFO  test.java.AmazonTest - Navigating to Amazon website
2025-01-25 15:35:26 [main] INFO  test.java.AmazonTest - Verifying homepage title
2025-01-25 15:35:26 [main] INFO  test.java.AmazonTest - Searching for 'laptop'
2025-01-25 15:35:29 [main] INFO  test.java.AmazonTest - Verifying search results
2025-01-25 15:35:30 [main] INFO  test.java.AmazonTest - Applying filter for 'HP' brand
2025-01-25 15:35:32 [main] INFO  test.java.AmazonTest - Verifying filtered results contain 'HP'
2025-01-25 15:35:32 [main] INFO  test.java.AmazonTest - Clicking on the first product
2025-01-25 15:35:35 [main] INFO  test.java.AmazonTest - Verifying product page title
2025-01-25 15:35:35 [main] INFO  test.java.AmazonTest - Closing WebDriver and finalizing Extent Reports
2025-01-25 15:37:28 [main] INFO  test.java.AmazonTest - Setting up WebDriver and Extent Reports
2025-01-25 15:37:29 [main] INFO  test.java.AmazonTest - Navigating to Amazon website
2025-01-25 15:37:31 [main] ERROR test.java.AmazonTest - Failed to take screenshot for step: HomePage
java.io.FileNotFoundException: /screenshots/HomePage.png (No such file or directory)
	at java.io.FileOutputStream.open0(Native Method) ~[?:?]
	at java.io.FileOutputStream.open(FileOutputStream.java:289) ~[?:?]
	at java.io.FileOutputStream.<init>(FileOutputStream.java:230) ~[?:?]
	at java.io.FileOutputStream.<init>(FileOutputStream.java:179) ~[?:?]
	at org.openqa.selenium.io.FileHandler.copyFile(FileHandler.java:131) ~[selenium-os-4.12.0.jar:?]
	at org.openqa.selenium.io.FileHandler.copy(FileHandler.java:110) ~[selenium-os-4.12.0.jar:?]
	at test.java.AmazonTest.takeScreenshot(AmazonTest.java:134) ~[test-classes/:?]
	at test.java.AmazonTest.verifyHomePageTitle(AmazonTest.java:45) ~[test-classes/:?]
	at jdk.internal.reflect.DirectMethodHandleAccessor.invoke(DirectMethodHandleAccessor.java:103) ~[?:?]
	at java.lang.reflect.Method.invoke(Method.java:580) ~[?:?]
	at org.testng.internal.invokers.MethodInvocationHelper.invokeMethod(MethodInvocationHelper.java:139) ~[testng-7.8.0.jar:7.8.0]
	at org.testng.internal.invokers.TestInvoker.invokeMethod(TestInvoker.java:664) ~[testng-7.8.0.jar:7.8.0]
	at org.testng.internal.invokers.TestInvoker.invokeTestMethod(TestInvoker.java:227) ~[testng-7.8.0.jar:7.8.0]
	at org.testng.internal.invokers.MethodRunner.runInSequence(MethodRunner.java:50) ~[testng-7.8.0.jar:7.8.0]
	at org.testng.internal.invokers.TestInvoker$MethodInvocationAgent.invoke(TestInvoker.java:957) ~[testng-7.8.0.jar:7.8.0]
	at org.testng.internal.invokers.TestInvoker.invokeTestMethods(TestInvoker.java:200) ~[testng-7.8.0.jar:7.8.0]
	at org.testng.internal.invokers.TestMethodWorker.invokeTestMethods(TestMethodWorker.java:148) ~[testng-7.8.0.jar:7.8.0]
	at org.testng.internal.invokers.TestMethodWorker.run(TestMethodWorker.java:128) ~[testng-7.8.0.jar:7.8.0]
	at java.util.ArrayList.forEach(ArrayList.java:1596) [?:?]
	at org.testng.TestRunner.privateRun(TestRunner.java:848) [testng-7.8.0.jar:7.8.0]
	at org.testng.TestRunner.run(TestRunner.java:621) [testng-7.8.0.jar:7.8.0]
	at org.testng.SuiteRunner.runTest(SuiteRunner.java:443) [testng-7.8.0.jar:7.8.0]
	at org.testng.SuiteRunner.runSequentially(SuiteRunner.java:437) [testng-7.8.0.jar:7.8.0]
	at org.testng.SuiteRunner.privateRun(SuiteRunner.java:397) [testng-7.8.0.jar:7.8.0]
	at org.testng.SuiteRunner.run(SuiteRunner.java:336) [testng-7.8.0.jar:7.8.0]
	at org.testng.SuiteRunnerWorker.runSuite(SuiteRunnerWorker.java:52) [testng-7.8.0.jar:7.8.0]
	at org.testng.SuiteRunnerWorker.run(SuiteRunnerWorker.java:95) [testng-7.8.0.jar:7.8.0]
	at org.testng.TestNG.runSuitesSequentially(TestNG.java:1280) [testng-7.8.0.jar:7.8.0]
	at org.testng.TestNG.runSuitesLocally(TestNG.java:1200) [testng-7.8.0.jar:7.8.0]
	at org.testng.TestNG.runSuites(TestNG.java:1114) [testng-7.8.0.jar:7.8.0]
	at org.testng.TestNG.run(TestNG.java:1082) [testng-7.8.0.jar:7.8.0]
	at com.microsoft.java.test.runner.testng.TestNGRunner.run(TestNGRunner.java:45) [com.microsoft.java.test.runner-jar-with-dependencies.jar:?]
	at com.microsoft.java.test.runner.testng.TestNGLauncher.execute(TestNGLauncher.java:32) [com.microsoft.java.test.runner-jar-with-dependencies.jar:?]
	at com.microsoft.java.test.runner.Launcher.main(Launcher.java:57) [com.microsoft.java.test.runner-jar-with-dependencies.jar:?]
2025-01-25 15:37:31 [main] INFO  test.java.AmazonTest - Verifying homepage title
2025-01-25 15:37:31 [main] ERROR test.java.AmazonTest - Failed to take screenshot for step: HomePageTitleVerified
java.io.FileNotFoundException: /screenshots/HomePageTitleVerified.png (No such file or directory)
	at java.io.FileOutputStream.open0(Native Method) ~[?:?]
	at java.io.FileOutputStream.open(FileOutputStream.java:289) ~[?:?]
	at java.io.FileOutputStream.<init>(FileOutputStream.java:230) ~[?:?]
	at java.io.FileOutputStream.<init>(FileOutputStream.java:179) ~[?:?]
	at org.openqa.selenium.io.FileHandler.copyFile(FileHandler.java:131) ~[selenium-os-4.12.0.jar:?]
	at org.openqa.selenium.io.FileHandler.copy(FileHandler.java:110) ~[selenium-os-4.12.0.jar:?]
	at test.java.AmazonTest.takeScreenshot(AmazonTest.java:134) ~[test-classes/:?]
	at test.java.AmazonTest.verifyHomePageTitle(AmazonTest.java:50) ~[test-classes/:?]
	at jdk.internal.reflect.DirectMethodHandleAccessor.invoke(DirectMethodHandleAccessor.java:103) ~[?:?]
	at java.lang.reflect.Method.invoke(Method.java:580) ~[?:?]
	at org.testng.internal.invokers.MethodInvocationHelper.invokeMethod(MethodInvocationHelper.java:139) ~[testng-7.8.0.jar:7.8.0]
	at org.testng.internal.invokers.TestInvoker.invokeMethod(TestInvoker.java:664) ~[testng-7.8.0.jar:7.8.0]
	at org.testng.internal.invokers.TestInvoker.invokeTestMethod(TestInvoker.java:227) ~[testng-7.8.0.jar:7.8.0]
	at org.testng.internal.invokers.MethodRunner.runInSequence(MethodRunner.java:50) ~[testng-7.8.0.jar:7.8.0]
	at org.testng.internal.invokers.TestInvoker$MethodInvocationAgent.invoke(TestInvoker.java:957) ~[testng-7.8.0.jar:7.8.0]
	at org.testng.internal.invokers.TestInvoker.invokeTestMethods(TestInvoker.java:200) ~[testng-7.8.0.jar:7.8.0]
	at org.testng.internal.invokers.TestMethodWorker.invokeTestMethods(TestMethodWorker.java:148) ~[testng-7.8.0.jar:7.8.0]
	at org.testng.internal.invokers.TestMethodWorker.run(TestMethodWorker.java:128) ~[testng-7.8.0.jar:7.8.0]
	at java.util.ArrayList.forEach(ArrayList.java:1596) [?:?]
	at org.testng.TestRunner.privateRun(TestRunner.java:848) [testng-7.8.0.jar:7.8.0]
	at org.testng.TestRunner.run(TestRunner.java:621) [testng-7.8.0.jar:7.8.0]
	at org.testng.SuiteRunner.runTest(SuiteRunner.java:443) [testng-7.8.0.jar:7.8.0]
	at org.testng.SuiteRunner.runSequentially(SuiteRunner.java:437) [testng-7.8.0.jar:7.8.0]
	at org.testng.SuiteRunner.privateRun(SuiteRunner.java:397) [testng-7.8.0.jar:7.8.0]
	at org.testng.SuiteRunner.run(SuiteRunner.java:336) [testng-7.8.0.jar:7.8.0]
	at org.testng.SuiteRunnerWorker.runSuite(SuiteRunnerWorker.java:52) [testng-7.8.0.jar:7.8.0]
	at org.testng.SuiteRunnerWorker.run(SuiteRunnerWorker.java:95) [testng-7.8.0.jar:7.8.0]
	at org.testng.TestNG.runSuitesSequentially(TestNG.java:1280) [testng-7.8.0.jar:7.8.0]
	at org.testng.TestNG.runSuitesLocally(TestNG.java:1200) [testng-7.8.0.jar:7.8.0]
	at org.testng.TestNG.runSuites(TestNG.java:1114) [testng-7.8.0.jar:7.8.0]
	at org.testng.TestNG.run(TestNG.java:1082) [testng-7.8.0.jar:7.8.0]
	at com.microsoft.java.test.runner.testng.TestNGRunner.run(TestNGRunner.java:45) [com.microsoft.java.test.runner-jar-with-dependencies.jar:?]
	at com.microsoft.java.test.runner.testng.TestNGLauncher.execute(TestNGLauncher.java:32) [com.microsoft.java.test.runner-jar-with-dependencies.jar:?]
	at com.microsoft.java.test.runner.Launcher.main(Launcher.java:57) [com.microsoft.java.test.runner-jar-with-dependencies.jar:?]
2025-01-25 15:37:31 [main] INFO  test.java.AmazonTest - Searching for 'laptop'
2025-01-25 15:37:32 [main] ERROR test.java.AmazonTest - Failed to take screenshot for step: SearchBoxLocated
java.io.FileNotFoundException: /screenshots/SearchBoxLocated.png (No such file or directory)
	at java.io.FileOutputStream.open0(Native Method) ~[?:?]
	at java.io.FileOutputStream.open(FileOutputStream.java:289) ~[?:?]
	at java.io.FileOutputStream.<init>(FileOutputStream.java:230) ~[?:?]
	at java.io.FileOutputStream.<init>(FileOutputStream.java:179) ~[?:?]
	at org.openqa.selenium.io.FileHandler.copyFile(FileHandler.java:131) ~[selenium-os-4.12.0.jar:?]
	at org.openqa.selenium.io.FileHandler.copy(FileHandler.java:110) ~[selenium-os-4.12.0.jar:?]
	at test.java.AmazonTest.takeScreenshot(AmazonTest.java:134) ~[test-classes/:?]
	at test.java.AmazonTest.searchTest(AmazonTest.java:59) ~[test-classes/:?]
	at jdk.internal.reflect.DirectMethodHandleAccessor.invoke(DirectMethodHandleAccessor.java:103) ~[?:?]
	at java.lang.reflect.Method.invoke(Method.java:580) ~[?:?]
	at org.testng.internal.invokers.MethodInvocationHelper.invokeMethod(MethodInvocationHelper.java:139) ~[testng-7.8.0.jar:7.8.0]
	at org.testng.internal.invokers.TestInvoker.invokeMethod(TestInvoker.java:664) ~[testng-7.8.0.jar:7.8.0]
	at org.testng.internal.invokers.TestInvoker.invokeTestMethod(TestInvoker.java:227) ~[testng-7.8.0.jar:7.8.0]
	at org.testng.internal.invokers.MethodRunner.runInSequence(MethodRunner.java:50) ~[testng-7.8.0.jar:7.8.0]
	at org.testng.internal.invokers.TestInvoker$MethodInvocationAgent.invoke(TestInvoker.java:957) ~[testng-7.8.0.jar:7.8.0]
	at org.testng.internal.invokers.TestInvoker.invokeTestMethods(TestInvoker.java:200) ~[testng-7.8.0.jar:7.8.0]
	at org.testng.internal.invokers.TestMethodWorker.invokeTestMethods(TestMethodWorker.java:148) ~[testng-7.8.0.jar:7.8.0]
	at org.testng.internal.invokers.TestMethodWorker.run(TestMethodWorker.java:128) ~[testng-7.8.0.jar:7.8.0]
	at java.util.ArrayList.forEach(ArrayList.java:1596) [?:?]
	at org.testng.TestRunner.privateRun(TestRunner.java:848) [testng-7.8.0.jar:7.8.0]
	at org.testng.TestRunner.run(TestRunner.java:621) [testng-7.8.0.jar:7.8.0]
	at org.testng.SuiteRunner.runTest(SuiteRunner.java:443) [testng-7.8.0.jar:7.8.0]
	at org.testng.SuiteRunner.runSequentially(SuiteRunner.java:437) [testng-7.8.0.jar:7.8.0]
	at org.testng.SuiteRunner.privateRun(SuiteRunner.java:397) [testng-7.8.0.jar:7.8.0]
	at org.testng.SuiteRunner.run(SuiteRunner.java:336) [testng-7.8.0.jar:7.8.0]
	at org.testng.SuiteRunnerWorker.runSuite(SuiteRunnerWorker.java:52) [testng-7.8.0.jar:7.8.0]
	at org.testng.SuiteRunnerWorker.run(SuiteRunnerWorker.java:95) [testng-7.8.0.jar:7.8.0]
	at org.testng.TestNG.runSuitesSequentially(TestNG.java:1280) [testng-7.8.0.jar:7.8.0]
	at org.testng.TestNG.runSuitesLocally(TestNG.java:1200) [testng-7.8.0.jar:7.8.0]
	at org.testng.TestNG.runSuites(TestNG.java:1114) [testng-7.8.0.jar:7.8.0]
	at org.testng.TestNG.run(TestNG.java:1082) [testng-7.8.0.jar:7.8.0]
	at com.microsoft.java.test.runner.testng.TestNGRunner.run(TestNGRunner.java:45) [com.microsoft.java.test.runner-jar-with-dependencies.jar:?]
	at com.microsoft.java.test.runner.testng.TestNGLauncher.execute(TestNGLauncher.java:32) [com.microsoft.java.test.runner-jar-with-dependencies.jar:?]
	at com.microsoft.java.test.runner.Launcher.main(Launcher.java:57) [com.microsoft.java.test.runner-jar-with-dependencies.jar:?]
2025-01-25 15:37:32 [main] ERROR test.java.AmazonTest - Failed to take screenshot for step: SearchKeywordEntered
java.io.FileNotFoundException: /screenshots/SearchKeywordEntered.png (No such file or directory)
	at java.io.FileOutputStream.open0(Native Method) ~[?:?]
	at java.io.FileOutputStream.open(FileOutputStream.java:289) ~[?:?]
	at java.io.FileOutputStream.<init>(FileOutputStream.java:230) ~[?:?]
	at java.io.FileOutputStream.<init>(FileOutputStream.java:179) ~[?:?]
	at org.openqa.selenium.io.FileHandler.copyFile(FileHandler.java:131) ~[selenium-os-4.12.0.jar:?]
	at org.openqa.selenium.io.FileHandler.copy(FileHandler.java:110) ~[selenium-os-4.12.0.jar:?]
	at test.java.AmazonTest.takeScreenshot(AmazonTest.java:134) ~[test-classes/:?]
	at test.java.AmazonTest.searchTest(AmazonTest.java:62) ~[test-classes/:?]
	at jdk.internal.reflect.DirectMethodHandleAccessor.invoke(DirectMethodHandleAccessor.java:103) ~[?:?]
	at java.lang.reflect.Method.invoke(Method.java:580) ~[?:?]
	at org.testng.internal.invokers.MethodInvocationHelper.invokeMethod(MethodInvocationHelper.java:139) ~[testng-7.8.0.jar:7.8.0]
	at org.testng.internal.invokers.TestInvoker.invokeMethod(TestInvoker.java:664) ~[testng-7.8.0.jar:7.8.0]
	at org.testng.internal.invokers.TestInvoker.invokeTestMethod(TestInvoker.java:227) ~[testng-7.8.0.jar:7.8.0]
	at org.testng.internal.invokers.MethodRunner.runInSequence(MethodRunner.java:50) ~[testng-7.8.0.jar:7.8.0]
	at org.testng.internal.invokers.TestInvoker$MethodInvocationAgent.invoke(TestInvoker.java:957) ~[testng-7.8.0.jar:7.8.0]
	at org.testng.internal.invokers.TestInvoker.invokeTestMethods(TestInvoker.java:200) ~[testng-7.8.0.jar:7.8.0]
	at org.testng.internal.invokers.TestMethodWorker.invokeTestMethods(TestMethodWorker.java:148) ~[testng-7.8.0.jar:7.8.0]
	at org.testng.internal.invokers.TestMethodWorker.run(TestMethodWorker.java:128) ~[testng-7.8.0.jar:7.8.0]
	at java.util.ArrayList.forEach(ArrayList.java:1596) [?:?]
	at org.testng.TestRunner.privateRun(TestRunner.java:848) [testng-7.8.0.jar:7.8.0]
	at org.testng.TestRunner.run(TestRunner.java:621) [testng-7.8.0.jar:7.8.0]
	at org.testng.SuiteRunner.runTest(SuiteRunner.java:443) [testng-7.8.0.jar:7.8.0]
	at org.testng.SuiteRunner.runSequentially(SuiteRunner.java:437) [testng-7.8.0.jar:7.8.0]
	at org.testng.SuiteRunner.privateRun(SuiteRunner.java:397) [testng-7.8.0.jar:7.8.0]
	at org.testng.SuiteRunner.run(SuiteRunner.java:336) [testng-7.8.0.jar:7.8.0]
	at org.testng.SuiteRunnerWorker.runSuite(SuiteRunnerWorker.java:52) [testng-7.8.0.jar:7.8.0]
	at org.testng.SuiteRunnerWorker.run(SuiteRunnerWorker.java:95) [testng-7.8.0.jar:7.8.0]
	at org.testng.TestNG.runSuitesSequentially(TestNG.java:1280) [testng-7.8.0.jar:7.8.0]
	at org.testng.TestNG.runSuitesLocally(TestNG.java:1200) [testng-7.8.0.jar:7.8.0]
	at org.testng.TestNG.runSuites(TestNG.java:1114) [testng-7.8.0.jar:7.8.0]
	at org.testng.TestNG.run(TestNG.java:1082) [testng-7.8.0.jar:7.8.0]
	at com.microsoft.java.test.runner.testng.TestNGRunner.run(TestNGRunner.java:45) [com.microsoft.java.test.runner-jar-with-dependencies.jar:?]
	at com.microsoft.java.test.runner.testng.TestNGLauncher.execute(TestNGLauncher.java:32) [com.microsoft.java.test.runner-jar-with-dependencies.jar:?]
	at com.microsoft.java.test.runner.Launcher.main(Launcher.java:57) [com.microsoft.java.test.runner-jar-with-dependencies.jar:?]
2025-01-25 15:37:34 [main] ERROR test.java.AmazonTest - Failed to take screenshot for step: SearchResultsLoaded
java.io.FileNotFoundException: /screenshots/SearchResultsLoaded.png (No such file or directory)
	at java.io.FileOutputStream.open0(Native Method) ~[?:?]
	at java.io.FileOutputStream.open(FileOutputStream.java:289) ~[?:?]
	at java.io.FileOutputStream.<init>(FileOutputStream.java:230) ~[?:?]
	at java.io.FileOutputStream.<init>(FileOutputStream.java:179) ~[?:?]
	at org.openqa.selenium.io.FileHandler.copyFile(FileHandler.java:131) ~[selenium-os-4.12.0.jar:?]
	at org.openqa.selenium.io.FileHandler.copy(FileHandler.java:110) ~[selenium-os-4.12.0.jar:?]
	at test.java.AmazonTest.takeScreenshot(AmazonTest.java:134) ~[test-classes/:?]
	at test.java.AmazonTest.searchTest(AmazonTest.java:66) ~[test-classes/:?]
	at jdk.internal.reflect.DirectMethodHandleAccessor.invoke(DirectMethodHandleAccessor.java:103) ~[?:?]
	at java.lang.reflect.Method.invoke(Method.java:580) ~[?:?]
	at org.testng.internal.invokers.MethodInvocationHelper.invokeMethod(MethodInvocationHelper.java:139) ~[testng-7.8.0.jar:7.8.0]
	at org.testng.internal.invokers.TestInvoker.invokeMethod(TestInvoker.java:664) ~[testng-7.8.0.jar:7.8.0]
	at org.testng.internal.invokers.TestInvoker.invokeTestMethod(TestInvoker.java:227) ~[testng-7.8.0.jar:7.8.0]
	at org.testng.internal.invokers.MethodRunner.runInSequence(MethodRunner.java:50) ~[testng-7.8.0.jar:7.8.0]
	at org.testng.internal.invokers.TestInvoker$MethodInvocationAgent.invoke(TestInvoker.java:957) ~[testng-7.8.0.jar:7.8.0]
	at org.testng.internal.invokers.TestInvoker.invokeTestMethods(TestInvoker.java:200) ~[testng-7.8.0.jar:7.8.0]
	at org.testng.internal.invokers.TestMethodWorker.invokeTestMethods(TestMethodWorker.java:148) ~[testng-7.8.0.jar:7.8.0]
	at org.testng.internal.invokers.TestMethodWorker.run(TestMethodWorker.java:128) ~[testng-7.8.0.jar:7.8.0]
	at java.util.ArrayList.forEach(ArrayList.java:1596) [?:?]
	at org.testng.TestRunner.privateRun(TestRunner.java:848) [testng-7.8.0.jar:7.8.0]
	at org.testng.TestRunner.run(TestRunner.java:621) [testng-7.8.0.jar:7.8.0]
	at org.testng.SuiteRunner.runTest(SuiteRunner.java:443) [testng-7.8.0.jar:7.8.0]
	at org.testng.SuiteRunner.runSequentially(SuiteRunner.java:437) [testng-7.8.0.jar:7.8.0]
	at org.testng.SuiteRunner.privateRun(SuiteRunner.java:397) [testng-7.8.0.jar:7.8.0]
	at org.testng.SuiteRunner.run(SuiteRunner.java:336) [testng-7.8.0.jar:7.8.0]
	at org.testng.SuiteRunnerWorker.runSuite(SuiteRunnerWorker.java:52) [testng-7.8.0.jar:7.8.0]
	at org.testng.SuiteRunnerWorker.run(SuiteRunnerWorker.java:95) [testng-7.8.0.jar:7.8.0]
	at org.testng.TestNG.runSuitesSequentially(TestNG.java:1280) [testng-7.8.0.jar:7.8.0]
	at org.testng.TestNG.runSuitesLocally(TestNG.java:1200) [testng-7.8.0.jar:7.8.0]
	at org.testng.TestNG.runSuites(TestNG.java:1114) [testng-7.8.0.jar:7.8.0]
	at org.testng.TestNG.run(TestNG.java:1082) [testng-7.8.0.jar:7.8.0]
	at com.microsoft.java.test.runner.testng.TestNGRunner.run(TestNGRunner.java:45) [com.microsoft.java.test.runner-jar-with-dependencies.jar:?]
	at com.microsoft.java.test.runner.testng.TestNGLauncher.execute(TestNGLauncher.java:32) [com.microsoft.java.test.runner-jar-with-dependencies.jar:?]
	at com.microsoft.java.test.runner.Launcher.main(Launcher.java:57) [com.microsoft.java.test.runner-jar-with-dependencies.jar:?]
2025-01-25 15:37:34 [main] INFO  test.java.AmazonTest - Verifying search results
2025-01-25 15:37:34 [main] ERROR test.java.AmazonTest - Failed to take screenshot for step: SearchResultsVerified
java.io.FileNotFoundException: /screenshots/SearchResultsVerified.png (No such file or directory)
	at java.io.FileOutputStream.open0(Native Method) ~[?:?]
	at java.io.FileOutputStream.open(FileOutputStream.java:289) ~[?:?]
	at java.io.FileOutputStream.<init>(FileOutputStream.java:230) ~[?:?]
	at java.io.FileOutputStream.<init>(FileOutputStream.java:179) ~[?:?]
	at org.openqa.selenium.io.FileHandler.copyFile(FileHandler.java:131) ~[selenium-os-4.12.0.jar:?]
	at org.openqa.selenium.io.FileHandler.copy(FileHandler.java:110) ~[selenium-os-4.12.0.jar:?]
	at test.java.AmazonTest.takeScreenshot(AmazonTest.java:134) ~[test-classes/:?]
	at test.java.AmazonTest.searchTest(AmazonTest.java:71) ~[test-classes/:?]
	at jdk.internal.reflect.DirectMethodHandleAccessor.invoke(DirectMethodHandleAccessor.java:103) ~[?:?]
	at java.lang.reflect.Method.invoke(Method.java:580) ~[?:?]
	at org.testng.internal.invokers.MethodInvocationHelper.invokeMethod(MethodInvocationHelper.java:139) ~[testng-7.8.0.jar:7.8.0]
	at org.testng.internal.invokers.TestInvoker.invokeMethod(TestInvoker.java:664) ~[testng-7.8.0.jar:7.8.0]
	at org.testng.internal.invokers.TestInvoker.invokeTestMethod(TestInvoker.java:227) ~[testng-7.8.0.jar:7.8.0]
	at org.testng.internal.invokers.MethodRunner.runInSequence(MethodRunner.java:50) ~[testng-7.8.0.jar:7.8.0]
	at org.testng.internal.invokers.TestInvoker$MethodInvocationAgent.invoke(TestInvoker.java:957) ~[testng-7.8.0.jar:7.8.0]
	at org.testng.internal.invokers.TestInvoker.invokeTestMethods(TestInvoker.java:200) ~[testng-7.8.0.jar:7.8.0]
	at org.testng.internal.invokers.TestMethodWorker.invokeTestMethods(TestMethodWorker.java:148) ~[testng-7.8.0.jar:7.8.0]
	at org.testng.internal.invokers.TestMethodWorker.run(TestMethodWorker.java:128) ~[testng-7.8.0.jar:7.8.0]
	at java.util.ArrayList.forEach(ArrayList.java:1596) [?:?]
	at org.testng.TestRunner.privateRun(TestRunner.java:848) [testng-7.8.0.jar:7.8.0]
	at org.testng.TestRunner.run(TestRunner.java:621) [testng-7.8.0.jar:7.8.0]
	at org.testng.SuiteRunner.runTest(SuiteRunner.java:443) [testng-7.8.0.jar:7.8.0]
	at org.testng.SuiteRunner.runSequentially(SuiteRunner.java:437) [testng-7.8.0.jar:7.8.0]
	at org.testng.SuiteRunner.privateRun(SuiteRunner.java:397) [testng-7.8.0.jar:7.8.0]
	at org.testng.SuiteRunner.run(SuiteRunner.java:336) [testng-7.8.0.jar:7.8.0]
	at org.testng.SuiteRunnerWorker.runSuite(SuiteRunnerWorker.java:52) [testng-7.8.0.jar:7.8.0]
	at org.testng.SuiteRunnerWorker.run(SuiteRunnerWorker.java:95) [testng-7.8.0.jar:7.8.0]
	at org.testng.TestNG.runSuitesSequentially(TestNG.java:1280) [testng-7.8.0.jar:7.8.0]
	at org.testng.TestNG.runSuitesLocally(TestNG.java:1200) [testng-7.8.0.jar:7.8.0]
	at org.testng.TestNG.runSuites(TestNG.java:1114) [testng-7.8.0.jar:7.8.0]
	at org.testng.TestNG.run(TestNG.java:1082) [testng-7.8.0.jar:7.8.0]
	at com.microsoft.java.test.runner.testng.TestNGRunner.run(TestNGRunner.java:45) [com.microsoft.java.test.runner-jar-with-dependencies.jar:?]
	at com.microsoft.java.test.runner.testng.TestNGLauncher.execute(TestNGLauncher.java:32) [com.microsoft.java.test.runner-jar-with-dependencies.jar:?]
	at com.microsoft.java.test.runner.Launcher.main(Launcher.java:57) [com.microsoft.java.test.runner-jar-with-dependencies.jar:?]
2025-01-25 15:37:34 [main] INFO  test.java.AmazonTest - Applying filter for 'HP' brand
2025-01-25 15:37:35 [main] ERROR test.java.AmazonTest - Failed to take screenshot for step: HPFilterLocated
java.io.FileNotFoundException: /screenshots/HPFilterLocated.png (No such file or directory)
	at java.io.FileOutputStream.open0(Native Method) ~[?:?]
	at java.io.FileOutputStream.open(FileOutputStream.java:289) ~[?:?]
	at java.io.FileOutputStream.<init>(FileOutputStream.java:230) ~[?:?]
	at java.io.FileOutputStream.<init>(FileOutputStream.java:179) ~[?:?]
	at org.openqa.selenium.io.FileHandler.copyFile(FileHandler.java:131) ~[selenium-os-4.12.0.jar:?]
	at org.openqa.selenium.io.FileHandler.copy(FileHandler.java:110) ~[selenium-os-4.12.0.jar:?]
	at test.java.AmazonTest.takeScreenshot(AmazonTest.java:134) ~[test-classes/:?]
	at test.java.AmazonTest.filterResultsByBrand(AmazonTest.java:81) ~[test-classes/:?]
	at jdk.internal.reflect.DirectMethodHandleAccessor.invoke(DirectMethodHandleAccessor.java:103) ~[?:?]
	at java.lang.reflect.Method.invoke(Method.java:580) ~[?:?]
	at org.testng.internal.invokers.MethodInvocationHelper.invokeMethod(MethodInvocationHelper.java:139) ~[testng-7.8.0.jar:7.8.0]
	at org.testng.internal.invokers.TestInvoker.invokeMethod(TestInvoker.java:664) ~[testng-7.8.0.jar:7.8.0]
	at org.testng.internal.invokers.TestInvoker.invokeTestMethod(TestInvoker.java:227) ~[testng-7.8.0.jar:7.8.0]
	at org.testng.internal.invokers.MethodRunner.runInSequence(MethodRunner.java:50) ~[testng-7.8.0.jar:7.8.0]
	at org.testng.internal.invokers.TestInvoker$MethodInvocationAgent.invoke(TestInvoker.java:957) ~[testng-7.8.0.jar:7.8.0]
	at org.testng.internal.invokers.TestInvoker.invokeTestMethods(TestInvoker.java:200) ~[testng-7.8.0.jar:7.8.0]
	at org.testng.internal.invokers.TestMethodWorker.invokeTestMethods(TestMethodWorker.java:148) ~[testng-7.8.0.jar:7.8.0]
	at org.testng.internal.invokers.TestMethodWorker.run(TestMethodWorker.java:128) ~[testng-7.8.0.jar:7.8.0]
	at java.util.ArrayList.forEach(ArrayList.java:1596) [?:?]
	at org.testng.TestRunner.privateRun(TestRunner.java:848) [testng-7.8.0.jar:7.8.0]
	at org.testng.TestRunner.run(TestRunner.java:621) [testng-7.8.0.jar:7.8.0]
	at org.testng.SuiteRunner.runTest(SuiteRunner.java:443) [testng-7.8.0.jar:7.8.0]
	at org.testng.SuiteRunner.runSequentially(SuiteRunner.java:437) [testng-7.8.0.jar:7.8.0]
	at org.testng.SuiteRunner.privateRun(SuiteRunner.java:397) [testng-7.8.0.jar:7.8.0]
	at org.testng.SuiteRunner.run(SuiteRunner.java:336) [testng-7.8.0.jar:7.8.0]
	at org.testng.SuiteRunnerWorker.runSuite(SuiteRunnerWorker.java:52) [testng-7.8.0.jar:7.8.0]
	at org.testng.SuiteRunnerWorker.run(SuiteRunnerWorker.java:95) [testng-7.8.0.jar:7.8.0]
	at org.testng.TestNG.runSuitesSequentially(TestNG.java:1280) [testng-7.8.0.jar:7.8.0]
	at org.testng.TestNG.runSuitesLocally(TestNG.java:1200) [testng-7.8.0.jar:7.8.0]
	at org.testng.TestNG.runSuites(TestNG.java:1114) [testng-7.8.0.jar:7.8.0]
	at org.testng.TestNG.run(TestNG.java:1082) [testng-7.8.0.jar:7.8.0]
	at com.microsoft.java.test.runner.testng.TestNGRunner.run(TestNGRunner.java:45) [com.microsoft.java.test.runner-jar-with-dependencies.jar:?]
	at com.microsoft.java.test.runner.testng.TestNGLauncher.execute(TestNGLauncher.java:32) [com.microsoft.java.test.runner-jar-with-dependencies.jar:?]
	at com.microsoft.java.test.runner.Launcher.main(Launcher.java:57) [com.microsoft.java.test.runner-jar-with-dependencies.jar:?]
2025-01-25 15:37:38 [main] ERROR test.java.AmazonTest - Failed to take screenshot for step: HPFilterApplied
java.io.FileNotFoundException: /screenshots/HPFilterApplied.png (No such file or directory)
	at java.io.FileOutputStream.open0(Native Method) ~[?:?]
	at java.io.FileOutputStream.open(FileOutputStream.java:289) ~[?:?]
	at java.io.FileOutputStream.<init>(FileOutputStream.java:230) ~[?:?]
	at java.io.FileOutputStream.<init>(FileOutputStream.java:179) ~[?:?]
	at org.openqa.selenium.io.FileHandler.copyFile(FileHandler.java:131) ~[selenium-os-4.12.0.jar:?]
	at org.openqa.selenium.io.FileHandler.copy(FileHandler.java:110) ~[selenium-os-4.12.0.jar:?]
	at test.java.AmazonTest.takeScreenshot(AmazonTest.java:134) ~[test-classes/:?]
	at test.java.AmazonTest.filterResultsByBrand(AmazonTest.java:84) ~[test-classes/:?]
	at jdk.internal.reflect.DirectMethodHandleAccessor.invoke(DirectMethodHandleAccessor.java:103) ~[?:?]
	at java.lang.reflect.Method.invoke(Method.java:580) ~[?:?]
	at org.testng.internal.invokers.MethodInvocationHelper.invokeMethod(MethodInvocationHelper.java:139) ~[testng-7.8.0.jar:7.8.0]
	at org.testng.internal.invokers.TestInvoker.invokeMethod(TestInvoker.java:664) ~[testng-7.8.0.jar:7.8.0]
	at org.testng.internal.invokers.TestInvoker.invokeTestMethod(TestInvoker.java:227) ~[testng-7.8.0.jar:7.8.0]
	at org.testng.internal.invokers.MethodRunner.runInSequence(MethodRunner.java:50) ~[testng-7.8.0.jar:7.8.0]
	at org.testng.internal.invokers.TestInvoker$MethodInvocationAgent.invoke(TestInvoker.java:957) ~[testng-7.8.0.jar:7.8.0]
	at org.testng.internal.invokers.TestInvoker.invokeTestMethods(TestInvoker.java:200) ~[testng-7.8.0.jar:7.8.0]
	at org.testng.internal.invokers.TestMethodWorker.invokeTestMethods(TestMethodWorker.java:148) ~[testng-7.8.0.jar:7.8.0]
	at org.testng.internal.invokers.TestMethodWorker.run(TestMethodWorker.java:128) ~[testng-7.8.0.jar:7.8.0]
	at java.util.ArrayList.forEach(ArrayList.java:1596) [?:?]
	at org.testng.TestRunner.privateRun(TestRunner.java:848) [testng-7.8.0.jar:7.8.0]
	at org.testng.TestRunner.run(TestRunner.java:621) [testng-7.8.0.jar:7.8.0]
	at org.testng.SuiteRunner.runTest(SuiteRunner.java:443) [testng-7.8.0.jar:7.8.0]
	at org.testng.SuiteRunner.runSequentially(SuiteRunner.java:437) [testng-7.8.0.jar:7.8.0]
	at org.testng.SuiteRunner.privateRun(SuiteRunner.java:397) [testng-7.8.0.jar:7.8.0]
	at org.testng.SuiteRunner.run(SuiteRunner.java:336) [testng-7.8.0.jar:7.8.0]
	at org.testng.SuiteRunnerWorker.runSuite(SuiteRunnerWorker.java:52) [testng-7.8.0.jar:7.8.0]
	at org.testng.SuiteRunnerWorker.run(SuiteRunnerWorker.java:95) [testng-7.8.0.jar:7.8.0]
	at org.testng.TestNG.runSuitesSequentially(TestNG.java:1280) [testng-7.8.0.jar:7.8.0]
	at org.testng.TestNG.runSuitesLocally(TestNG.java:1200) [testng-7.8.0.jar:7.8.0]
	at org.testng.TestNG.runSuites(TestNG.java:1114) [testng-7.8.0.jar:7.8.0]
	at org.testng.TestNG.run(TestNG.java:1082) [testng-7.8.0.jar:7.8.0]
	at com.microsoft.java.test.runner.testng.TestNGRunner.run(TestNGRunner.java:45) [com.microsoft.java.test.runner-jar-with-dependencies.jar:?]
	at com.microsoft.java.test.runner.testng.TestNGLauncher.execute(TestNGLauncher.java:32) [com.microsoft.java.test.runner-jar-with-dependencies.jar:?]
	at com.microsoft.java.test.runner.Launcher.main(Launcher.java:57) [com.microsoft.java.test.runner-jar-with-dependencies.jar:?]
2025-01-25 15:37:38 [main] INFO  test.java.AmazonTest - Verifying filtered results contain 'HP'
2025-01-25 15:37:38 [main] ERROR test.java.AmazonTest - Failed to take screenshot for step: HPFilterResultsVerified
java.io.FileNotFoundException: /screenshots/HPFilterResultsVerified.png (No such file or directory)
	at java.io.FileOutputStream.open0(Native Method) ~[?:?]
	at java.io.FileOutputStream.open(FileOutputStream.java:289) ~[?:?]
	at java.io.FileOutputStream.<init>(FileOutputStream.java:230) ~[?:?]
	at java.io.FileOutputStream.<init>(FileOutputStream.java:179) ~[?:?]
	at org.openqa.selenium.io.FileHandler.copyFile(FileHandler.java:131) ~[selenium-os-4.12.0.jar:?]
	at org.openqa.selenium.io.FileHandler.copy(FileHandler.java:110) ~[selenium-os-4.12.0.jar:?]
	at test.java.AmazonTest.takeScreenshot(AmazonTest.java:134) ~[test-classes/:?]
	at test.java.AmazonTest.filterResultsByBrand(AmazonTest.java:91) ~[test-classes/:?]
	at jdk.internal.reflect.DirectMethodHandleAccessor.invoke(DirectMethodHandleAccessor.java:103) ~[?:?]
	at java.lang.reflect.Method.invoke(Method.java:580) ~[?:?]
	at org.testng.internal.invokers.MethodInvocationHelper.invokeMethod(MethodInvocationHelper.java:139) ~[testng-7.8.0.jar:7.8.0]
	at org.testng.internal.invokers.TestInvoker.invokeMethod(TestInvoker.java:664) ~[testng-7.8.0.jar:7.8.0]
	at org.testng.internal.invokers.TestInvoker.invokeTestMethod(TestInvoker.java:227) ~[testng-7.8.0.jar:7.8.0]
	at org.testng.internal.invokers.MethodRunner.runInSequence(MethodRunner.java:50) ~[testng-7.8.0.jar:7.8.0]
	at org.testng.internal.invokers.TestInvoker$MethodInvocationAgent.invoke(TestInvoker.java:957) ~[testng-7.8.0.jar:7.8.0]
	at org.testng.internal.invokers.TestInvoker.invokeTestMethods(TestInvoker.java:200) ~[testng-7.8.0.jar:7.8.0]
	at org.testng.internal.invokers.TestMethodWorker.invokeTestMethods(TestMethodWorker.java:148) ~[testng-7.8.0.jar:7.8.0]
	at org.testng.internal.invokers.TestMethodWorker.run(TestMethodWorker.java:128) ~[testng-7.8.0.jar:7.8.0]
	at java.util.ArrayList.forEach(ArrayList.java:1596) [?:?]
	at org.testng.TestRunner.privateRun(TestRunner.java:848) [testng-7.8.0.jar:7.8.0]
	at org.testng.TestRunner.run(TestRunner.java:621) [testng-7.8.0.jar:7.8.0]
	at org.testng.SuiteRunner.runTest(SuiteRunner.java:443) [testng-7.8.0.jar:7.8.0]
	at org.testng.SuiteRunner.runSequentially(SuiteRunner.java:437) [testng-7.8.0.jar:7.8.0]
	at org.testng.SuiteRunner.privateRun(SuiteRunner.java:397) [testng-7.8.0.jar:7.8.0]
	at org.testng.SuiteRunner.run(SuiteRunner.java:336) [testng-7.8.0.jar:7.8.0]
	at org.testng.SuiteRunnerWorker.runSuite(SuiteRunnerWorker.java:52) [testng-7.8.0.jar:7.8.0]
	at org.testng.SuiteRunnerWorker.run(SuiteRunnerWorker.java:95) [testng-7.8.0.jar:7.8.0]
	at org.testng.TestNG.runSuitesSequentially(TestNG.java:1280) [testng-7.8.0.jar:7.8.0]
	at org.testng.TestNG.runSuitesLocally(TestNG.java:1200) [testng-7.8.0.jar:7.8.0]
	at org.testng.TestNG.runSuites(TestNG.java:1114) [testng-7.8.0.jar:7.8.0]
	at org.testng.TestNG.run(TestNG.java:1082) [testng-7.8.0.jar:7.8.0]
	at com.microsoft.java.test.runner.testng.TestNGRunner.run(TestNGRunner.java:45) [com.microsoft.java.test.runner-jar-with-dependencies.jar:?]
	at com.microsoft.java.test.runner.testng.TestNGLauncher.execute(TestNGLauncher.java:32) [com.microsoft.java.test.runner-jar-with-dependencies.jar:?]
	at com.microsoft.java.test.runner.Launcher.main(Launcher.java:57) [com.microsoft.java.test.runner-jar-with-dependencies.jar:?]
2025-01-25 15:37:38 [main] INFO  test.java.AmazonTest - Clicking on the first product
2025-01-25 15:37:38 [main] ERROR test.java.AmazonTest - Failed to take screenshot for step: FirstProductLocated
java.io.FileNotFoundException: /screenshots/FirstProductLocated.png (No such file or directory)
	at java.io.FileOutputStream.open0(Native Method) ~[?:?]
	at java.io.FileOutputStream.open(FileOutputStream.java:289) ~[?:?]
	at java.io.FileOutputStream.<init>(FileOutputStream.java:230) ~[?:?]
	at java.io.FileOutputStream.<init>(FileOutputStream.java:179) ~[?:?]
	at org.openqa.selenium.io.FileHandler.copyFile(FileHandler.java:131) ~[selenium-os-4.12.0.jar:?]
	at org.openqa.selenium.io.FileHandler.copy(FileHandler.java:110) ~[selenium-os-4.12.0.jar:?]
	at test.java.AmazonTest.takeScreenshot(AmazonTest.java:134) ~[test-classes/:?]
	at test.java.AmazonTest.verifyProductNavigation(AmazonTest.java:104) ~[test-classes/:?]
	at jdk.internal.reflect.DirectMethodHandleAccessor.invoke(DirectMethodHandleAccessor.java:103) ~[?:?]
	at java.lang.reflect.Method.invoke(Method.java:580) ~[?:?]
	at org.testng.internal.invokers.MethodInvocationHelper.invokeMethod(MethodInvocationHelper.java:139) ~[testng-7.8.0.jar:7.8.0]
	at org.testng.internal.invokers.TestInvoker.invokeMethod(TestInvoker.java:664) ~[testng-7.8.0.jar:7.8.0]
	at org.testng.internal.invokers.TestInvoker.invokeTestMethod(TestInvoker.java:227) ~[testng-7.8.0.jar:7.8.0]
	at org.testng.internal.invokers.MethodRunner.runInSequence(MethodRunner.java:50) ~[testng-7.8.0.jar:7.8.0]
	at org.testng.internal.invokers.TestInvoker$MethodInvocationAgent.invoke(TestInvoker.java:957) ~[testng-7.8.0.jar:7.8.0]
	at org.testng.internal.invokers.TestInvoker.invokeTestMethods(TestInvoker.java:200) ~[testng-7.8.0.jar:7.8.0]
	at org.testng.internal.invokers.TestMethodWorker.invokeTestMethods(TestMethodWorker.java:148) ~[testng-7.8.0.jar:7.8.0]
	at org.testng.internal.invokers.TestMethodWorker.run(TestMethodWorker.java:128) ~[testng-7.8.0.jar:7.8.0]
	at java.util.ArrayList.forEach(ArrayList.java:1596) [?:?]
	at org.testng.TestRunner.privateRun(TestRunner.java:848) [testng-7.8.0.jar:7.8.0]
	at org.testng.TestRunner.run(TestRunner.java:621) [testng-7.8.0.jar:7.8.0]
	at org.testng.SuiteRunner.runTest(SuiteRunner.java:443) [testng-7.8.0.jar:7.8.0]
	at org.testng.SuiteRunner.runSequentially(SuiteRunner.java:437) [testng-7.8.0.jar:7.8.0]
	at org.testng.SuiteRunner.privateRun(SuiteRunner.java:397) [testng-7.8.0.jar:7.8.0]
	at org.testng.SuiteRunner.run(SuiteRunner.java:336) [testng-7.8.0.jar:7.8.0]
	at org.testng.SuiteRunnerWorker.runSuite(SuiteRunnerWorker.java:52) [testng-7.8.0.jar:7.8.0]
	at org.testng.SuiteRunnerWorker.run(SuiteRunnerWorker.java:95) [testng-7.8.0.jar:7.8.0]
	at org.testng.TestNG.runSuitesSequentially(TestNG.java:1280) [testng-7.8.0.jar:7.8.0]
	at org.testng.TestNG.runSuitesLocally(TestNG.java:1200) [testng-7.8.0.jar:7.8.0]
	at org.testng.TestNG.runSuites(TestNG.java:1114) [testng-7.8.0.jar:7.8.0]
	at org.testng.TestNG.run(TestNG.java:1082) [testng-7.8.0.jar:7.8.0]
	at com.microsoft.java.test.runner.testng.TestNGRunner.run(TestNGRunner.java:45) [com.microsoft.java.test.runner-jar-with-dependencies.jar:?]
	at com.microsoft.java.test.runner.testng.TestNGLauncher.execute(TestNGLauncher.java:32) [com.microsoft.java.test.runner-jar-with-dependencies.jar:?]
	at com.microsoft.java.test.runner.Launcher.main(Launcher.java:57) [com.microsoft.java.test.runner-jar-with-dependencies.jar:?]
2025-01-25 15:37:42 [main] ERROR test.java.AmazonTest - Failed to take screenshot for step: FirstProductPageLoaded
java.io.FileNotFoundException: /screenshots/FirstProductPageLoaded.png (No such file or directory)
	at java.io.FileOutputStream.open0(Native Method) ~[?:?]
	at java.io.FileOutputStream.open(FileOutputStream.java:289) ~[?:?]
	at java.io.FileOutputStream.<init>(FileOutputStream.java:230) ~[?:?]
	at java.io.FileOutputStream.<init>(FileOutputStream.java:179) ~[?:?]
	at org.openqa.selenium.io.FileHandler.copyFile(FileHandler.java:131) ~[selenium-os-4.12.0.jar:?]
	at org.openqa.selenium.io.FileHandler.copy(FileHandler.java:110) ~[selenium-os-4.12.0.jar:?]
	at test.java.AmazonTest.takeScreenshot(AmazonTest.java:134) ~[test-classes/:?]
	at test.java.AmazonTest.verifyProductNavigation(AmazonTest.java:107) ~[test-classes/:?]
	at jdk.internal.reflect.DirectMethodHandleAccessor.invoke(DirectMethodHandleAccessor.java:103) ~[?:?]
	at java.lang.reflect.Method.invoke(Method.java:580) ~[?:?]
	at org.testng.internal.invokers.MethodInvocationHelper.invokeMethod(MethodInvocationHelper.java:139) ~[testng-7.8.0.jar:7.8.0]
	at org.testng.internal.invokers.TestInvoker.invokeMethod(TestInvoker.java:664) ~[testng-7.8.0.jar:7.8.0]
	at org.testng.internal.invokers.TestInvoker.invokeTestMethod(TestInvoker.java:227) ~[testng-7.8.0.jar:7.8.0]
	at org.testng.internal.invokers.MethodRunner.runInSequence(MethodRunner.java:50) ~[testng-7.8.0.jar:7.8.0]
	at org.testng.internal.invokers.TestInvoker$MethodInvocationAgent.invoke(TestInvoker.java:957) ~[testng-7.8.0.jar:7.8.0]
	at org.testng.internal.invokers.TestInvoker.invokeTestMethods(TestInvoker.java:200) ~[testng-7.8.0.jar:7.8.0]
	at org.testng.internal.invokers.TestMethodWorker.invokeTestMethods(TestMethodWorker.java:148) ~[testng-7.8.0.jar:7.8.0]
	at org.testng.internal.invokers.TestMethodWorker.run(TestMethodWorker.java:128) ~[testng-7.8.0.jar:7.8.0]
	at java.util.ArrayList.forEach(ArrayList.java:1596) [?:?]
	at org.testng.TestRunner.privateRun(TestRunner.java:848) [testng-7.8.0.jar:7.8.0]
	at org.testng.TestRunner.run(TestRunner.java:621) [testng-7.8.0.jar:7.8.0]
	at org.testng.SuiteRunner.runTest(SuiteRunner.java:443) [testng-7.8.0.jar:7.8.0]
	at org.testng.SuiteRunner.runSequentially(SuiteRunner.java:437) [testng-7.8.0.jar:7.8.0]
	at org.testng.SuiteRunner.privateRun(SuiteRunner.java:397) [testng-7.8.0.jar:7.8.0]
	at org.testng.SuiteRunner.run(SuiteRunner.java:336) [testng-7.8.0.jar:7.8.0]
	at org.testng.SuiteRunnerWorker.runSuite(SuiteRunnerWorker.java:52) [testng-7.8.0.jar:7.8.0]
	at org.testng.SuiteRunnerWorker.run(SuiteRunnerWorker.java:95) [testng-7.8.0.jar:7.8.0]
	at org.testng.TestNG.runSuitesSequentially(TestNG.java:1280) [testng-7.8.0.jar:7.8.0]
	at org.testng.TestNG.runSuitesLocally(TestNG.java:1200) [testng-7.8.0.jar:7.8.0]
	at org.testng.TestNG.runSuites(TestNG.java:1114) [testng-7.8.0.jar:7.8.0]
	at org.testng.TestNG.run(TestNG.java:1082) [testng-7.8.0.jar:7.8.0]
	at com.microsoft.java.test.runner.testng.TestNGRunner.run(TestNGRunner.java:45) [com.microsoft.java.test.runner-jar-with-dependencies.jar:?]
	at com.microsoft.java.test.runner.testng.TestNGLauncher.execute(TestNGLauncher.java:32) [com.microsoft.java.test.runner-jar-with-dependencies.jar:?]
	at com.microsoft.java.test.runner.Launcher.main(Launcher.java:57) [com.microsoft.java.test.runner-jar-with-dependencies.jar:?]
2025-01-25 15:37:42 [main] INFO  test.java.AmazonTest - Verifying product page title
2025-01-25 15:37:42 [main] ERROR test.java.AmazonTest - Failed to take screenshot for step: ProductPageTitleVerified
java.io.FileNotFoundException: /screenshots/ProductPageTitleVerified.png (No such file or directory)
	at java.io.FileOutputStream.open0(Native Method) ~[?:?]
	at java.io.FileOutputStream.open(FileOutputStream.java:289) ~[?:?]
	at java.io.FileOutputStream.<init>(FileOutputStream.java:230) ~[?:?]
	at java.io.FileOutputStream.<init>(FileOutputStream.java:179) ~[?:?]
	at org.openqa.selenium.io.FileHandler.copyFile(FileHandler.java:131) ~[selenium-os-4.12.0.jar:?]
	at org.openqa.selenium.io.FileHandler.copy(FileHandler.java:110) ~[selenium-os-4.12.0.jar:?]
	at test.java.AmazonTest.takeScreenshot(AmazonTest.java:134) ~[test-classes/:?]
	at test.java.AmazonTest.verifyProductNavigation(AmazonTest.java:113) ~[test-classes/:?]
	at jdk.internal.reflect.DirectMethodHandleAccessor.invoke(DirectMethodHandleAccessor.java:103) ~[?:?]
	at java.lang.reflect.Method.invoke(Method.java:580) ~[?:?]
	at org.testng.internal.invokers.MethodInvocationHelper.invokeMethod(MethodInvocationHelper.java:139) ~[testng-7.8.0.jar:7.8.0]
	at org.testng.internal.invokers.TestInvoker.invokeMethod(TestInvoker.java:664) ~[testng-7.8.0.jar:7.8.0]
	at org.testng.internal.invokers.TestInvoker.invokeTestMethod(TestInvoker.java:227) ~[testng-7.8.0.jar:7.8.0]
	at org.testng.internal.invokers.MethodRunner.runInSequence(MethodRunner.java:50) ~[testng-7.8.0.jar:7.8.0]
	at org.testng.internal.invokers.TestInvoker$MethodInvocationAgent.invoke(TestInvoker.java:957) ~[testng-7.8.0.jar:7.8.0]
	at org.testng.internal.invokers.TestInvoker.invokeTestMethods(TestInvoker.java:200) ~[testng-7.8.0.jar:7.8.0]
	at org.testng.internal.invokers.TestMethodWorker.invokeTestMethods(TestMethodWorker.java:148) ~[testng-7.8.0.jar:7.8.0]
	at org.testng.internal.invokers.TestMethodWorker.run(TestMethodWorker.java:128) ~[testng-7.8.0.jar:7.8.0]
	at java.util.ArrayList.forEach(ArrayList.java:1596) [?:?]
	at org.testng.TestRunner.privateRun(TestRunner.java:848) [testng-7.8.0.jar:7.8.0]
	at org.testng.TestRunner.run(TestRunner.java:621) [testng-7.8.0.jar:7.8.0]
	at org.testng.SuiteRunner.runTest(SuiteRunner.java:443) [testng-7.8.0.jar:7.8.0]
	at org.testng.SuiteRunner.runSequentially(SuiteRunner.java:437) [testng-7.8.0.jar:7.8.0]
	at org.testng.SuiteRunner.privateRun(SuiteRunner.java:397) [testng-7.8.0.jar:7.8.0]
	at org.testng.SuiteRunner.run(SuiteRunner.java:336) [testng-7.8.0.jar:7.8.0]
	at org.testng.SuiteRunnerWorker.runSuite(SuiteRunnerWorker.java:52) [testng-7.8.0.jar:7.8.0]
	at org.testng.SuiteRunnerWorker.run(SuiteRunnerWorker.java:95) [testng-7.8.0.jar:7.8.0]
	at org.testng.TestNG.runSuitesSequentially(TestNG.java:1280) [testng-7.8.0.jar:7.8.0]
	at org.testng.TestNG.runSuitesLocally(TestNG.java:1200) [testng-7.8.0.jar:7.8.0]
	at org.testng.TestNG.runSuites(TestNG.java:1114) [testng-7.8.0.jar:7.8.0]
	at org.testng.TestNG.run(TestNG.java:1082) [testng-7.8.0.jar:7.8.0]
	at com.microsoft.java.test.runner.testng.TestNGRunner.run(TestNGRunner.java:45) [com.microsoft.java.test.runner-jar-with-dependencies.jar:?]
	at com.microsoft.java.test.runner.testng.TestNGLauncher.execute(TestNGLauncher.java:32) [com.microsoft.java.test.runner-jar-with-dependencies.jar:?]
	at com.microsoft.java.test.runner.Launcher.main(Launcher.java:57) [com.microsoft.java.test.runner-jar-with-dependencies.jar:?]
2025-01-25 15:37:42 [main] INFO  test.java.AmazonTest - Closing WebDriver and finalizing Extent Reports
2025-01-25 15:38:20 [main] INFO  test.java.AmazonTest - Setting up WebDriver and Extent Reports
2025-01-25 15:38:21 [main] INFO  test.java.AmazonTest - Navigating to Amazon website
2025-01-25 15:38:23 [main] ERROR test.java.AmazonTest - Failed to take screenshot for step: HomePage
java.io.FileNotFoundException: /screenshots/HomePage.png (No such file or directory)
	at java.io.FileOutputStream.open0(Native Method) ~[?:?]
	at java.io.FileOutputStream.open(FileOutputStream.java:289) ~[?:?]
	at java.io.FileOutputStream.<init>(FileOutputStream.java:230) ~[?:?]
	at java.io.FileOutputStream.<init>(FileOutputStream.java:179) ~[?:?]
	at org.openqa.selenium.io.FileHandler.copyFile(FileHandler.java:131) ~[selenium-os-4.12.0.jar:?]
	at org.openqa.selenium.io.FileHandler.copy(FileHandler.java:110) ~[selenium-os-4.12.0.jar:?]
	at test.java.AmazonTest.takeScreenshot(AmazonTest.java:134) ~[test-classes/:?]
	at test.java.AmazonTest.verifyHomePageTitle(AmazonTest.java:45) ~[test-classes/:?]
	at jdk.internal.reflect.DirectMethodHandleAccessor.invoke(DirectMethodHandleAccessor.java:103) ~[?:?]
	at java.lang.reflect.Method.invoke(Method.java:580) ~[?:?]
	at org.testng.internal.invokers.MethodInvocationHelper.invokeMethod(MethodInvocationHelper.java:139) ~[testng-7.8.0.jar:7.8.0]
	at org.testng.internal.invokers.TestInvoker.invokeMethod(TestInvoker.java:664) ~[testng-7.8.0.jar:7.8.0]
	at org.testng.internal.invokers.TestInvoker.invokeTestMethod(TestInvoker.java:227) ~[testng-7.8.0.jar:7.8.0]
	at org.testng.internal.invokers.MethodRunner.runInSequence(MethodRunner.java:50) ~[testng-7.8.0.jar:7.8.0]
	at org.testng.internal.invokers.TestInvoker$MethodInvocationAgent.invoke(TestInvoker.java:957) ~[testng-7.8.0.jar:7.8.0]
	at org.testng.internal.invokers.TestInvoker.invokeTestMethods(TestInvoker.java:200) ~[testng-7.8.0.jar:7.8.0]
	at org.testng.internal.invokers.TestMethodWorker.invokeTestMethods(TestMethodWorker.java:148) ~[testng-7.8.0.jar:7.8.0]
	at org.testng.internal.invokers.TestMethodWorker.run(TestMethodWorker.java:128) ~[testng-7.8.0.jar:7.8.0]
	at java.util.ArrayList.forEach(ArrayList.java:1596) [?:?]
	at org.testng.TestRunner.privateRun(TestRunner.java:848) [testng-7.8.0.jar:7.8.0]
	at org.testng.TestRunner.run(TestRunner.java:621) [testng-7.8.0.jar:7.8.0]
	at org.testng.SuiteRunner.runTest(SuiteRunner.java:443) [testng-7.8.0.jar:7.8.0]
	at org.testng.SuiteRunner.runSequentially(SuiteRunner.java:437) [testng-7.8.0.jar:7.8.0]
	at org.testng.SuiteRunner.privateRun(SuiteRunner.java:397) [testng-7.8.0.jar:7.8.0]
	at org.testng.SuiteRunner.run(SuiteRunner.java:336) [testng-7.8.0.jar:7.8.0]
	at org.testng.SuiteRunnerWorker.runSuite(SuiteRunnerWorker.java:52) [testng-7.8.0.jar:7.8.0]
	at org.testng.SuiteRunnerWorker.run(SuiteRunnerWorker.java:95) [testng-7.8.0.jar:7.8.0]
	at org.testng.TestNG.runSuitesSequentially(TestNG.java:1280) [testng-7.8.0.jar:7.8.0]
	at org.testng.TestNG.runSuitesLocally(TestNG.java:1200) [testng-7.8.0.jar:7.8.0]
	at org.testng.TestNG.runSuites(TestNG.java:1114) [testng-7.8.0.jar:7.8.0]
	at org.testng.TestNG.run(TestNG.java:1082) [testng-7.8.0.jar:7.8.0]
	at com.microsoft.java.test.runner.testng.TestNGRunner.run(TestNGRunner.java:45) [com.microsoft.java.test.runner-jar-with-dependencies.jar:?]
	at com.microsoft.java.test.runner.testng.TestNGLauncher.execute(TestNGLauncher.java:32) [com.microsoft.java.test.runner-jar-with-dependencies.jar:?]
	at com.microsoft.java.test.runner.Launcher.main(Launcher.java:57) [com.microsoft.java.test.runner-jar-with-dependencies.jar:?]
2025-01-25 15:38:23 [main] INFO  test.java.AmazonTest - Verifying homepage title
2025-01-25 15:38:24 [main] ERROR test.java.AmazonTest - Failed to take screenshot for step: HomePageTitleVerified
java.io.FileNotFoundException: /screenshots/HomePageTitleVerified.png (No such file or directory)
	at java.io.FileOutputStream.open0(Native Method) ~[?:?]
	at java.io.FileOutputStream.open(FileOutputStream.java:289) ~[?:?]
	at java.io.FileOutputStream.<init>(FileOutputStream.java:230) ~[?:?]
	at java.io.FileOutputStream.<init>(FileOutputStream.java:179) ~[?:?]
	at org.openqa.selenium.io.FileHandler.copyFile(FileHandler.java:131) ~[selenium-os-4.12.0.jar:?]
	at org.openqa.selenium.io.FileHandler.copy(FileHandler.java:110) ~[selenium-os-4.12.0.jar:?]
	at test.java.AmazonTest.takeScreenshot(AmazonTest.java:134) ~[test-classes/:?]
	at test.java.AmazonTest.verifyHomePageTitle(AmazonTest.java:50) ~[test-classes/:?]
	at jdk.internal.reflect.DirectMethodHandleAccessor.invoke(DirectMethodHandleAccessor.java:103) ~[?:?]
	at java.lang.reflect.Method.invoke(Method.java:580) ~[?:?]
	at org.testng.internal.invokers.MethodInvocationHelper.invokeMethod(MethodInvocationHelper.java:139) ~[testng-7.8.0.jar:7.8.0]
	at org.testng.internal.invokers.TestInvoker.invokeMethod(TestInvoker.java:664) ~[testng-7.8.0.jar:7.8.0]
	at org.testng.internal.invokers.TestInvoker.invokeTestMethod(TestInvoker.java:227) ~[testng-7.8.0.jar:7.8.0]
	at org.testng.internal.invokers.MethodRunner.runInSequence(MethodRunner.java:50) ~[testng-7.8.0.jar:7.8.0]
	at org.testng.internal.invokers.TestInvoker$MethodInvocationAgent.invoke(TestInvoker.java:957) ~[testng-7.8.0.jar:7.8.0]
	at org.testng.internal.invokers.TestInvoker.invokeTestMethods(TestInvoker.java:200) ~[testng-7.8.0.jar:7.8.0]
	at org.testng.internal.invokers.TestMethodWorker.invokeTestMethods(TestMethodWorker.java:148) ~[testng-7.8.0.jar:7.8.0]
	at org.testng.internal.invokers.TestMethodWorker.run(TestMethodWorker.java:128) ~[testng-7.8.0.jar:7.8.0]
	at java.util.ArrayList.forEach(ArrayList.java:1596) [?:?]
	at org.testng.TestRunner.privateRun(TestRunner.java:848) [testng-7.8.0.jar:7.8.0]
	at org.testng.TestRunner.run(TestRunner.java:621) [testng-7.8.0.jar:7.8.0]
	at org.testng.SuiteRunner.runTest(SuiteRunner.java:443) [testng-7.8.0.jar:7.8.0]
	at org.testng.SuiteRunner.runSequentially(SuiteRunner.java:437) [testng-7.8.0.jar:7.8.0]
	at org.testng.SuiteRunner.privateRun(SuiteRunner.java:397) [testng-7.8.0.jar:7.8.0]
	at org.testng.SuiteRunner.run(SuiteRunner.java:336) [testng-7.8.0.jar:7.8.0]
	at org.testng.SuiteRunnerWorker.runSuite(SuiteRunnerWorker.java:52) [testng-7.8.0.jar:7.8.0]
	at org.testng.SuiteRunnerWorker.run(SuiteRunnerWorker.java:95) [testng-7.8.0.jar:7.8.0]
	at org.testng.TestNG.runSuitesSequentially(TestNG.java:1280) [testng-7.8.0.jar:7.8.0]
	at org.testng.TestNG.runSuitesLocally(TestNG.java:1200) [testng-7.8.0.jar:7.8.0]
	at org.testng.TestNG.runSuites(TestNG.java:1114) [testng-7.8.0.jar:7.8.0]
	at org.testng.TestNG.run(TestNG.java:1082) [testng-7.8.0.jar:7.8.0]
	at com.microsoft.java.test.runner.testng.TestNGRunner.run(TestNGRunner.java:45) [com.microsoft.java.test.runner-jar-with-dependencies.jar:?]
	at com.microsoft.java.test.runner.testng.TestNGLauncher.execute(TestNGLauncher.java:32) [com.microsoft.java.test.runner-jar-with-dependencies.jar:?]
	at com.microsoft.java.test.runner.Launcher.main(Launcher.java:57) [com.microsoft.java.test.runner-jar-with-dependencies.jar:?]
2025-01-25 15:38:24 [main] INFO  test.java.AmazonTest - Searching for 'laptop'
2025-01-25 15:38:24 [main] ERROR test.java.AmazonTest - Failed to take screenshot for step: SearchBoxLocated
java.io.FileNotFoundException: /screenshots/SearchBoxLocated.png (No such file or directory)
	at java.io.FileOutputStream.open0(Native Method) ~[?:?]
	at java.io.FileOutputStream.open(FileOutputStream.java:289) ~[?:?]
	at java.io.FileOutputStream.<init>(FileOutputStream.java:230) ~[?:?]
	at java.io.FileOutputStream.<init>(FileOutputStream.java:179) ~[?:?]
	at org.openqa.selenium.io.FileHandler.copyFile(FileHandler.java:131) ~[selenium-os-4.12.0.jar:?]
	at org.openqa.selenium.io.FileHandler.copy(FileHandler.java:110) ~[selenium-os-4.12.0.jar:?]
	at test.java.AmazonTest.takeScreenshot(AmazonTest.java:134) ~[test-classes/:?]
	at test.java.AmazonTest.searchTest(AmazonTest.java:59) ~[test-classes/:?]
	at jdk.internal.reflect.DirectMethodHandleAccessor.invoke(DirectMethodHandleAccessor.java:103) ~[?:?]
	at java.lang.reflect.Method.invoke(Method.java:580) ~[?:?]
	at org.testng.internal.invokers.MethodInvocationHelper.invokeMethod(MethodInvocationHelper.java:139) ~[testng-7.8.0.jar:7.8.0]
	at org.testng.internal.invokers.TestInvoker.invokeMethod(TestInvoker.java:664) ~[testng-7.8.0.jar:7.8.0]
	at org.testng.internal.invokers.TestInvoker.invokeTestMethod(TestInvoker.java:227) ~[testng-7.8.0.jar:7.8.0]
	at org.testng.internal.invokers.MethodRunner.runInSequence(MethodRunner.java:50) ~[testng-7.8.0.jar:7.8.0]
	at org.testng.internal.invokers.TestInvoker$MethodInvocationAgent.invoke(TestInvoker.java:957) ~[testng-7.8.0.jar:7.8.0]
	at org.testng.internal.invokers.TestInvoker.invokeTestMethods(TestInvoker.java:200) ~[testng-7.8.0.jar:7.8.0]
	at org.testng.internal.invokers.TestMethodWorker.invokeTestMethods(TestMethodWorker.java:148) ~[testng-7.8.0.jar:7.8.0]
	at org.testng.internal.invokers.TestMethodWorker.run(TestMethodWorker.java:128) ~[testng-7.8.0.jar:7.8.0]
	at java.util.ArrayList.forEach(ArrayList.java:1596) [?:?]
	at org.testng.TestRunner.privateRun(TestRunner.java:848) [testng-7.8.0.jar:7.8.0]
	at org.testng.TestRunner.run(TestRunner.java:621) [testng-7.8.0.jar:7.8.0]
	at org.testng.SuiteRunner.runTest(SuiteRunner.java:443) [testng-7.8.0.jar:7.8.0]
	at org.testng.SuiteRunner.runSequentially(SuiteRunner.java:437) [testng-7.8.0.jar:7.8.0]
	at org.testng.SuiteRunner.privateRun(SuiteRunner.java:397) [testng-7.8.0.jar:7.8.0]
	at org.testng.SuiteRunner.run(SuiteRunner.java:336) [testng-7.8.0.jar:7.8.0]
	at org.testng.SuiteRunnerWorker.runSuite(SuiteRunnerWorker.java:52) [testng-7.8.0.jar:7.8.0]
	at org.testng.SuiteRunnerWorker.run(SuiteRunnerWorker.java:95) [testng-7.8.0.jar:7.8.0]
	at org.testng.TestNG.runSuitesSequentially(TestNG.java:1280) [testng-7.8.0.jar:7.8.0]
	at org.testng.TestNG.runSuitesLocally(TestNG.java:1200) [testng-7.8.0.jar:7.8.0]
	at org.testng.TestNG.runSuites(TestNG.java:1114) [testng-7.8.0.jar:7.8.0]
	at org.testng.TestNG.run(TestNG.java:1082) [testng-7.8.0.jar:7.8.0]
	at com.microsoft.java.test.runner.testng.TestNGRunner.run(TestNGRunner.java:45) [com.microsoft.java.test.runner-jar-with-dependencies.jar:?]
	at com.microsoft.java.test.runner.testng.TestNGLauncher.execute(TestNGLauncher.java:32) [com.microsoft.java.test.runner-jar-with-dependencies.jar:?]
	at com.microsoft.java.test.runner.Launcher.main(Launcher.java:57) [com.microsoft.java.test.runner-jar-with-dependencies.jar:?]
2025-01-25 15:38:25 [main] ERROR test.java.AmazonTest - Failed to take screenshot for step: SearchKeywordEntered
java.io.FileNotFoundException: /screenshots/SearchKeywordEntered.png (No such file or directory)
	at java.io.FileOutputStream.open0(Native Method) ~[?:?]
	at java.io.FileOutputStream.open(FileOutputStream.java:289) ~[?:?]
	at java.io.FileOutputStream.<init>(FileOutputStream.java:230) ~[?:?]
	at java.io.FileOutputStream.<init>(FileOutputStream.java:179) ~[?:?]
	at org.openqa.selenium.io.FileHandler.copyFile(FileHandler.java:131) ~[selenium-os-4.12.0.jar:?]
	at org.openqa.selenium.io.FileHandler.copy(FileHandler.java:110) ~[selenium-os-4.12.0.jar:?]
	at test.java.AmazonTest.takeScreenshot(AmazonTest.java:134) ~[test-classes/:?]
	at test.java.AmazonTest.searchTest(AmazonTest.java:62) ~[test-classes/:?]
	at jdk.internal.reflect.DirectMethodHandleAccessor.invoke(DirectMethodHandleAccessor.java:103) ~[?:?]
	at java.lang.reflect.Method.invoke(Method.java:580) ~[?:?]
	at org.testng.internal.invokers.MethodInvocationHelper.invokeMethod(MethodInvocationHelper.java:139) ~[testng-7.8.0.jar:7.8.0]
	at org.testng.internal.invokers.TestInvoker.invokeMethod(TestInvoker.java:664) ~[testng-7.8.0.jar:7.8.0]
	at org.testng.internal.invokers.TestInvoker.invokeTestMethod(TestInvoker.java:227) ~[testng-7.8.0.jar:7.8.0]
	at org.testng.internal.invokers.MethodRunner.runInSequence(MethodRunner.java:50) ~[testng-7.8.0.jar:7.8.0]
	at org.testng.internal.invokers.TestInvoker$MethodInvocationAgent.invoke(TestInvoker.java:957) ~[testng-7.8.0.jar:7.8.0]
	at org.testng.internal.invokers.TestInvoker.invokeTestMethods(TestInvoker.java:200) ~[testng-7.8.0.jar:7.8.0]
	at org.testng.internal.invokers.TestMethodWorker.invokeTestMethods(TestMethodWorker.java:148) ~[testng-7.8.0.jar:7.8.0]
	at org.testng.internal.invokers.TestMethodWorker.run(TestMethodWorker.java:128) ~[testng-7.8.0.jar:7.8.0]
	at java.util.ArrayList.forEach(ArrayList.java:1596) [?:?]
	at org.testng.TestRunner.privateRun(TestRunner.java:848) [testng-7.8.0.jar:7.8.0]
	at org.testng.TestRunner.run(TestRunner.java:621) [testng-7.8.0.jar:7.8.0]
	at org.testng.SuiteRunner.runTest(SuiteRunner.java:443) [testng-7.8.0.jar:7.8.0]
	at org.testng.SuiteRunner.runSequentially(SuiteRunner.java:437) [testng-7.8.0.jar:7.8.0]
	at org.testng.SuiteRunner.privateRun(SuiteRunner.java:397) [testng-7.8.0.jar:7.8.0]
	at org.testng.SuiteRunner.run(SuiteRunner.java:336) [testng-7.8.0.jar:7.8.0]
	at org.testng.SuiteRunnerWorker.runSuite(SuiteRunnerWorker.java:52) [testng-7.8.0.jar:7.8.0]
	at org.testng.SuiteRunnerWorker.run(SuiteRunnerWorker.java:95) [testng-7.8.0.jar:7.8.0]
	at org.testng.TestNG.runSuitesSequentially(TestNG.java:1280) [testng-7.8.0.jar:7.8.0]
	at org.testng.TestNG.runSuitesLocally(TestNG.java:1200) [testng-7.8.0.jar:7.8.0]
	at org.testng.TestNG.runSuites(TestNG.java:1114) [testng-7.8.0.jar:7.8.0]
	at org.testng.TestNG.run(TestNG.java:1082) [testng-7.8.0.jar:7.8.0]
	at com.microsoft.java.test.runner.testng.TestNGRunner.run(TestNGRunner.java:45) [com.microsoft.java.test.runner-jar-with-dependencies.jar:?]
	at com.microsoft.java.test.runner.testng.TestNGLauncher.execute(TestNGLauncher.java:32) [com.microsoft.java.test.runner-jar-with-dependencies.jar:?]
	at com.microsoft.java.test.runner.Launcher.main(Launcher.java:57) [com.microsoft.java.test.runner-jar-with-dependencies.jar:?]
2025-01-25 15:38:27 [main] ERROR test.java.AmazonTest - Failed to take screenshot for step: SearchResultsLoaded
java.io.FileNotFoundException: /screenshots/SearchResultsLoaded.png (No such file or directory)
	at java.io.FileOutputStream.open0(Native Method) ~[?:?]
	at java.io.FileOutputStream.open(FileOutputStream.java:289) ~[?:?]
	at java.io.FileOutputStream.<init>(FileOutputStream.java:230) ~[?:?]
	at java.io.FileOutputStream.<init>(FileOutputStream.java:179) ~[?:?]
	at org.openqa.selenium.io.FileHandler.copyFile(FileHandler.java:131) ~[selenium-os-4.12.0.jar:?]
	at org.openqa.selenium.io.FileHandler.copy(FileHandler.java:110) ~[selenium-os-4.12.0.jar:?]
	at test.java.AmazonTest.takeScreenshot(AmazonTest.java:134) ~[test-classes/:?]
	at test.java.AmazonTest.searchTest(AmazonTest.java:66) ~[test-classes/:?]
	at jdk.internal.reflect.DirectMethodHandleAccessor.invoke(DirectMethodHandleAccessor.java:103) ~[?:?]
	at java.lang.reflect.Method.invoke(Method.java:580) ~[?:?]
	at org.testng.internal.invokers.MethodInvocationHelper.invokeMethod(MethodInvocationHelper.java:139) ~[testng-7.8.0.jar:7.8.0]
	at org.testng.internal.invokers.TestInvoker.invokeMethod(TestInvoker.java:664) ~[testng-7.8.0.jar:7.8.0]
	at org.testng.internal.invokers.TestInvoker.invokeTestMethod(TestInvoker.java:227) ~[testng-7.8.0.jar:7.8.0]
	at org.testng.internal.invokers.MethodRunner.runInSequence(MethodRunner.java:50) ~[testng-7.8.0.jar:7.8.0]
	at org.testng.internal.invokers.TestInvoker$MethodInvocationAgent.invoke(TestInvoker.java:957) ~[testng-7.8.0.jar:7.8.0]
	at org.testng.internal.invokers.TestInvoker.invokeTestMethods(TestInvoker.java:200) ~[testng-7.8.0.jar:7.8.0]
	at org.testng.internal.invokers.TestMethodWorker.invokeTestMethods(TestMethodWorker.java:148) ~[testng-7.8.0.jar:7.8.0]
	at org.testng.internal.invokers.TestMethodWorker.run(TestMethodWorker.java:128) ~[testng-7.8.0.jar:7.8.0]
	at java.util.ArrayList.forEach(ArrayList.java:1596) [?:?]
	at org.testng.TestRunner.privateRun(TestRunner.java:848) [testng-7.8.0.jar:7.8.0]
	at org.testng.TestRunner.run(TestRunner.java:621) [testng-7.8.0.jar:7.8.0]
	at org.testng.SuiteRunner.runTest(SuiteRunner.java:443) [testng-7.8.0.jar:7.8.0]
	at org.testng.SuiteRunner.runSequentially(SuiteRunner.java:437) [testng-7.8.0.jar:7.8.0]
	at org.testng.SuiteRunner.privateRun(SuiteRunner.java:397) [testng-7.8.0.jar:7.8.0]
	at org.testng.SuiteRunner.run(SuiteRunner.java:336) [testng-7.8.0.jar:7.8.0]
	at org.testng.SuiteRunnerWorker.runSuite(SuiteRunnerWorker.java:52) [testng-7.8.0.jar:7.8.0]
	at org.testng.SuiteRunnerWorker.run(SuiteRunnerWorker.java:95) [testng-7.8.0.jar:7.8.0]
	at org.testng.TestNG.runSuitesSequentially(TestNG.java:1280) [testng-7.8.0.jar:7.8.0]
	at org.testng.TestNG.runSuitesLocally(TestNG.java:1200) [testng-7.8.0.jar:7.8.0]
	at org.testng.TestNG.runSuites(TestNG.java:1114) [testng-7.8.0.jar:7.8.0]
	at org.testng.TestNG.run(TestNG.java:1082) [testng-7.8.0.jar:7.8.0]
	at com.microsoft.java.test.runner.testng.TestNGRunner.run(TestNGRunner.java:45) [com.microsoft.java.test.runner-jar-with-dependencies.jar:?]
	at com.microsoft.java.test.runner.testng.TestNGLauncher.execute(TestNGLauncher.java:32) [com.microsoft.java.test.runner-jar-with-dependencies.jar:?]
	at com.microsoft.java.test.runner.Launcher.main(Launcher.java:57) [com.microsoft.java.test.runner-jar-with-dependencies.jar:?]
2025-01-25 15:38:27 [main] INFO  test.java.AmazonTest - Verifying search results
2025-01-25 15:38:27 [main] ERROR test.java.AmazonTest - Failed to take screenshot for step: SearchResultsVerified
java.io.FileNotFoundException: /screenshots/SearchResultsVerified.png (No such file or directory)
	at java.io.FileOutputStream.open0(Native Method) ~[?:?]
	at java.io.FileOutputStream.open(FileOutputStream.java:289) ~[?:?]
	at java.io.FileOutputStream.<init>(FileOutputStream.java:230) ~[?:?]
	at java.io.FileOutputStream.<init>(FileOutputStream.java:179) ~[?:?]
	at org.openqa.selenium.io.FileHandler.copyFile(FileHandler.java:131) ~[selenium-os-4.12.0.jar:?]
	at org.openqa.selenium.io.FileHandler.copy(FileHandler.java:110) ~[selenium-os-4.12.0.jar:?]
	at test.java.AmazonTest.takeScreenshot(AmazonTest.java:134) ~[test-classes/:?]
	at test.java.AmazonTest.searchTest(AmazonTest.java:71) ~[test-classes/:?]
	at jdk.internal.reflect.DirectMethodHandleAccessor.invoke(DirectMethodHandleAccessor.java:103) ~[?:?]
	at java.lang.reflect.Method.invoke(Method.java:580) ~[?:?]
	at org.testng.internal.invokers.MethodInvocationHelper.invokeMethod(MethodInvocationHelper.java:139) ~[testng-7.8.0.jar:7.8.0]
	at org.testng.internal.invokers.TestInvoker.invokeMethod(TestInvoker.java:664) ~[testng-7.8.0.jar:7.8.0]
	at org.testng.internal.invokers.TestInvoker.invokeTestMethod(TestInvoker.java:227) ~[testng-7.8.0.jar:7.8.0]
	at org.testng.internal.invokers.MethodRunner.runInSequence(MethodRunner.java:50) ~[testng-7.8.0.jar:7.8.0]
	at org.testng.internal.invokers.TestInvoker$MethodInvocationAgent.invoke(TestInvoker.java:957) ~[testng-7.8.0.jar:7.8.0]
	at org.testng.internal.invokers.TestInvoker.invokeTestMethods(TestInvoker.java:200) ~[testng-7.8.0.jar:7.8.0]
	at org.testng.internal.invokers.TestMethodWorker.invokeTestMethods(TestMethodWorker.java:148) ~[testng-7.8.0.jar:7.8.0]
	at org.testng.internal.invokers.TestMethodWorker.run(TestMethodWorker.java:128) ~[testng-7.8.0.jar:7.8.0]
	at java.util.ArrayList.forEach(ArrayList.java:1596) [?:?]
	at org.testng.TestRunner.privateRun(TestRunner.java:848) [testng-7.8.0.jar:7.8.0]
	at org.testng.TestRunner.run(TestRunner.java:621) [testng-7.8.0.jar:7.8.0]
	at org.testng.SuiteRunner.runTest(SuiteRunner.java:443) [testng-7.8.0.jar:7.8.0]
	at org.testng.SuiteRunner.runSequentially(SuiteRunner.java:437) [testng-7.8.0.jar:7.8.0]
	at org.testng.SuiteRunner.privateRun(SuiteRunner.java:397) [testng-7.8.0.jar:7.8.0]
	at org.testng.SuiteRunner.run(SuiteRunner.java:336) [testng-7.8.0.jar:7.8.0]
	at org.testng.SuiteRunnerWorker.runSuite(SuiteRunnerWorker.java:52) [testng-7.8.0.jar:7.8.0]
	at org.testng.SuiteRunnerWorker.run(SuiteRunnerWorker.java:95) [testng-7.8.0.jar:7.8.0]
	at org.testng.TestNG.runSuitesSequentially(TestNG.java:1280) [testng-7.8.0.jar:7.8.0]
	at org.testng.TestNG.runSuitesLocally(TestNG.java:1200) [testng-7.8.0.jar:7.8.0]
	at org.testng.TestNG.runSuites(TestNG.java:1114) [testng-7.8.0.jar:7.8.0]
	at org.testng.TestNG.run(TestNG.java:1082) [testng-7.8.0.jar:7.8.0]
	at com.microsoft.java.test.runner.testng.TestNGRunner.run(TestNGRunner.java:45) [com.microsoft.java.test.runner-jar-with-dependencies.jar:?]
	at com.microsoft.java.test.runner.testng.TestNGLauncher.execute(TestNGLauncher.java:32) [com.microsoft.java.test.runner-jar-with-dependencies.jar:?]
	at com.microsoft.java.test.runner.Launcher.main(Launcher.java:57) [com.microsoft.java.test.runner-jar-with-dependencies.jar:?]
2025-01-25 15:38:27 [main] INFO  test.java.AmazonTest - Applying filter for 'HP' brand
2025-01-25 15:38:27 [main] ERROR test.java.AmazonTest - Failed to take screenshot for step: HPFilterLocated
java.io.FileNotFoundException: /screenshots/HPFilterLocated.png (No such file or directory)
	at java.io.FileOutputStream.open0(Native Method) ~[?:?]
	at java.io.FileOutputStream.open(FileOutputStream.java:289) ~[?:?]
	at java.io.FileOutputStream.<init>(FileOutputStream.java:230) ~[?:?]
	at java.io.FileOutputStream.<init>(FileOutputStream.java:179) ~[?:?]
	at org.openqa.selenium.io.FileHandler.copyFile(FileHandler.java:131) ~[selenium-os-4.12.0.jar:?]
	at org.openqa.selenium.io.FileHandler.copy(FileHandler.java:110) ~[selenium-os-4.12.0.jar:?]
	at test.java.AmazonTest.takeScreenshot(AmazonTest.java:134) ~[test-classes/:?]
	at test.java.AmazonTest.filterResultsByBrand(AmazonTest.java:81) ~[test-classes/:?]
	at jdk.internal.reflect.DirectMethodHandleAccessor.invoke(DirectMethodHandleAccessor.java:103) ~[?:?]
	at java.lang.reflect.Method.invoke(Method.java:580) ~[?:?]
	at org.testng.internal.invokers.MethodInvocationHelper.invokeMethod(MethodInvocationHelper.java:139) ~[testng-7.8.0.jar:7.8.0]
	at org.testng.internal.invokers.TestInvoker.invokeMethod(TestInvoker.java:664) ~[testng-7.8.0.jar:7.8.0]
	at org.testng.internal.invokers.TestInvoker.invokeTestMethod(TestInvoker.java:227) ~[testng-7.8.0.jar:7.8.0]
	at org.testng.internal.invokers.MethodRunner.runInSequence(MethodRunner.java:50) ~[testng-7.8.0.jar:7.8.0]
	at org.testng.internal.invokers.TestInvoker$MethodInvocationAgent.invoke(TestInvoker.java:957) ~[testng-7.8.0.jar:7.8.0]
	at org.testng.internal.invokers.TestInvoker.invokeTestMethods(TestInvoker.java:200) ~[testng-7.8.0.jar:7.8.0]
	at org.testng.internal.invokers.TestMethodWorker.invokeTestMethods(TestMethodWorker.java:148) ~[testng-7.8.0.jar:7.8.0]
	at org.testng.internal.invokers.TestMethodWorker.run(TestMethodWorker.java:128) ~[testng-7.8.0.jar:7.8.0]
	at java.util.ArrayList.forEach(ArrayList.java:1596) [?:?]
	at org.testng.TestRunner.privateRun(TestRunner.java:848) [testng-7.8.0.jar:7.8.0]
	at org.testng.TestRunner.run(TestRunner.java:621) [testng-7.8.0.jar:7.8.0]
	at org.testng.SuiteRunner.runTest(SuiteRunner.java:443) [testng-7.8.0.jar:7.8.0]
	at org.testng.SuiteRunner.runSequentially(SuiteRunner.java:437) [testng-7.8.0.jar:7.8.0]
	at org.testng.SuiteRunner.privateRun(SuiteRunner.java:397) [testng-7.8.0.jar:7.8.0]
	at org.testng.SuiteRunner.run(SuiteRunner.java:336) [testng-7.8.0.jar:7.8.0]
	at org.testng.SuiteRunnerWorker.runSuite(SuiteRunnerWorker.java:52) [testng-7.8.0.jar:7.8.0]
	at org.testng.SuiteRunnerWorker.run(SuiteRunnerWorker.java:95) [testng-7.8.0.jar:7.8.0]
	at org.testng.TestNG.runSuitesSequentially(TestNG.java:1280) [testng-7.8.0.jar:7.8.0]
	at org.testng.TestNG.runSuitesLocally(TestNG.java:1200) [testng-7.8.0.jar:7.8.0]
	at org.testng.TestNG.runSuites(TestNG.java:1114) [testng-7.8.0.jar:7.8.0]
	at org.testng.TestNG.run(TestNG.java:1082) [testng-7.8.0.jar:7.8.0]
	at com.microsoft.java.test.runner.testng.TestNGRunner.run(TestNGRunner.java:45) [com.microsoft.java.test.runner-jar-with-dependencies.jar:?]
	at com.microsoft.java.test.runner.testng.TestNGLauncher.execute(TestNGLauncher.java:32) [com.microsoft.java.test.runner-jar-with-dependencies.jar:?]
	at com.microsoft.java.test.runner.Launcher.main(Launcher.java:57) [com.microsoft.java.test.runner-jar-with-dependencies.jar:?]
2025-01-25 15:38:28 [main] ERROR test.java.AmazonTest - Failed to take screenshot for step: HPFilterApplied
java.io.FileNotFoundException: /screenshots/HPFilterApplied.png (No such file or directory)
	at java.io.FileOutputStream.open0(Native Method) ~[?:?]
	at java.io.FileOutputStream.open(FileOutputStream.java:289) ~[?:?]
	at java.io.FileOutputStream.<init>(FileOutputStream.java:230) ~[?:?]
	at java.io.FileOutputStream.<init>(FileOutputStream.java:179) ~[?:?]
	at org.openqa.selenium.io.FileHandler.copyFile(FileHandler.java:131) ~[selenium-os-4.12.0.jar:?]
	at org.openqa.selenium.io.FileHandler.copy(FileHandler.java:110) ~[selenium-os-4.12.0.jar:?]
	at test.java.AmazonTest.takeScreenshot(AmazonTest.java:134) ~[test-classes/:?]
	at test.java.AmazonTest.filterResultsByBrand(AmazonTest.java:84) ~[test-classes/:?]
	at jdk.internal.reflect.DirectMethodHandleAccessor.invoke(DirectMethodHandleAccessor.java:103) ~[?:?]
	at java.lang.reflect.Method.invoke(Method.java:580) ~[?:?]
	at org.testng.internal.invokers.MethodInvocationHelper.invokeMethod(MethodInvocationHelper.java:139) ~[testng-7.8.0.jar:7.8.0]
	at org.testng.internal.invokers.TestInvoker.invokeMethod(TestInvoker.java:664) ~[testng-7.8.0.jar:7.8.0]
	at org.testng.internal.invokers.TestInvoker.invokeTestMethod(TestInvoker.java:227) ~[testng-7.8.0.jar:7.8.0]
	at org.testng.internal.invokers.MethodRunner.runInSequence(MethodRunner.java:50) ~[testng-7.8.0.jar:7.8.0]
	at org.testng.internal.invokers.TestInvoker$MethodInvocationAgent.invoke(TestInvoker.java:957) ~[testng-7.8.0.jar:7.8.0]
	at org.testng.internal.invokers.TestInvoker.invokeTestMethods(TestInvoker.java:200) ~[testng-7.8.0.jar:7.8.0]
	at org.testng.internal.invokers.TestMethodWorker.invokeTestMethods(TestMethodWorker.java:148) ~[testng-7.8.0.jar:7.8.0]
	at org.testng.internal.invokers.TestMethodWorker.run(TestMethodWorker.java:128) ~[testng-7.8.0.jar:7.8.0]
	at java.util.ArrayList.forEach(ArrayList.java:1596) [?:?]
	at org.testng.TestRunner.privateRun(TestRunner.java:848) [testng-7.8.0.jar:7.8.0]
	at org.testng.TestRunner.run(TestRunner.java:621) [testng-7.8.0.jar:7.8.0]
	at org.testng.SuiteRunner.runTest(SuiteRunner.java:443) [testng-7.8.0.jar:7.8.0]
	at org.testng.SuiteRunner.runSequentially(SuiteRunner.java:437) [testng-7.8.0.jar:7.8.0]
	at org.testng.SuiteRunner.privateRun(SuiteRunner.java:397) [testng-7.8.0.jar:7.8.0]
	at org.testng.SuiteRunner.run(SuiteRunner.java:336) [testng-7.8.0.jar:7.8.0]
	at org.testng.SuiteRunnerWorker.runSuite(SuiteRunnerWorker.java:52) [testng-7.8.0.jar:7.8.0]
	at org.testng.SuiteRunnerWorker.run(SuiteRunnerWorker.java:95) [testng-7.8.0.jar:7.8.0]
	at org.testng.TestNG.runSuitesSequentially(TestNG.java:1280) [testng-7.8.0.jar:7.8.0]
	at org.testng.TestNG.runSuitesLocally(TestNG.java:1200) [testng-7.8.0.jar:7.8.0]
	at org.testng.TestNG.runSuites(TestNG.java:1114) [testng-7.8.0.jar:7.8.0]
	at org.testng.TestNG.run(TestNG.java:1082) [testng-7.8.0.jar:7.8.0]
	at com.microsoft.java.test.runner.testng.TestNGRunner.run(TestNGRunner.java:45) [com.microsoft.java.test.runner-jar-with-dependencies.jar:?]
	at com.microsoft.java.test.runner.testng.TestNGLauncher.execute(TestNGLauncher.java:32) [com.microsoft.java.test.runner-jar-with-dependencies.jar:?]
	at com.microsoft.java.test.runner.Launcher.main(Launcher.java:57) [com.microsoft.java.test.runner-jar-with-dependencies.jar:?]
2025-01-25 15:38:28 [main] INFO  test.java.AmazonTest - Verifying filtered results contain 'HP'
2025-01-25 15:38:29 [main] ERROR test.java.AmazonTest - Failed to take screenshot for step: HPFilterResultsVerified
java.io.FileNotFoundException: /screenshots/HPFilterResultsVerified.png (No such file or directory)
	at java.io.FileOutputStream.open0(Native Method) ~[?:?]
	at java.io.FileOutputStream.open(FileOutputStream.java:289) ~[?:?]
	at java.io.FileOutputStream.<init>(FileOutputStream.java:230) ~[?:?]
	at java.io.FileOutputStream.<init>(FileOutputStream.java:179) ~[?:?]
	at org.openqa.selenium.io.FileHandler.copyFile(FileHandler.java:131) ~[selenium-os-4.12.0.jar:?]
	at org.openqa.selenium.io.FileHandler.copy(FileHandler.java:110) ~[selenium-os-4.12.0.jar:?]
	at test.java.AmazonTest.takeScreenshot(AmazonTest.java:134) ~[test-classes/:?]
	at test.java.AmazonTest.filterResultsByBrand(AmazonTest.java:91) ~[test-classes/:?]
	at jdk.internal.reflect.DirectMethodHandleAccessor.invoke(DirectMethodHandleAccessor.java:103) ~[?:?]
	at java.lang.reflect.Method.invoke(Method.java:580) ~[?:?]
	at org.testng.internal.invokers.MethodInvocationHelper.invokeMethod(MethodInvocationHelper.java:139) ~[testng-7.8.0.jar:7.8.0]
	at org.testng.internal.invokers.TestInvoker.invokeMethod(TestInvoker.java:664) ~[testng-7.8.0.jar:7.8.0]
	at org.testng.internal.invokers.TestInvoker.invokeTestMethod(TestInvoker.java:227) ~[testng-7.8.0.jar:7.8.0]
	at org.testng.internal.invokers.MethodRunner.runInSequence(MethodRunner.java:50) ~[testng-7.8.0.jar:7.8.0]
	at org.testng.internal.invokers.TestInvoker$MethodInvocationAgent.invoke(TestInvoker.java:957) ~[testng-7.8.0.jar:7.8.0]
	at org.testng.internal.invokers.TestInvoker.invokeTestMethods(TestInvoker.java:200) ~[testng-7.8.0.jar:7.8.0]
	at org.testng.internal.invokers.TestMethodWorker.invokeTestMethods(TestMethodWorker.java:148) ~[testng-7.8.0.jar:7.8.0]
	at org.testng.internal.invokers.TestMethodWorker.run(TestMethodWorker.java:128) ~[testng-7.8.0.jar:7.8.0]
	at java.util.ArrayList.forEach(ArrayList.java:1596) [?:?]
	at org.testng.TestRunner.privateRun(TestRunner.java:848) [testng-7.8.0.jar:7.8.0]
	at org.testng.TestRunner.run(TestRunner.java:621) [testng-7.8.0.jar:7.8.0]
	at org.testng.SuiteRunner.runTest(SuiteRunner.java:443) [testng-7.8.0.jar:7.8.0]
	at org.testng.SuiteRunner.runSequentially(SuiteRunner.java:437) [testng-7.8.0.jar:7.8.0]
	at org.testng.SuiteRunner.privateRun(SuiteRunner.java:397) [testng-7.8.0.jar:7.8.0]
	at org.testng.SuiteRunner.run(SuiteRunner.java:336) [testng-7.8.0.jar:7.8.0]
	at org.testng.SuiteRunnerWorker.runSuite(SuiteRunnerWorker.java:52) [testng-7.8.0.jar:7.8.0]
	at org.testng.SuiteRunnerWorker.run(SuiteRunnerWorker.java:95) [testng-7.8.0.jar:7.8.0]
	at org.testng.TestNG.runSuitesSequentially(TestNG.java:1280) [testng-7.8.0.jar:7.8.0]
	at org.testng.TestNG.runSuitesLocally(TestNG.java:1200) [testng-7.8.0.jar:7.8.0]
	at org.testng.TestNG.runSuites(TestNG.java:1114) [testng-7.8.0.jar:7.8.0]
	at org.testng.TestNG.run(TestNG.java:1082) [testng-7.8.0.jar:7.8.0]
	at com.microsoft.java.test.runner.testng.TestNGRunner.run(TestNGRunner.java:45) [com.microsoft.java.test.runner-jar-with-dependencies.jar:?]
	at com.microsoft.java.test.runner.testng.TestNGLauncher.execute(TestNGLauncher.java:32) [com.microsoft.java.test.runner-jar-with-dependencies.jar:?]
	at com.microsoft.java.test.runner.Launcher.main(Launcher.java:57) [com.microsoft.java.test.runner-jar-with-dependencies.jar:?]
2025-01-25 15:38:29 [main] INFO  test.java.AmazonTest - Clicking on the first product
2025-01-25 15:38:29 [main] ERROR test.java.AmazonTest - Failed to take screenshot for step: FirstProductLocated
java.io.FileNotFoundException: /screenshots/FirstProductLocated.png (No such file or directory)
	at java.io.FileOutputStream.open0(Native Method) ~[?:?]
	at java.io.FileOutputStream.open(FileOutputStream.java:289) ~[?:?]
	at java.io.FileOutputStream.<init>(FileOutputStream.java:230) ~[?:?]
	at java.io.FileOutputStream.<init>(FileOutputStream.java:179) ~[?:?]
	at org.openqa.selenium.io.FileHandler.copyFile(FileHandler.java:131) ~[selenium-os-4.12.0.jar:?]
	at org.openqa.selenium.io.FileHandler.copy(FileHandler.java:110) ~[selenium-os-4.12.0.jar:?]
	at test.java.AmazonTest.takeScreenshot(AmazonTest.java:134) ~[test-classes/:?]
	at test.java.AmazonTest.verifyProductNavigation(AmazonTest.java:104) ~[test-classes/:?]
	at jdk.internal.reflect.DirectMethodHandleAccessor.invoke(DirectMethodHandleAccessor.java:103) ~[?:?]
	at java.lang.reflect.Method.invoke(Method.java:580) ~[?:?]
	at org.testng.internal.invokers.MethodInvocationHelper.invokeMethod(MethodInvocationHelper.java:139) ~[testng-7.8.0.jar:7.8.0]
	at org.testng.internal.invokers.TestInvoker.invokeMethod(TestInvoker.java:664) ~[testng-7.8.0.jar:7.8.0]
	at org.testng.internal.invokers.TestInvoker.invokeTestMethod(TestInvoker.java:227) ~[testng-7.8.0.jar:7.8.0]
	at org.testng.internal.invokers.MethodRunner.runInSequence(MethodRunner.java:50) ~[testng-7.8.0.jar:7.8.0]
	at org.testng.internal.invokers.TestInvoker$MethodInvocationAgent.invoke(TestInvoker.java:957) ~[testng-7.8.0.jar:7.8.0]
	at org.testng.internal.invokers.TestInvoker.invokeTestMethods(TestInvoker.java:200) ~[testng-7.8.0.jar:7.8.0]
	at org.testng.internal.invokers.TestMethodWorker.invokeTestMethods(TestMethodWorker.java:148) ~[testng-7.8.0.jar:7.8.0]
	at org.testng.internal.invokers.TestMethodWorker.run(TestMethodWorker.java:128) ~[testng-7.8.0.jar:7.8.0]
	at java.util.ArrayList.forEach(ArrayList.java:1596) [?:?]
	at org.testng.TestRunner.privateRun(TestRunner.java:848) [testng-7.8.0.jar:7.8.0]
	at org.testng.TestRunner.run(TestRunner.java:621) [testng-7.8.0.jar:7.8.0]
	at org.testng.SuiteRunner.runTest(SuiteRunner.java:443) [testng-7.8.0.jar:7.8.0]
	at org.testng.SuiteRunner.runSequentially(SuiteRunner.java:437) [testng-7.8.0.jar:7.8.0]
	at org.testng.SuiteRunner.privateRun(SuiteRunner.java:397) [testng-7.8.0.jar:7.8.0]
	at org.testng.SuiteRunner.run(SuiteRunner.java:336) [testng-7.8.0.jar:7.8.0]
	at org.testng.SuiteRunnerWorker.runSuite(SuiteRunnerWorker.java:52) [testng-7.8.0.jar:7.8.0]
	at org.testng.SuiteRunnerWorker.run(SuiteRunnerWorker.java:95) [testng-7.8.0.jar:7.8.0]
	at org.testng.TestNG.runSuitesSequentially(TestNG.java:1280) [testng-7.8.0.jar:7.8.0]
	at org.testng.TestNG.runSuitesLocally(TestNG.java:1200) [testng-7.8.0.jar:7.8.0]
	at org.testng.TestNG.runSuites(TestNG.java:1114) [testng-7.8.0.jar:7.8.0]
	at org.testng.TestNG.run(TestNG.java:1082) [testng-7.8.0.jar:7.8.0]
	at com.microsoft.java.test.runner.testng.TestNGRunner.run(TestNGRunner.java:45) [com.microsoft.java.test.runner-jar-with-dependencies.jar:?]
	at com.microsoft.java.test.runner.testng.TestNGLauncher.execute(TestNGLauncher.java:32) [com.microsoft.java.test.runner-jar-with-dependencies.jar:?]
	at com.microsoft.java.test.runner.Launcher.main(Launcher.java:57) [com.microsoft.java.test.runner-jar-with-dependencies.jar:?]
2025-01-25 15:38:32 [main] ERROR test.java.AmazonTest - Failed to take screenshot for step: FirstProductPageLoaded
java.io.FileNotFoundException: /screenshots/FirstProductPageLoaded.png (No such file or directory)
	at java.io.FileOutputStream.open0(Native Method) ~[?:?]
	at java.io.FileOutputStream.open(FileOutputStream.java:289) ~[?:?]
	at java.io.FileOutputStream.<init>(FileOutputStream.java:230) ~[?:?]
	at java.io.FileOutputStream.<init>(FileOutputStream.java:179) ~[?:?]
	at org.openqa.selenium.io.FileHandler.copyFile(FileHandler.java:131) ~[selenium-os-4.12.0.jar:?]
	at org.openqa.selenium.io.FileHandler.copy(FileHandler.java:110) ~[selenium-os-4.12.0.jar:?]
	at test.java.AmazonTest.takeScreenshot(AmazonTest.java:134) ~[test-classes/:?]
	at test.java.AmazonTest.verifyProductNavigation(AmazonTest.java:107) ~[test-classes/:?]
	at jdk.internal.reflect.DirectMethodHandleAccessor.invoke(DirectMethodHandleAccessor.java:103) ~[?:?]
	at java.lang.reflect.Method.invoke(Method.java:580) ~[?:?]
	at org.testng.internal.invokers.MethodInvocationHelper.invokeMethod(MethodInvocationHelper.java:139) ~[testng-7.8.0.jar:7.8.0]
	at org.testng.internal.invokers.TestInvoker.invokeMethod(TestInvoker.java:664) ~[testng-7.8.0.jar:7.8.0]
	at org.testng.internal.invokers.TestInvoker.invokeTestMethod(TestInvoker.java:227) ~[testng-7.8.0.jar:7.8.0]
	at org.testng.internal.invokers.MethodRunner.runInSequence(MethodRunner.java:50) ~[testng-7.8.0.jar:7.8.0]
	at org.testng.internal.invokers.TestInvoker$MethodInvocationAgent.invoke(TestInvoker.java:957) ~[testng-7.8.0.jar:7.8.0]
	at org.testng.internal.invokers.TestInvoker.invokeTestMethods(TestInvoker.java:200) ~[testng-7.8.0.jar:7.8.0]
	at org.testng.internal.invokers.TestMethodWorker.invokeTestMethods(TestMethodWorker.java:148) ~[testng-7.8.0.jar:7.8.0]
	at org.testng.internal.invokers.TestMethodWorker.run(TestMethodWorker.java:128) ~[testng-7.8.0.jar:7.8.0]
	at java.util.ArrayList.forEach(ArrayList.java:1596) [?:?]
	at org.testng.TestRunner.privateRun(TestRunner.java:848) [testng-7.8.0.jar:7.8.0]
	at org.testng.TestRunner.run(TestRunner.java:621) [testng-7.8.0.jar:7.8.0]
	at org.testng.SuiteRunner.runTest(SuiteRunner.java:443) [testng-7.8.0.jar:7.8.0]
	at org.testng.SuiteRunner.runSequentially(SuiteRunner.java:437) [testng-7.8.0.jar:7.8.0]
	at org.testng.SuiteRunner.privateRun(SuiteRunner.java:397) [testng-7.8.0.jar:7.8.0]
	at org.testng.SuiteRunner.run(SuiteRunner.java:336) [testng-7.8.0.jar:7.8.0]
	at org.testng.SuiteRunnerWorker.runSuite(SuiteRunnerWorker.java:52) [testng-7.8.0.jar:7.8.0]
	at org.testng.SuiteRunnerWorker.run(SuiteRunnerWorker.java:95) [testng-7.8.0.jar:7.8.0]
	at org.testng.TestNG.runSuitesSequentially(TestNG.java:1280) [testng-7.8.0.jar:7.8.0]
	at org.testng.TestNG.runSuitesLocally(TestNG.java:1200) [testng-7.8.0.jar:7.8.0]
	at org.testng.TestNG.runSuites(TestNG.java:1114) [testng-7.8.0.jar:7.8.0]
	at org.testng.TestNG.run(TestNG.java:1082) [testng-7.8.0.jar:7.8.0]
	at com.microsoft.java.test.runner.testng.TestNGRunner.run(TestNGRunner.java:45) [com.microsoft.java.test.runner-jar-with-dependencies.jar:?]
	at com.microsoft.java.test.runner.testng.TestNGLauncher.execute(TestNGLauncher.java:32) [com.microsoft.java.test.runner-jar-with-dependencies.jar:?]
	at com.microsoft.java.test.runner.Launcher.main(Launcher.java:57) [com.microsoft.java.test.runner-jar-with-dependencies.jar:?]
2025-01-25 15:38:32 [main] INFO  test.java.AmazonTest - Verifying product page title
2025-01-25 15:38:32 [main] ERROR test.java.AmazonTest - Failed to take screenshot for step: ProductPageTitleVerified
java.io.FileNotFoundException: /screenshots/ProductPageTitleVerified.png (No such file or directory)
	at java.io.FileOutputStream.open0(Native Method) ~[?:?]
	at java.io.FileOutputStream.open(FileOutputStream.java:289) ~[?:?]
	at java.io.FileOutputStream.<init>(FileOutputStream.java:230) ~[?:?]
	at java.io.FileOutputStream.<init>(FileOutputStream.java:179) ~[?:?]
	at org.openqa.selenium.io.FileHandler.copyFile(FileHandler.java:131) ~[selenium-os-4.12.0.jar:?]
	at org.openqa.selenium.io.FileHandler.copy(FileHandler.java:110) ~[selenium-os-4.12.0.jar:?]
	at test.java.AmazonTest.takeScreenshot(AmazonTest.java:134) ~[test-classes/:?]
	at test.java.AmazonTest.verifyProductNavigation(AmazonTest.java:113) ~[test-classes/:?]
	at jdk.internal.reflect.DirectMethodHandleAccessor.invoke(DirectMethodHandleAccessor.java:103) ~[?:?]
	at java.lang.reflect.Method.invoke(Method.java:580) ~[?:?]
	at org.testng.internal.invokers.MethodInvocationHelper.invokeMethod(MethodInvocationHelper.java:139) ~[testng-7.8.0.jar:7.8.0]
	at org.testng.internal.invokers.TestInvoker.invokeMethod(TestInvoker.java:664) ~[testng-7.8.0.jar:7.8.0]
	at org.testng.internal.invokers.TestInvoker.invokeTestMethod(TestInvoker.java:227) ~[testng-7.8.0.jar:7.8.0]
	at org.testng.internal.invokers.MethodRunner.runInSequence(MethodRunner.java:50) ~[testng-7.8.0.jar:7.8.0]
	at org.testng.internal.invokers.TestInvoker$MethodInvocationAgent.invoke(TestInvoker.java:957) ~[testng-7.8.0.jar:7.8.0]
	at org.testng.internal.invokers.TestInvoker.invokeTestMethods(TestInvoker.java:200) ~[testng-7.8.0.jar:7.8.0]
	at org.testng.internal.invokers.TestMethodWorker.invokeTestMethods(TestMethodWorker.java:148) ~[testng-7.8.0.jar:7.8.0]
	at org.testng.internal.invokers.TestMethodWorker.run(TestMethodWorker.java:128) ~[testng-7.8.0.jar:7.8.0]
	at java.util.ArrayList.forEach(ArrayList.java:1596) [?:?]
	at org.testng.TestRunner.privateRun(TestRunner.java:848) [testng-7.8.0.jar:7.8.0]
	at org.testng.TestRunner.run(TestRunner.java:621) [testng-7.8.0.jar:7.8.0]
	at org.testng.SuiteRunner.runTest(SuiteRunner.java:443) [testng-7.8.0.jar:7.8.0]
	at org.testng.SuiteRunner.runSequentially(SuiteRunner.java:437) [testng-7.8.0.jar:7.8.0]
	at org.testng.SuiteRunner.privateRun(SuiteRunner.java:397) [testng-7.8.0.jar:7.8.0]
	at org.testng.SuiteRunner.run(SuiteRunner.java:336) [testng-7.8.0.jar:7.8.0]
	at org.testng.SuiteRunnerWorker.runSuite(SuiteRunnerWorker.java:52) [testng-7.8.0.jar:7.8.0]
	at org.testng.SuiteRunnerWorker.run(SuiteRunnerWorker.java:95) [testng-7.8.0.jar:7.8.0]
	at org.testng.TestNG.runSuitesSequentially(TestNG.java:1280) [testng-7.8.0.jar:7.8.0]
	at org.testng.TestNG.runSuitesLocally(TestNG.java:1200) [testng-7.8.0.jar:7.8.0]
	at org.testng.TestNG.runSuites(TestNG.java:1114) [testng-7.8.0.jar:7.8.0]
	at org.testng.TestNG.run(TestNG.java:1082) [testng-7.8.0.jar:7.8.0]
	at com.microsoft.java.test.runner.testng.TestNGRunner.run(TestNGRunner.java:45) [com.microsoft.java.test.runner-jar-with-dependencies.jar:?]
	at com.microsoft.java.test.runner.testng.TestNGLauncher.execute(TestNGLauncher.java:32) [com.microsoft.java.test.runner-jar-with-dependencies.jar:?]
	at com.microsoft.java.test.runner.Launcher.main(Launcher.java:57) [com.microsoft.java.test.runner-jar-with-dependencies.jar:?]
2025-01-25 15:38:32 [main] INFO  test.java.AmazonTest - Closing WebDriver and finalizing Extent Reports
2025-01-25 15:39:19 [main] INFO  test.java.AmazonTest - Setting up WebDriver and Extent Reports
2025-01-25 15:39:21 [main] INFO  test.java.AmazonTest - Navigating to Amazon website
2025-01-25 15:39:24 [main] INFO  test.java.AmazonTest - Verifying homepage title
2025-01-25 15:39:24 [main] INFO  test.java.AmazonTest - Searching for 'laptop'
2025-01-25 15:39:27 [main] INFO  test.java.AmazonTest - Verifying search results
2025-01-25 15:39:28 [main] INFO  test.java.AmazonTest - Applying filter for 'HP' brand
2025-01-25 15:39:30 [main] INFO  test.java.AmazonTest - Verifying filtered results contain 'HP'
2025-01-25 15:39:30 [main] INFO  test.java.AmazonTest - Clicking on the first product
2025-01-25 15:39:35 [main] INFO  test.java.AmazonTest - Verifying product page title
2025-01-25 15:39:35 [main] INFO  test.java.AmazonTest - Closing WebDriver and finalizing Extent Reports
